Unity Editor version:    2022.1.22f1 (6b6e9fc2adda)
Branch:                  2022.1/staging
Build type:              Release
Batch mode:              YES
macOS version:           Version 13.3.1 (Build 22E261)
Darwin version:          22.4.0
Architecture:            arm64
Running under Rosetta:   NO
Available memory:        32768 MB
Using pre-set license
Pro License: YES

COMMAND LINE ARGUMENTS:
/Applications/Unity/Hub/Editor/2022.1.22f1/Unity.app/Contents/MacOS/Unity
-adb2
-batchMode
-noUpm
-name
AssetImportWorker6
-projectPath
/Users/vivian/Documents/GitHub/smudge-vr-2
-logFile
Logs/AssetImportWorker6.log
-srvPort
52154
Successfully changed project path to: /Users/vivian/Documents/GitHub/smudge-vr-2
/Users/vivian/Documents/GitHub/smudge-vr-2
[UnityMemory] Configuration Parameters - Can be set up in boot.config
    "memorysetup-bucket-allocator-granularity=16"
    "memorysetup-bucket-allocator-bucket-count=8"
    "memorysetup-bucket-allocator-block-size=33554432"
    "memorysetup-bucket-allocator-block-count=8"
    "memorysetup-main-allocator-block-size=16777216"
    "memorysetup-thread-allocator-block-size=16777216"
    "memorysetup-gfx-main-allocator-block-size=16777216"
    "memorysetup-gfx-thread-allocator-block-size=16777216"
    "memorysetup-cache-allocator-block-size=4194304"
    "memorysetup-typetree-allocator-block-size=2097152"
    "memorysetup-profiler-bucket-allocator-granularity=16"
    "memorysetup-profiler-bucket-allocator-bucket-count=8"
    "memorysetup-profiler-bucket-allocator-block-size=33554432"
    "memorysetup-profiler-bucket-allocator-block-count=8"
    "memorysetup-profiler-allocator-block-size=16777216"
    "memorysetup-profiler-editor-allocator-block-size=1048576"
    "memorysetup-temp-allocator-size-main=16777216"
    "memorysetup-job-temp-allocator-block-size=2097152"
    "memorysetup-job-temp-allocator-block-size-background=1048576"
    "memorysetup-job-temp-allocator-reduction-small-platforms=262144"
    "memorysetup-temp-allocator-size-background-worker=32768"
    "memorysetup-temp-allocator-size-job-worker=262144"
    "memorysetup-temp-allocator-size-preload-manager=33554432"
    "memorysetup-temp-allocator-size-nav-mesh-worker=65536"
    "memorysetup-temp-allocator-size-audio-worker=65536"
    "memorysetup-temp-allocator-size-cloud-worker=32768"
    "memorysetup-temp-allocator-size-gi-baking-worker=262144"
    "memorysetup-temp-allocator-size-gfx=262144"
Refreshing native plugins compatible for Editor in 179.54 ms, found 5 plugins.
Preloading 1 native plugins for Editor in 6.26 ms.
Initialize engine version: 2022.1.22f1 (6b6e9fc2adda)
[Subsystems] Discovering subsystems at path /Applications/Unity/Hub/Editor/2022.1.22f1/Unity.app/Contents/Resources/UnitySubsystems
[Subsystems] Discovering subsystems at path /Users/vivian/Documents/GitHub/smudge-vr-2/Assets
GfxDevice: creating device client; threaded=0; jobified=0
 preferred device: Apple M1 Max (high power)
Metal devices available: 1
0: Apple M1 Max (high power)
Using device Apple M1 Max (high power)
Initializing Metal device caps: Apple M1 Max
Shader 'Oculus/OVRMRCameraFrameLit': fallback shader 'Alpha-Diffuse' not found
Initialize mono
Mono path[0] = '/Applications/Unity/Hub/Editor/2022.1.22f1/Unity.app/Contents/Managed'
Mono path[1] = '/Applications/Unity/Hub/Editor/2022.1.22f1/Unity.app/Contents/MonoBleedingEdge/lib/mono/unityjit-macos'
Mono config path = '/Applications/Unity/Hub/Editor/2022.1.22f1/Unity.app/Contents/MonoBleedingEdge/etc'
Using monoOptions --debugger-agent=transport=dt_socket,embedding=1,server=y,suspend=n,address=127.0.0.1:56877
Begin MonoManager ReloadAssembly
Registering precompiled unity dll's ...
Register platform support module: /Applications/Unity/Hub/Editor/2022.1.22f1/Unity.app/Contents/PlaybackEngines/MacStandaloneSupport/UnityEditor.OSXStandalone.Extensions.dll
Register platform support module: /Applications/Unity/Hub/Editor/2022.1.22f1/PlaybackEngines/AndroidPlayer/UnityEditor.Android.Extensions.dll
Register platform support module: /Applications/Unity/Hub/Editor/2022.1.22f1/PlaybackEngines/iOSSupport/UnityEditor.iOS.Extensions.dll
Registered in 0.000784 seconds.
[usbmuxd] Start listen thread
[usbmuxd] Listen thread started
[usbmuxd] Send listen message
Native extension for iOS target not found
Native extension for Android target not found
Native extension for OSXStandalone target not found
Refreshing native plugins compatible for Editor in 144.88 ms, found 5 plugins.
Preloading 1 native plugins for Editor in 0.40 ms.
Mono: successfully reloaded assembly
- Completed reload, in  0.889 seconds
Domain Reload Profiling:
	ReloadAssembly (889ms)
		BeginReloadAssembly (59ms)
			ExecutionOrderSort (0ms)
			DisableScriptedObjects (0ms)
			BackupInstance (0ms)
			ReleaseScriptingObjects (0ms)
			CreateAndSetChildDomain (0ms)
		EndReloadAssembly (747ms)
			LoadAssemblies (59ms)
			RebuildTransferFunctionScriptingTraits (0ms)
			SetupTypeCache (98ms)
				TypeCache.Initialize (98ms)
					TypeCache.ScanAssembly (97ms)
				ResolveRequiredComponents (0ms)
			ReleaseScriptCaches (0ms)
			RebuildScriptCaches (29ms)
			SetupLoadedEditorAssemblies (586ms)
				LogAssemblyErrors (0ms)
				InitializePlatformSupportModulesInManaged (347ms)
				SetLoadedEditorAssemblies (5ms)
				RefreshPlugins (145ms)
				BeforeProcessingInitializeOnLoad (1ms)
				ProcessInitializeOnLoadAttributes (62ms)
				ProcessInitializeOnLoadMethodAttributes (25ms)
				AfterProcessingInitializeOnLoad (0ms)
				EditorAssembliesLoaded (0ms)
			ExecutionOrderSort2 (0ms)
			AwakeInstancesAfterBackupRestoration (0ms)
Platform modules already initialized, skipping
Registering precompiled user dll's ...
Registered in 0.004763 seconds.
Begin MonoManager ReloadAssembly
Symbol file LoadedFromMemory doesn't match image /Users/vivian/Documents/GitHub/smudge-vr-2/Library/PackageCache/com.unity.visualscripting@1.7.8/Editor/VisualScripting.Core/Dependencies/DotNetZip/Unity.VisualScripting.IonicZip.dll
Symbol file LoadedFromMemory doesn't match image /Users/vivian/Documents/GitHub/smudge-vr-2/Library/PackageCache/com.unity.visualscripting@1.7.8/Editor/VisualScripting.Core/Dependencies/YamlDotNet/Unity.VisualScripting.YamlDotNet.dll
Native extension for iOS target not found
Native extension for Android target not found
Native extension for OSXStandalone target not found
Refreshing native plugins compatible for Editor in 147.71 ms, found 5 plugins.
Preloading 1 native plugins for Editor in 0.44 ms.
Package Manager log level set to [2]
[Package Manager] Server::EnsureServerProcessIsRunning -- launch failed, reason: Unity was launched with the -noUpm command-line argument
[Package Manager] UpmClient::Send -- Unable to send message (not connected to UPM process).
[Package Manager] Cannot connect to Unity Package Manager local server
[Package Manager] Server::EnsureServerProcessIsRunning -- launch failed, reason: Unity was launched with the -noUpm command-line argument
[Package Manager] UpmClient::Send -- Unable to send message (not connected to UPM process).
[Package Manager] Cannot connect to Unity Package Manager local server
Mono: successfully reloaded assembly
[Package Manager] Server::EnsureServerProcessIsRunning -- launch failed, reason: Unity was launched with the -noUpm command-line argument
[Package Manager] UpmClient::Send -- Unable to send message (not connected to UPM process).
[Package Manager] Cannot connect to Unity Package Manager local server
[Package Manager] Server::EnsureServerProcessIsRunning -- launch failed, reason: Unity was launched with the -noUpm command-line argument
[Package Manager] UpmClient::Send -- Unable to send message (not connected to UPM process).
[Package Manager] Cannot connect to Unity Package Manager local server
- Completed reload, in  1.439 seconds
Domain Reload Profiling:
	ReloadAssembly (1440ms)
		BeginReloadAssembly (167ms)
			ExecutionOrderSort (0ms)
			DisableScriptedObjects (3ms)
			BackupInstance (0ms)
			ReleaseScriptingObjects (0ms)
			CreateAndSetChildDomain (120ms)
		EndReloadAssembly (1186ms)
			LoadAssemblies (41ms)
			RebuildTransferFunctionScriptingTraits (0ms)
			SetupTypeCache (293ms)
				TypeCache.Initialize (275ms)
					TypeCache.ScanAssembly (272ms)
				ResolveRequiredComponents (17ms)
			ReleaseScriptCaches (8ms)
			RebuildScriptCaches (88ms)
			SetupLoadedEditorAssemblies (653ms)
				LogAssemblyErrors (0ms)
				InitializePlatformSupportModulesInManaged (14ms)
				SetLoadedEditorAssemblies (6ms)
				RefreshPlugins (148ms)
				BeforeProcessingInitializeOnLoad (102ms)
				ProcessInitializeOnLoadAttributes (318ms)
				ProcessInitializeOnLoadMethodAttributes (65ms)
				AfterProcessingInitializeOnLoad (1ms)
				EditorAssembliesLoaded (0ms)
			ExecutionOrderSort2 (0ms)
			AwakeInstancesAfterBackupRestoration (2ms)
Platform modules already initialized, skipping
========================================================================
Worker process is ready to serve import requests
Shader 'Oculus/OVRMRCameraFrameLit': fallback shader 'Alpha-Diffuse' not found
Launching external process: /Applications/Unity/Hub/Editor/2022.1.22f1/Unity.app/Contents/Tools/UnityShaderCompiler
Launched and connected shader compiler UnityShaderCompiler after 0.05 seconds
Refreshing native plugins compatible for Editor in 1.24 ms, found 5 plugins.
Preloading 1 native plugins for Editor in 0.44 ms.
Unloading 7826 Unused Serialized files (Serialized files now loaded: 0)
Unloading 120 unused Assets / (4.4 MB). Loaded Objects now: 8262.
Memory consumption went from 1.19 GB to 1.19 GB.
Total: 3.988958 ms (FindLiveObjects: 0.281000 ms CreateObjectMapping: 0.100833 ms MarkObjects: 2.984792 ms  DeleteObjects: 0.621583 ms)

AssetImportParameters requested are different than current active one (requested -> active):
  custom:video-decoder-ogg-theora: a1e56fd34408186e4bbccfd4996cb3dc -> 
  custom:container-muxer-webm: aa71ff27fc2769a1b78a27578f13a17b -> 
  custom:container-demuxer-webm: 4f35f7cbe854078d1ac9338744f61a02 -> 
  custom:video-encoder-webm-vp8: eb34c28f22e8b96e1ab97ce403110664 -> 
  custom:framework-osx-AVFoundation: e770b220cccbd017edd2c1fefb359320 -> 
  custom:audio-encoder-webm-vorbis: bf7c407c2cedff20999df2af8eb42d56 -> 
  custom:container-demuxer-ogg: 62fdf1f143b41e24485cea50d1cbac27 -> 
  custom:video-decoder-webm-vp8: 9c59270c3fd7afecdb556c50c9e8de78 -> 
  custom:audio-decoder-ogg-vorbis: bf7c407c2cedff20999df2af8eb42d56 -> 
========================================================================
Received Import Request.
  Time since last request: 3184975.767212 seconds.
  path: Assets/Models/vegetables/Ambient-Occlusion/Materials/Aubergine_lod2-Vegetables2.mat
  artifactKey: Guid(d221474fe67b9fc4483914d8879d18df) Importer(815301076,1909f56bfc062723c751e8b465ee728b)
Start importing Assets/Models/vegetables/Ambient-Occlusion/Materials/Aubergine_lod2-Vegetables2.mat using Guid(d221474fe67b9fc4483914d8879d18df) Importer(815301076,1909f56bfc062723c751e8b465ee728b)  -> (artifact id: '9c1061bb6e92cc63c5b7324df61ee41a') in 0.186825 seconds 
========================================================================
Received Import Request.
  Time since last request: 5.787346 seconds.
  path: Assets/Oculus/SampleFramework/Usage/HandsTrainExample/Materials/BackgroundMaterial.mat
  artifactKey: Guid(e95c781da52e2d14fb2fba44d7476164) Importer(815301076,1909f56bfc062723c751e8b465ee728b)
Start importing Assets/Oculus/SampleFramework/Usage/HandsTrainExample/Materials/BackgroundMaterial.mat using Guid(e95c781da52e2d14fb2fba44d7476164) Importer(815301076,1909f56bfc062723c751e8b465ee728b)  -> (artifact id: 'bf86fa68505f8cd9520238dc248d37c3') in 0.076839 seconds 
========================================================================
Received Import Request.
  Time since last request: 0.000068 seconds.
  path: Assets/Environment/Water_FX_Collection/Bathroom_Shower/FBX/Materials/Bathroom_Tile_mtl.mat
  artifactKey: Guid(d04c6e0c16f8776498af7683face6f4b) Importer(815301076,1909f56bfc062723c751e8b465ee728b)
Start importing Assets/Environment/Water_FX_Collection/Bathroom_Shower/FBX/Materials/Bathroom_Tile_mtl.mat using Guid(d04c6e0c16f8776498af7683face6f4b) Importer(815301076,1909f56bfc062723c751e8b465ee728b)  -> (artifact id: 'b4c64a11c1f01790740073d95d25a482') in 0.545386 seconds 
========================================================================
Received Import Request.
  Time since last request: 0.000073 seconds.
  path: Assets/EffectExamples/Blood/Materials/BloodPoolParticle.mat
  artifactKey: Guid(95be4df36eca6eb4b821dcab4acd4a1e) Importer(815301076,1909f56bfc062723c751e8b465ee728b)
Start importing Assets/EffectExamples/Blood/Materials/BloodPoolParticle.mat using Guid(95be4df36eca6eb4b821dcab4acd4a1e) Importer(815301076,1909f56bfc062723c751e8b465ee728b)  -> (artifact id: '24c622ad28b5c4a8fb4d0a8f2f0e2b21') in 0.196322 seconds 
========================================================================
Received Import Request.
  Time since last request: 0.896491 seconds.
  path: Assets/EffectExamples/Blood/Materials/BloodStreamParticle.mat
  artifactKey: Guid(fb0a006be807eac48a87ffa79b3330a5) Importer(815301076,1909f56bfc062723c751e8b465ee728b)
Start importing Assets/EffectExamples/Blood/Materials/BloodStreamParticle.mat using Guid(fb0a006be807eac48a87ffa79b3330a5) Importer(815301076,1909f56bfc062723c751e8b465ee728b)  -> (artifact id: '30bbebdd06d29b3757400219cbc2f6f9') in 0.020259 seconds 
========================================================================
Received Import Request.
  Time since last request: 0.000063 seconds.
  path: Assets/Oculus/SampleFramework/Usage/SpatialAnchor/Materials/Blue.mat
  artifactKey: Guid(1b68ffca77c4c6344af03830dbeca2ca) Importer(815301076,1909f56bfc062723c751e8b465ee728b)
Start importing Assets/Oculus/SampleFramework/Usage/SpatialAnchor/Materials/Blue.mat using Guid(1b68ffca77c4c6344af03830dbeca2ca) Importer(815301076,1909f56bfc062723c751e8b465ee728b)  -> (artifact id: '2d1fc17a0959dcb00eca9dd1a4dbf52d') in 0.017243 seconds 
========================================================================
Received Import Request.
  Time since last request: 0.000116 seconds.
  path: Assets/Oculus/SampleFramework/Usage/Passthrough/Materials/Blue.mat
  artifactKey: Guid(a86f23e51babc544a8f3e240ffe9b263) Importer(815301076,1909f56bfc062723c751e8b465ee728b)
Start importing Assets/Oculus/SampleFramework/Usage/Passthrough/Materials/Blue.mat using Guid(a86f23e51babc544a8f3e240ffe9b263) Importer(815301076,1909f56bfc062723c751e8b465ee728b)  -> (artifact id: '654eef167859cd53e92dcf4b1f012cb4') in 0.013397 seconds 
========================================================================
Received Import Request.
  Time since last request: 0.000108 seconds.
  path: Assets/Oculus/SampleFramework/Usage/SceneManager/Materials/Blue.mat
  artifactKey: Guid(f0e40fc865770de4cb1577c051163a9d) Importer(815301076,1909f56bfc062723c751e8b465ee728b)
Start importing Assets/Oculus/SampleFramework/Usage/SceneManager/Materials/Blue.mat using Guid(f0e40fc865770de4cb1577c051163a9d) Importer(815301076,1909f56bfc062723c751e8b465ee728b)  -> (artifact id: '93286cdd964b3560bde6a3c954d4912f') in 0.048155 seconds 
========================================================================
Received Import Request.
  Time since last request: 0.000071 seconds.
  path: Assets/Environment/Water_FX_Collection/Fire_Hose/FBX/Materials/borders_1_c.mat
  artifactKey: Guid(7b196eab7fbc6b9499b4e482f36003bb) Importer(815301076,1909f56bfc062723c751e8b465ee728b)
Start importing Assets/Environment/Water_FX_Collection/Fire_Hose/FBX/Materials/borders_1_c.mat using Guid(7b196eab7fbc6b9499b4e482f36003bb) Importer(815301076,1909f56bfc062723c751e8b465ee728b)  -> (artifact id: 'd9600ba1d13ff29abe702ab06275f975') in 0.007540 seconds 
========================================================================
Received Import Request.
  Time since last request: 0.000057 seconds.
  path: Assets/EffectExamples/WeaponEffects/Materials/BulletDecalWood.mat
  artifactKey: Guid(39babc0a61c17df41bca722640cfc289) Importer(815301076,1909f56bfc062723c751e8b465ee728b)
Start importing Assets/EffectExamples/WeaponEffects/Materials/BulletDecalWood.mat using Guid(39babc0a61c17df41bca722640cfc289) Importer(815301076,1909f56bfc062723c751e8b465ee728b)  -> (artifact id: 'e957750ac833a69b3db0d10d6f47613a') in 0.369151 seconds 
========================================================================
Received Import Request.
  Time since last request: 0.009349 seconds.
  path: Assets/Models/vegetables/Ambient-Occlusion/Materials/Carrots_lod2-Vegetables.mat
  artifactKey: Guid(b07a0499c080c76428b0fbeeea3acb85) Importer(815301076,1909f56bfc062723c751e8b465ee728b)
Start importing Assets/Models/vegetables/Ambient-Occlusion/Materials/Carrots_lod2-Vegetables.mat using Guid(b07a0499c080c76428b0fbeeea3acb85) Importer(815301076,1909f56bfc062723c751e8b465ee728b)  -> (artifact id: 'b800218afb67476216d3a7fb022ce4d4') in 0.006563 seconds 
========================================================================
Received Import Request.
  Time since last request: 0.014912 seconds.
  path: Assets/Environment/Water_FX_Collection/Fire_Hose/FBX/Materials/border_large2_c.mat
  artifactKey: Guid(40c94912c74409246a14fe37fb2df17f) Importer(815301076,1909f56bfc062723c751e8b465ee728b)
Start importing Assets/Environment/Water_FX_Collection/Fire_Hose/FBX/Materials/border_large2_c.mat using Guid(40c94912c74409246a14fe37fb2df17f) Importer(815301076,1909f56bfc062723c751e8b465ee728b)  -> (artifact id: '5f195d8588215adf4e10e27caf2a1263') in 0.006834 seconds 
========================================================================
Received Import Request.
  Time since last request: 0.019525 seconds.
  path: Assets/Environment/Water_FX_Collection/Fire_Hose/FBX/Materials/ceiling_decoration1_c.mat
  artifactKey: Guid(2cf45a0070ff74249b6ae1b29452f28a) Importer(815301076,1909f56bfc062723c751e8b465ee728b)
Start importing Assets/Environment/Water_FX_Collection/Fire_Hose/FBX/Materials/ceiling_decoration1_c.mat using Guid(2cf45a0070ff74249b6ae1b29452f28a) Importer(815301076,1909f56bfc062723c751e8b465ee728b)  -> (artifact id: '9580e56f92a14315bd91bbb9880bc914') in 0.006892 seconds 
========================================================================
Received Import Request.
  Time since last request: 0.026250 seconds.
  path: Assets/Environment/AllSkyFree/Cartoon Base NightSky/Cartoon Base NightSky.mat
  artifactKey: Guid(aa78c8d403a8547fe86d1f74239e6b03) Importer(815301076,1909f56bfc062723c751e8b465ee728b)
Start importing Assets/Environment/AllSkyFree/Cartoon Base NightSky/Cartoon Base NightSky.mat using Guid(aa78c8d403a8547fe86d1f74239e6b03) Importer(815301076,1909f56bfc062723c751e8b465ee728b)  -> (artifact id: '184747b99c5270450ca9ceda819f4b45') in 0.188147 seconds 
========================================================================
Received Import Request.
  Time since last request: 0.000052 seconds.
  path: Assets/Environment/Water_FX_Collection/Propeller_Wake_FX/FBX/Materials/Bubble_Particles_mtl.mat
  artifactKey: Guid(d2e46b640b3efee45b84758213e0fea3) Importer(815301076,1909f56bfc062723c751e8b465ee728b)
Start importing Assets/Environment/Water_FX_Collection/Propeller_Wake_FX/FBX/Materials/Bubble_Particles_mtl.mat using Guid(d2e46b640b3efee45b84758213e0fea3) Importer(815301076,1909f56bfc062723c751e8b465ee728b)  -> (artifact id: 'efa954e43202be232e05c5ed5b1268c3') in 0.007679 seconds 
========================================================================
Received Import Request.
  Time since last request: 0.000063 seconds.
  path: Assets/Oculus/Interaction/Samples/Objects/Props/WaterParticles/BubblePopParticle.fbx
  artifactKey: Guid(72c78ce3c437b6146a8939d3c0881f50) Importer(815301076,1909f56bfc062723c751e8b465ee728b)
Start importing Assets/Oculus/Interaction/Samples/Objects/Props/WaterParticles/BubblePopParticle.fbx using Guid(72c78ce3c437b6146a8939d3c0881f50) Importer(815301076,1909f56bfc062723c751e8b465ee728b)  -> (artifact id: '16d14e1bf8bb5b83f13c49f0511f04a2') in 0.068698 seconds 
========================================================================
Received Import Request.
  Time since last request: 0.000048 seconds.
  path: Assets/Environment/Water_FX_Collection/Fire_Hose/FBX/Materials/border_large1_c.mat
  artifactKey: Guid(b3b8a2e9444716142951bfa5ac2ecd44) Importer(815301076,1909f56bfc062723c751e8b465ee728b)
Start importing Assets/Environment/Water_FX_Collection/Fire_Hose/FBX/Materials/border_large1_c.mat using Guid(b3b8a2e9444716142951bfa5ac2ecd44) Importer(815301076,1909f56bfc062723c751e8b465ee728b)  -> (artifact id: '3f9decb8b8ccbe6dec4e50d95b5f6483') in 0.006451 seconds 
========================================================================
Received Import Request.
  Time since last request: 0.000080 seconds.
  path: Assets/EffectExamples/WeaponEffects/Materials/BulletDecalMetal.mat
  artifactKey: Guid(094e76e620df5714eb3946120657e1f6) Importer(815301076,1909f56bfc062723c751e8b465ee728b)
Start importing Assets/EffectExamples/WeaponEffects/Materials/BulletDecalMetal.mat using Guid(094e76e620df5714eb3946120657e1f6) Importer(815301076,1909f56bfc062723c751e8b465ee728b)  -> (artifact id: 'a89640cfb73a75e88f088765cc919617') in 0.280040 seconds 
Editor requested this worker to shutdown with reason: Scaling down because of idle timeout
AssetImportWorker is now disconnected from the server
Process exiting
