Unity Editor version:    2022.1.22f1 (6b6e9fc2adda)
Branch:                  2022.1/staging
Build type:              Release
Batch mode:              YES
macOS version:           Version 13.3.1 (Build 22E261)
Darwin version:          22.4.0
Architecture:            arm64
Running under Rosetta:   NO
Available memory:        32768 MB
Using pre-set license
Pro License: YES

COMMAND LINE ARGUMENTS:
/Applications/Unity/Hub/Editor/2022.1.22f1/Unity.app/Contents/MacOS/Unity
-adb2
-batchMode
-noUpm
-name
AssetImportWorker1
-projectPath
/Users/vivian/Documents/GitHub/smudge-vr-2
-logFile
Logs/AssetImportWorker1.log
-srvPort
61666
Successfully changed project path to: /Users/vivian/Documents/GitHub/smudge-vr-2
/Users/vivian/Documents/GitHub/smudge-vr-2
[UnityMemory] Configuration Parameters - Can be set up in boot.config
    "memorysetup-bucket-allocator-granularity=16"
    "memorysetup-bucket-allocator-bucket-count=8"
    "memorysetup-bucket-allocator-block-size=33554432"
    "memorysetup-bucket-allocator-block-count=8"
    "memorysetup-main-allocator-block-size=16777216"
    "memorysetup-thread-allocator-block-size=16777216"
    "memorysetup-gfx-main-allocator-block-size=16777216"
    "memorysetup-gfx-thread-allocator-block-size=16777216"
    "memorysetup-cache-allocator-block-size=4194304"
    "memorysetup-typetree-allocator-block-size=2097152"
    "memorysetup-profiler-bucket-allocator-granularity=16"
    "memorysetup-profiler-bucket-allocator-bucket-count=8"
    "memorysetup-profiler-bucket-allocator-block-size=33554432"
    "memorysetup-profiler-bucket-allocator-block-count=8"
    "memorysetup-profiler-allocator-block-size=16777216"
    "memorysetup-profiler-editor-allocator-block-size=1048576"
    "memorysetup-temp-allocator-size-main=16777216"
    "memorysetup-job-temp-allocator-block-size=2097152"
    "memorysetup-job-temp-allocator-block-size-background=1048576"
    "memorysetup-job-temp-allocator-reduction-small-platforms=262144"
    "memorysetup-temp-allocator-size-background-worker=32768"
    "memorysetup-temp-allocator-size-job-worker=262144"
    "memorysetup-temp-allocator-size-preload-manager=33554432"
    "memorysetup-temp-allocator-size-nav-mesh-worker=65536"
    "memorysetup-temp-allocator-size-audio-worker=65536"
    "memorysetup-temp-allocator-size-cloud-worker=32768"
    "memorysetup-temp-allocator-size-gi-baking-worker=262144"
    "memorysetup-temp-allocator-size-gfx=262144"
Refreshing native plugins compatible for Editor in 187.04 ms, found 5 plugins.
Preloading 1 native plugins for Editor in 4.72 ms.
Initialize engine version: 2022.1.22f1 (6b6e9fc2adda)
[Subsystems] Discovering subsystems at path /Applications/Unity/Hub/Editor/2022.1.22f1/Unity.app/Contents/Resources/UnitySubsystems
[Subsystems] Discovering subsystems at path /Users/vivian/Documents/GitHub/smudge-vr-2/Assets
GfxDevice: creating device client; threaded=0; jobified=0
 preferred device: Apple M1 Max (high power)
Metal devices available: 1
0: Apple M1 Max (high power)
Using device Apple M1 Max (high power)
Initializing Metal device caps: Apple M1 Max
Shader 'Oculus/OVRMRCameraFrameLit': fallback shader 'Alpha-Diffuse' not found
Initialize mono
Mono path[0] = '/Applications/Unity/Hub/Editor/2022.1.22f1/Unity.app/Contents/Managed'
Mono path[1] = '/Applications/Unity/Hub/Editor/2022.1.22f1/Unity.app/Contents/MonoBleedingEdge/lib/mono/unityjit-macos'
Mono config path = '/Applications/Unity/Hub/Editor/2022.1.22f1/Unity.app/Contents/MonoBleedingEdge/etc'
Using monoOptions --debugger-agent=transport=dt_socket,embedding=1,server=y,suspend=n,address=127.0.0.1:56036
Begin MonoManager ReloadAssembly
Registering precompiled unity dll's ...
Register platform support module: /Applications/Unity/Hub/Editor/2022.1.22f1/Unity.app/Contents/PlaybackEngines/MacStandaloneSupport/UnityEditor.OSXStandalone.Extensions.dll
Register platform support module: /Applications/Unity/Hub/Editor/2022.1.22f1/PlaybackEngines/AndroidPlayer/UnityEditor.Android.Extensions.dll
Register platform support module: /Applications/Unity/Hub/Editor/2022.1.22f1/PlaybackEngines/iOSSupport/UnityEditor.iOS.Extensions.dll
Registered in 0.005957 seconds.
[usbmuxd] Start listen thread
[usbmuxd] Listen thread started
[usbmuxd] Send listen message
Native extension for iOS target not found
Native extension for Android target not found
Native extension for OSXStandalone target not found
Refreshing native plugins compatible for Editor in 169.54 ms, found 5 plugins.
Preloading 1 native plugins for Editor in 0.47 ms.
Mono: successfully reloaded assembly
- Completed reload, in  0.654 seconds
Domain Reload Profiling:
	ReloadAssembly (655ms)
		BeginReloadAssembly (58ms)
			ExecutionOrderSort (0ms)
			DisableScriptedObjects (0ms)
			BackupInstance (0ms)
			ReleaseScriptingObjects (0ms)
			CreateAndSetChildDomain (0ms)
		EndReloadAssembly (516ms)
			LoadAssemblies (58ms)
			RebuildTransferFunctionScriptingTraits (0ms)
			SetupTypeCache (84ms)
				TypeCache.Initialize (84ms)
					TypeCache.ScanAssembly (83ms)
				ResolveRequiredComponents (0ms)
			ReleaseScriptCaches (0ms)
			RebuildScriptCaches (23ms)
			SetupLoadedEditorAssemblies (375ms)
				LogAssemblyErrors (0ms)
				InitializePlatformSupportModulesInManaged (108ms)
				SetLoadedEditorAssemblies (5ms)
				RefreshPlugins (170ms)
				BeforeProcessingInitializeOnLoad (1ms)
				ProcessInitializeOnLoadAttributes (65ms)
				ProcessInitializeOnLoadMethodAttributes (26ms)
				AfterProcessingInitializeOnLoad (0ms)
				EditorAssembliesLoaded (0ms)
			ExecutionOrderSort2 (0ms)
			AwakeInstancesAfterBackupRestoration (0ms)
Platform modules already initialized, skipping
Registering precompiled user dll's ...
Registered in 0.008499 seconds.
Unable to list connected devices. 
rosetta error: Attachment of code signature supplement failed: 1 
 /var/db/oah/7dd20abbc0f4eef66176976a1757c1346ebae690e6ef43fd40842e686bf971f7/54c51c97e8818f3f78558928e826bdd528f19b584c586bfb43403663eef5bdd7/adb.aot

UnityEditor.Android.CommandInvokationFailure: Unable to list connected devices. 
/Applications/Unity/Hub/Editor/2022.1.22f1/PlaybackEngines/AndroidPlayer/SDK/platform-tools/adb devices

stderr[
rosetta error: Attachment of code signature supplement failed: 1 
 /var/db/oah/7dd20abbc0f4eef66176976a1757c1346ebae690e6ef43fd40842e686bf971f7/54c51c97e8818f3f78558928e826bdd528f19b584c586bfb43403663eef5bdd7/adb.aot
]
stdout[

]
exit code: 134
  at UnityEditor.Android.Command.WaitForProgramToRun (UnityEditor.Utils.Program p, UnityEditor.Android.Command+WaitingForProcessToExit waitingForProcessToExit, System.String errorMsg) [0x00033] in <6162151c9ea2435da0e0af8ed61b48cb>:0 
  at UnityEditor.Android.Command.Run (System.Diagnostics.ProcessStartInfo psi, UnityEditor.Android.Command+WaitingForProcessToExit waitingForProcessToExit, System.String errorMsg) [0x0002d] in <6162151c9ea2435da0e0af8ed61b48cb>:0 
  at UnityEditor.Android.Command.Run (System.String command, System.String args, System.String workingdir, UnityEditor.Android.Command+WaitingForProcessToExit waitingForProcessToExit, System.String errorMsg) [0x0000a] in <6162151c9ea2435da0e0af8ed61b48cb>:0 
  at UnityEditor.Android.ADB.RunInternal (System.String[] command, UnityEditor.Android.Command+WaitingForProcessToExit waitingForProcessToExit, System.String errorMsg) [0x0001e] in <6162151c9ea2435da0e0af8ed61b48cb>:0 
  at UnityEditor.Android.ADB.Run (System.String[] command, UnityEditor.Android.Command+WaitingForProcessToExit waitingForProcessToExit, System.String errorMsg) [0x00013] in <6162151c9ea2435da0e0af8ed61b48cb>:0 
  at UnityEditor.Android.AndroidDeploymentTargetsExtension.GetKnownTargets (UnityEditor.DeploymentTargets.IDeploymentTargetsMainThreadContext context, UnityEditor.ProgressHandler progressHandler) [0x0013b] in <6162151c9ea2435da0e0af8ed61b48cb>:0 
UnityEngine.StackTraceUtility:ExtractStackTrace () (at /Users/bokken/build/output/unity/unity/Runtime/Export/Scripting/StackTrace.cs:37)
UnityEngine.DebugLogHandler:LogFormat (UnityEngine.LogType,UnityEngine.Object,string,object[])
UnityEngine.Logger:Log (UnityEngine.LogType,object)
UnityEngine.Debug:LogWarning (object)
UnityEditor.Android.AndroidDeploymentTargetsExtension:GetKnownTargets (UnityEditor.DeploymentTargets.IDeploymentTargetsMainThreadContext,UnityEditor.ProgressHandler)
UnityEditor.Android.TargetScanWorker:DoScan (UnityEditor.DeploymentTargets.IDeploymentTargetsExtension,UnityEditor.DeploymentTargets.IDeploymentTargetsMainThreadContext,System.Threading.CancellationToken)
UnityEditor.Android.TargetScanWorker/<>c__DisplayClass8_0:<Scan>b__0 ()
System.Threading.Tasks.Task:InnerInvoke ()
System.Threading.Tasks.Task:Execute ()
System.Threading.Tasks.Task:ExecutionContextCallback (object)
System.Threading.ExecutionContext:RunInternal (System.Threading.ExecutionContext,System.Threading.ContextCallback,object,bool)
System.Threading.ExecutionContext:Run (System.Threading.ExecutionContext,System.Threading.ContextCallback,object,bool)
System.Threading.Tasks.Task:ExecuteWithThreadLocal (System.Threading.Tasks.Task&)
System.Threading.Tasks.Task:ExecuteEntry (bool)
System.Threading.Tasks.Task:System.Threading.IThreadPoolWorkItem.ExecuteWorkItem ()
System.Threading.ThreadPoolWorkQueue:Dispatch ()
System.Threading._ThreadPoolWaitCallback:PerformWaitCallback ()

Unable to list connected devices. 
rosetta error: Attachment of code signature supplement failed: 1 
 /var/db/oah/7dd20abbc0f4eef66176976a1757c1346ebae690e6ef43fd40842e686bf971f7/54c51c97e8818f3f78558928e826bdd528f19b584c586bfb43403663eef5bdd7/adb.aot

UnityEditor.Android.CommandInvokationFailure: Unable to list connected devices. 
/Applications/Unity/Hub/Editor/2022.1.22f1/PlaybackEngines/AndroidPlayer/SDK/platform-tools/adb devices

stderr[
rosetta error: Attachment of code signature supplement failed: 1 
 /var/db/oah/7dd20abbc0f4eef66176976a1757c1346ebae690e6ef43fd40842e686bf971f7/54c51c97e8818f3f78558928e826bdd528f19b584c586bfb43403663eef5bdd7/adb.aot
]
stdout[

]
exit code: 134
  at UnityEditor.Android.Command.WaitForProgramToRun (UnityEditor.Utils.Program p, UnityEditor.Android.Command+WaitingForProcessToExit waitingForProcessToExit, System.String errorMsg) [0x00033] in <6162151c9ea2435da0e0af8ed61b48cb>:0 
  at UnityEditor.Android.Command.Run (System.Diagnostics.ProcessStartInfo psi, UnityEditor.Android.Command+WaitingForProcessToExit waitingForProcessToExit, System.String errorMsg) [0x0002d] in <6162151c9ea2435da0e0af8ed61b48cb>:0 
  at UnityEditor.Android.Command.Run (System.String command, System.String args, System.String workingdir, UnityEditor.Android.Command+WaitingForProcessToExit waitingForProcessToExit, System.String errorMsg) [0x0000a] in <6162151c9ea2435da0e0af8ed61b48cb>:0 
  at UnityEditor.Android.ADB.RunInternal (System.String[] command, UnityEditor.Android.Command+WaitingForProcessToExit waitingForProcessToExit, System.String errorMsg) [0x0001e] in <6162151c9ea2435da0e0af8ed61b48cb>:0 
  at UnityEditor.Android.ADB.Run (System.String[] command, UnityEditor.Android.Command+WaitingForProcessToExit waitingForProcessToExit, System.String errorMsg) [0x00013] in <6162151c9ea2435da0e0af8ed61b48cb>:0 
  at UnityEditor.Android.AndroidDeploymentTargetsExtension.GetKnownTargets (UnityEditor.DeploymentTargets.IDeploymentTargetsMainThreadContext context, UnityEditor.ProgressHandler progressHandler) [0x0013b] in <6162151c9ea2435da0e0af8ed61b48cb>:0 
UnityEngine.StackTraceUtility:ExtractStackTrace () (at /Users/bokken/build/output/unity/unity/Runtime/Export/Scripting/StackTrace.cs:37)
UnityEngine.DebugLogHandler:LogFormat (UnityEngine.LogType,UnityEngine.Object,string,object[])
UnityEngine.Logger:Log (UnityEngine.LogType,object)
UnityEngine.Debug:LogWarning (object)
UnityEditor.Android.AndroidDeploymentTargetsExtension:GetKnownTargets (UnityEditor.DeploymentTargets.IDeploymentTargetsMainThreadContext,UnityEditor.ProgressHandler)
UnityEditor.Android.TargetScanWorker:DoScan (UnityEditor.DeploymentTargets.IDeploymentTargetsExtension,UnityEditor.DeploymentTargets.IDeploymentTargetsMainThreadContext,System.Threading.CancellationToken)
UnityEditor.Android.TargetScanWorker/<>c__DisplayClass8_0:<Scan>b__0 ()
System.Threading.Tasks.Task:InnerInvoke ()
System.Threading.Tasks.Task:Execute ()
System.Threading.Tasks.Task:ExecutionContextCallback (object)
System.Threading.ExecutionContext:RunInternal (System.Threading.ExecutionContext,System.Threading.ContextCallback,object,bool)
System.Threading.ExecutionContext:Run (System.Threading.ExecutionContext,System.Threading.ContextCallback,object,bool)
System.Threading.Tasks.Task:ExecuteWithThreadLocal (System.Threading.Tasks.Task&)
System.Threading.Tasks.Task:ExecuteEntry (bool)
System.Threading.Tasks.Task:System.Threading.IThreadPoolWorkItem.ExecuteWorkItem ()
System.Threading.ThreadPoolWorkQueue:Dispatch ()
System.Threading._ThreadPoolWaitCallback:PerformWaitCallback ()

Unable to list connected devices. 
rosetta error: Attachment of code signature supplement failed: 1 
 /var/db/oah/7dd20abbc0f4eef66176976a1757c1346ebae690e6ef43fd40842e686bf971f7/54c51c97e8818f3f78558928e826bdd528f19b584c586bfb43403663eef5bdd7/adb.aot

UnityEditor.Android.CommandInvokationFailure: Unable to list connected devices. 
/Applications/Unity/Hub/Editor/2022.1.22f1/PlaybackEngines/AndroidPlayer/SDK/platform-tools/adb devices

stderr[
rosetta error: Attachment of code signature supplement failed: 1 
 /var/db/oah/7dd20abbc0f4eef66176976a1757c1346ebae690e6ef43fd40842e686bf971f7/54c51c97e8818f3f78558928e826bdd528f19b584c586bfb43403663eef5bdd7/adb.aot
]
stdout[

]
exit code: 134
  at UnityEditor.Android.Command.WaitForProgramToRun (UnityEditor.Utils.Program p, UnityEditor.Android.Command+WaitingForProcessToExit waitingForProcessToExit, System.String errorMsg) [0x00033] in <6162151c9ea2435da0e0af8ed61b48cb>:0 
  at UnityEditor.Android.Command.Run (System.Diagnostics.ProcessStartInfo psi, UnityEditor.Android.Command+WaitingForProcessToExit waitingForProcessToExit, System.String errorMsg) [0x0002d] in <6162151c9ea2435da0e0af8ed61b48cb>:0 
  at UnityEditor.Android.Command.Run (System.String command, System.String args, System.String workingdir, UnityEditor.Android.Command+WaitingForProcessToExit waitingForProcessToExit, System.String errorMsg) [0x0000a] in <6162151c9ea2435da0e0af8ed61b48cb>:0 
  at UnityEditor.Android.ADB.RunInternal (System.String[] command, UnityEditor.Android.Command+WaitingForProcessToExit waitingForProcessToExit, System.String errorMsg) [0x0001e] in <6162151c9ea2435da0e0af8ed61b48cb>:0 
  at UnityEditor.Android.ADB.Run (System.String[] command, UnityEditor.Android.Command+WaitingForProcessToExit waitingForProcessToExit, System.String errorMsg) [0x00013] in <6162151c9ea2435da0e0af8ed61b48cb>:0 
  at UnityEditor.Android.AndroidDeploymentTargetsExtension.GetKnownTargets (UnityEditor.DeploymentTargets.IDeploymentTargetsMainThreadContext context, UnityEditor.ProgressHandler progressHandler) [0x0013b] in <6162151c9ea2435da0e0af8ed61b48cb>:0 
UnityEngine.StackTraceUtility:ExtractStackTrace () (at /Users/bokken/build/output/unity/unity/Runtime/Export/Scripting/StackTrace.cs:37)
UnityEngine.DebugLogHandler:LogFormat (UnityEngine.LogType,UnityEngine.Object,string,object[])
UnityEngine.Logger:Log (UnityEngine.LogType,object)
UnityEngine.Debug:LogWarning (object)
UnityEditor.Android.AndroidDeploymentTargetsExtension:GetKnownTargets (UnityEditor.DeploymentTargets.IDeploymentTargetsMainThreadContext,UnityEditor.ProgressHandler)
UnityEditor.Android.TargetScanWorker:DoScan (UnityEditor.DeploymentTargets.IDeploymentTargetsExtension,UnityEditor.DeploymentTargets.IDeploymentTargetsMainThreadContext,System.Threading.CancellationToken)
UnityEditor.Android.TargetScanWorker/<>c__DisplayClass8_0:<Scan>b__0 ()
System.Threading.Tasks.Task:InnerInvoke ()
System.Threading.Tasks.Task:Execute ()
System.Threading.Tasks.Task:ExecutionContextCallback (object)
System.Threading.ExecutionContext:RunInternal (System.Threading.ExecutionContext,System.Threading.ContextCallback,object,bool)
System.Threading.ExecutionContext:Run (System.Threading.ExecutionContext,System.Threading.ContextCallback,object,bool)
System.Threading.Tasks.Task:ExecuteWithThreadLocal (System.Threading.Tasks.Task&)
System.Threading.Tasks.Task:ExecuteEntry (bool)
System.Threading.Tasks.Task:System.Threading.IThreadPoolWorkItem.ExecuteWorkItem ()
System.Threading.ThreadPoolWorkQueue:Dispatch ()
System.Threading._ThreadPoolWaitCallback:PerformWaitCallback ()

Unable to list connected devices. 
rosetta error: Attachment of code signature supplement failed: 1 
 /var/db/oah/7dd20abbc0f4eef66176976a1757c1346ebae690e6ef43fd40842e686bf971f7/54c51c97e8818f3f78558928e826bdd528f19b584c586bfb43403663eef5bdd7/adb.aot

UnityEditor.Android.CommandInvokationFailure: Unable to list connected devices. 
/Applications/Unity/Hub/Editor/2022.1.22f1/PlaybackEngines/AndroidPlayer/SDK/platform-tools/adb devices

stderr[
rosetta error: Attachment of code signature supplement failed: 1 
 /var/db/oah/7dd20abbc0f4eef66176976a1757c1346ebae690e6ef43fd40842e686bf971f7/54c51c97e8818f3f78558928e826bdd528f19b584c586bfb43403663eef5bdd7/adb.aot
]
stdout[

]
exit code: 134
  at UnityEditor.Android.Command.WaitForProgramToRun (UnityEditor.Utils.Program p, UnityEditor.Android.Command+WaitingForProcessToExit waitingForProcessToExit, System.String errorMsg) [0x00033] in <6162151c9ea2435da0e0af8ed61b48cb>:0 
  at UnityEditor.Android.Command.Run (System.Diagnostics.ProcessStartInfo psi, UnityEditor.Android.Command+WaitingForProcessToExit waitingForProcessToExit, System.String errorMsg) [0x0002d] in <6162151c9ea2435da0e0af8ed61b48cb>:0 
  at UnityEditor.Android.Command.Run (System.String command, System.String args, System.String workingdir, UnityEditor.Android.Command+WaitingForProcessToExit waitingForProcessToExit, System.String errorMsg) [0x0000a] in <6162151c9ea2435da0e0af8ed61b48cb>:0 
  at UnityEditor.Android.ADB.RunInternal (System.String[] command, UnityEditor.Android.Command+WaitingForProcessToExit waitingForProcessToExit, System.String errorMsg) [0x0001e] in <6162151c9ea2435da0e0af8ed61b48cb>:0 
  at UnityEditor.Android.ADB.Run (System.String[] command, UnityEditor.Android.Command+WaitingForProcessToExit waitingForProcessToExit, System.String errorMsg) [0x00013] in <6162151c9ea2435da0e0af8ed61b48cb>:0 
  at UnityEditor.Android.AndroidDeploymentTargetsExtension.GetKnownTargets (UnityEditor.DeploymentTargets.IDeploymentTargetsMainThreadContext context, UnityEditor.ProgressHandler progressHandler) [0x0013b] in <6162151c9ea2435da0e0af8ed61b48cb>:0 
UnityEngine.StackTraceUtility:ExtractStackTrace () (at /Users/bokken/build/output/unity/unity/Runtime/Export/Scripting/StackTrace.cs:37)
UnityEngine.DebugLogHandler:LogFormat (UnityEngine.LogType,UnityEngine.Object,string,object[])
UnityEngine.Logger:Log (UnityEngine.LogType,object)
UnityEngine.Debug:LogWarning (object)
UnityEditor.Android.AndroidDeploymentTargetsExtension:GetKnownTargets (UnityEditor.DeploymentTargets.IDeploymentTargetsMainThreadContext,UnityEditor.ProgressHandler)
UnityEditor.Android.TargetScanWorker:DoScan (UnityEditor.DeploymentTargets.IDeploymentTargetsExtension,UnityEditor.DeploymentTargets.IDeploymentTargetsMainThreadContext,System.Threading.CancellationToken)
UnityEditor.Android.TargetScanWorker/<>c__DisplayClass8_0:<Scan>b__0 ()
System.Threading.Tasks.Task:InnerInvoke ()
System.Threading.Tasks.Task:Execute ()
System.Threading.Tasks.Task:ExecutionContextCallback (object)
System.Threading.ExecutionContext:RunInternal (System.Threading.ExecutionContext,System.Threading.ContextCallback,object,bool)
System.Threading.ExecutionContext:Run (System.Threading.ExecutionContext,System.Threading.ContextCallback,object,bool)
System.Threading.Tasks.Task:ExecuteWithThreadLocal (System.Threading.Tasks.Task&)
System.Threading.Tasks.Task:ExecuteEntry (bool)
System.Threading.Tasks.Task:System.Threading.IThreadPoolWorkItem.ExecuteWorkItem ()
System.Threading.ThreadPoolWorkQueue:Dispatch ()
System.Threading._ThreadPoolWaitCallback:PerformWaitCallback ()

Begin MonoManager ReloadAssembly
Unable to list connected devices. 
rosetta error: Attachment of code signature supplement failed: 1 
 /var/db/oah/7dd20abbc0f4eef66176976a1757c1346ebae690e6ef43fd40842e686bf971f7/54c51c97e8818f3f78558928e826bdd528f19b584c586bfb43403663eef5bdd7/adb.aot

UnityEditor.Android.CommandInvokationFailure: Unable to list connected devices. 
/Applications/Unity/Hub/Editor/2022.1.22f1/PlaybackEngines/AndroidPlayer/SDK/platform-tools/adb devices

stderr[
rosetta error: Attachment of code signature supplement failed: 1 
 /var/db/oah/7dd20abbc0f4eef66176976a1757c1346ebae690e6ef43fd40842e686bf971f7/54c51c97e8818f3f78558928e826bdd528f19b584c586bfb43403663eef5bdd7/adb.aot
]
stdout[

]
exit code: 134
  at UnityEditor.Android.Command.WaitForProgramToRun (UnityEditor.Utils.Program p, UnityEditor.Android.Command+WaitingForProcessToExit waitingForProcessToExit, System.String errorMsg) [0x00033] in <6162151c9ea2435da0e0af8ed61b48cb>:0 
  at UnityEditor.Android.Command.Run (System.Diagnostics.ProcessStartInfo psi, UnityEditor.Android.Command+WaitingForProcessToExit waitingForProcessToExit, System.String errorMsg) [0x0002d] in <6162151c9ea2435da0e0af8ed61b48cb>:0 
  at UnityEditor.Android.Command.Run (System.String command, System.String args, System.String workingdir, UnityEditor.Android.Command+WaitingForProcessToExit waitingForProcessToExit, System.String errorMsg) [0x0000a] in <6162151c9ea2435da0e0af8ed61b48cb>:0 
  at UnityEditor.Android.ADB.RunInternal (System.String[] command, UnityEditor.Android.Command+WaitingForProcessToExit waitingForProcessToExit, System.String errorMsg) [0x0001e] in <6162151c9ea2435da0e0af8ed61b48cb>:0 
  at UnityEditor.Android.ADB.Run (System.String[] command, UnityEditor.Android.Command+WaitingForProcessToExit waitingForProcessToExit, System.String errorMsg) [0x00013] in <6162151c9ea2435da0e0af8ed61b48cb>:0 
  at UnityEditor.Android.AndroidDeploymentTargetsExtension.GetKnownTargets (UnityEditor.DeploymentTargets.IDeploymentTargetsMainThreadContext context, UnityEditor.ProgressHandler progressHandler) [0x0013b] in <6162151c9ea2435da0e0af8ed61b48cb>:0 
UnityEngine.StackTraceUtility:ExtractStackTrace () (at /Users/bokken/build/output/unity/unity/Runtime/Export/Scripting/StackTrace.cs:37)
UnityEngine.DebugLogHandler:LogFormat (UnityEngine.LogType,UnityEngine.Object,string,object[])
UnityEngine.Logger:Log (UnityEngine.LogType,object)
UnityEngine.Debug:LogWarning (object)
UnityEditor.Android.AndroidDeploymentTargetsExtension:GetKnownTargets (UnityEditor.DeploymentTargets.IDeploymentTargetsMainThreadContext,UnityEditor.ProgressHandler)
UnityEditor.Android.TargetScanWorker:DoScan (UnityEditor.DeploymentTargets.IDeploymentTargetsExtension,UnityEditor.DeploymentTargets.IDeploymentTargetsMainThreadContext,System.Threading.CancellationToken)
UnityEditor.Android.TargetScanWorker/<>c__DisplayClass8_0:<Scan>b__0 ()
System.Threading.Tasks.Task:InnerInvoke ()
System.Threading.Tasks.Task:Execute ()
System.Threading.Tasks.Task:ExecutionContextCallback (object)
System.Threading.ExecutionContext:RunInternal (System.Threading.ExecutionContext,System.Threading.ContextCallback,object,bool)
System.Threading.ExecutionContext:Run (System.Threading.ExecutionContext,System.Threading.ContextCallback,object,bool)
System.Threading.Tasks.Task:ExecuteWithThreadLocal (System.Threading.Tasks.Task&)
System.Threading.Tasks.Task:ExecuteEntry (bool)
System.Threading.Tasks.Task:System.Threading.IThreadPoolWorkItem.ExecuteWorkItem ()
System.Threading.ThreadPoolWorkQueue:Dispatch ()
System.Threading._ThreadPoolWaitCallback:PerformWaitCallback ()

Symbol file LoadedFromMemory doesn't match image /Users/vivian/Documents/GitHub/smudge-vr-2/Library/PackageCache/com.unity.visualscripting@1.7.8/Editor/VisualScripting.Core/Dependencies/DotNetZip/Unity.VisualScripting.IonicZip.dll
Symbol file LoadedFromMemory doesn't match image /Users/vivian/Documents/GitHub/smudge-vr-2/Library/PackageCache/com.unity.visualscripting@1.7.8/Editor/VisualScripting.Core/Dependencies/YamlDotNet/Unity.VisualScripting.YamlDotNet.dll
Native extension for iOS target not found
Native extension for Android target not found
Native extension for OSXStandalone target not found
Refreshing native plugins compatible for Editor in 168.55 ms, found 5 plugins.
Preloading 1 native plugins for Editor in 0.44 ms.
Package Manager log level set to [2]
[Package Manager] Server::EnsureServerProcessIsRunning -- launch failed, reason: Unity was launched with the -noUpm command-line argument
[Package Manager] UpmClient::Send -- Unable to send message (not connected to UPM process).
[Package Manager] Cannot connect to Unity Package Manager local server
[Package Manager] Server::EnsureServerProcessIsRunning -- launch failed, reason: Unity was launched with the -noUpm command-line argument
[Package Manager] UpmClient::Send -- Unable to send message (not connected to UPM process).
[Package Manager] Cannot connect to Unity Package Manager local server
Mono: successfully reloaded assembly
[Package Manager] Server::EnsureServerProcessIsRunning -- launch failed, reason: Unity was launched with the -noUpm command-line argument
[Package Manager] UpmClient::Send -- Unable to send message (not connected to UPM process).
[Package Manager] Cannot connect to Unity Package Manager local server
[Package Manager] Server::EnsureServerProcessIsRunning -- launch failed, reason: Unity was launched with the -noUpm command-line argument
[Package Manager] UpmClient::Send -- Unable to send message (not connected to UPM process).
[Package Manager] Cannot connect to Unity Package Manager local server
- Completed reload, in  1.509 seconds
Domain Reload Profiling:
	ReloadAssembly (1510ms)
		BeginReloadAssembly (168ms)
			ExecutionOrderSort (0ms)
			DisableScriptedObjects (3ms)
			BackupInstance (0ms)
			ReleaseScriptingObjects (0ms)
			CreateAndSetChildDomain (120ms)
		EndReloadAssembly (1262ms)
			LoadAssemblies (110ms)
			RebuildTransferFunctionScriptingTraits (0ms)
			SetupTypeCache (268ms)
				TypeCache.Initialize (253ms)
					TypeCache.ScanAssembly (249ms)
				ResolveRequiredComponents (15ms)
			ReleaseScriptCaches (9ms)
			RebuildScriptCaches (75ms)
			SetupLoadedEditorAssemblies (701ms)
				LogAssemblyErrors (0ms)
				InitializePlatformSupportModulesInManaged (13ms)
				SetLoadedEditorAssemblies (5ms)
				RefreshPlugins (169ms)
				BeforeProcessingInitializeOnLoad (101ms)
				ProcessInitializeOnLoadAttributes (344ms)
				ProcessInitializeOnLoadMethodAttributes (67ms)
				AfterProcessingInitializeOnLoad (1ms)
				EditorAssembliesLoaded (0ms)
			ExecutionOrderSort2 (0ms)
			AwakeInstancesAfterBackupRestoration (2ms)
Platform modules already initialized, skipping
========================================================================
Worker process is ready to serve import requests
Shader 'Oculus/OVRMRCameraFrameLit': fallback shader 'Alpha-Diffuse' not found
Launching external process: /Applications/Unity/Hub/Editor/2022.1.22f1/Unity.app/Contents/Tools/UnityShaderCompiler
Launched and connected shader compiler UnityShaderCompiler after 0.05 seconds
Refreshing native plugins compatible for Editor in 1.25 ms, found 5 plugins.
Preloading 1 native plugins for Editor in 0.45 ms.
Unloading 7825 Unused Serialized files (Serialized files now loaded: 0)
Unloading 120 unused Assets / (4.8 MB). Loaded Objects now: 8261.
Memory consumption went from 1.19 GB to 1.19 GB.
Total: 4.040875 ms (FindLiveObjects: 0.296250 ms CreateObjectMapping: 0.101750 ms MarkObjects: 3.028042 ms  DeleteObjects: 0.613958 ms)

AssetImportParameters requested are different than current active one (requested -> active):
  custom:video-decoder-ogg-theora: a1e56fd34408186e4bbccfd4996cb3dc -> 
  custom:container-muxer-webm: aa71ff27fc2769a1b78a27578f13a17b -> 
  custom:container-demuxer-webm: 4f35f7cbe854078d1ac9338744f61a02 -> 
  custom:video-encoder-webm-vp8: eb34c28f22e8b96e1ab97ce403110664 -> 
  custom:framework-osx-AVFoundation: e770b220cccbd017edd2c1fefb359320 -> 
  custom:audio-encoder-webm-vorbis: bf7c407c2cedff20999df2af8eb42d56 -> 
  custom:container-demuxer-ogg: 62fdf1f143b41e24485cea50d1cbac27 -> 
  custom:video-decoder-webm-vp8: 9c59270c3fd7afecdb556c50c9e8de78 -> 
  custom:audio-decoder-ogg-vorbis: bf7c407c2cedff20999df2af8eb42d56 -> 
========================================================================
Received Import Request.
  Time since last request: 3167249.012841 seconds.
  path: Assets/EffectExamples/GreenSmoke.prefab
  artifactKey: Guid(57a1fbc1b4c34d042a3ff499f36199c6) Importer(815301076,1909f56bfc062723c751e8b465ee728b)
Start importing Assets/EffectExamples/GreenSmoke.prefab using Guid(57a1fbc1b4c34d042a3ff499f36199c6) Importer(815301076,1909f56bfc062723c751e8b465ee728b)  -> (artifact id: '74e8789ab48c373f705061b858a94c6c') in 0.192401 seconds 
========================================================================
Received Import Request.
  Time since last request: 0.000085 seconds.
  path: Assets/EffectExamples/PurpleSmoke.prefab
  artifactKey: Guid(905e84eb4c193494eac445f07cba93a7) Importer(815301076,1909f56bfc062723c751e8b465ee728b)
Start importing Assets/EffectExamples/PurpleSmoke.prefab using Guid(905e84eb4c193494eac445f07cba93a7) Importer(815301076,1909f56bfc062723c751e8b465ee728b)  -> (artifact id: 'b4776859106969baf160227d6d288b6b') in 0.020798 seconds 
========================================================================
Received Import Request.
  Time since last request: 36.660622 seconds.
  path: Assets/Environment/Water_FX_Collection/Fire_Hose/FBX/Materials/drain_pipe_c.mat
  artifactKey: Guid(2ed1bf1c60eb35f4a9ba839c1d37d57c) Importer(815301076,1909f56bfc062723c751e8b465ee728b)
Start importing Assets/Environment/Water_FX_Collection/Fire_Hose/FBX/Materials/drain_pipe_c.mat using Guid(2ed1bf1c60eb35f4a9ba839c1d37d57c) Importer(815301076,1909f56bfc062723c751e8b465ee728b)  -> (artifact id: '74d00a4915d1d2daca9b10f5d7a6a434') in 0.152386 seconds 
========================================================================
Received Import Request.
  Time since last request: 0.000084 seconds.
  path: Assets/Terrains/_TerrainAutoUpgrade/layer_GroundStiks_Terrain_AlbedoGroundStiks_Normalb3407d0e55802f81.terrainlayer
  artifactKey: Guid(122e39da1ef5c294b9b2640a37bc8964) Importer(815301076,1909f56bfc062723c751e8b465ee728b)
Start importing Assets/Terrains/_TerrainAutoUpgrade/layer_GroundStiks_Terrain_AlbedoGroundStiks_Normalb3407d0e55802f81.terrainlayer using Guid(122e39da1ef5c294b9b2640a37bc8964) Importer(815301076,1909f56bfc062723c751e8b465ee728b)  -> (artifact id: 'eda6eaadbcd14795bc59be9fb8c4ee85') in 0.111375 seconds 
========================================================================
Received Import Request.
  Time since last request: 0.000090 seconds.
  path: Assets/Environment/UniStorm Weather System/Weather Types/Precipitation/Light Rain.asset
  artifactKey: Guid(b4b7d963b44ee6244a1db2ecb60efdab) Importer(815301076,1909f56bfc062723c751e8b465ee728b)
Start importing Assets/Environment/UniStorm Weather System/Weather Types/Precipitation/Light Rain.asset using Guid(b4b7d963b44ee6244a1db2ecb60efdab) Importer(815301076,1909f56bfc062723c751e8b465ee728b)  -> (artifact id: '440321a37a5387e48d8bacbdf674c68f') in 0.067662 seconds 
========================================================================
Received Import Request.
  Time since last request: 0.000068 seconds.
  path: Assets/Oculus/VR/Meshes/OculusTouchForQuest2/OculusTouchForQuest2_Left.fbx
  artifactKey: Guid(8b83018900d13bb4f8e0ad895cb004e5) Importer(815301076,1909f56bfc062723c751e8b465ee728b)
Start importing Assets/Oculus/VR/Meshes/OculusTouchForQuest2/OculusTouchForQuest2_Left.fbx using Guid(8b83018900d13bb4f8e0ad895cb004e5) Importer(815301076,1909f56bfc062723c751e8b465ee728b)  -> (artifact id: 'e7d9184797a03c1bde638d32b01e555e') in 0.276187 seconds 
========================================================================
Received Import Request.
  Time since last request: 0.000051 seconds.
  path: Assets/Terrains/_TerrainAutoUpgrade/layer_GroundStiks_Terrain_AlbedoGroundStiks_Normal793646612c42751.terrainlayer
  artifactKey: Guid(093cb4f07ea898647a60d03c75035e0e) Importer(815301076,1909f56bfc062723c751e8b465ee728b)
Start importing Assets/Terrains/_TerrainAutoUpgrade/layer_GroundStiks_Terrain_AlbedoGroundStiks_Normal793646612c42751.terrainlayer using Guid(093cb4f07ea898647a60d03c75035e0e) Importer(815301076,1909f56bfc062723c751e8b465ee728b)  -> (artifact id: 'e7dd3e588d93236b4dcc5b8db2ab7db9') in 0.003067 seconds 
========================================================================
Received Import Request.
  Time since last request: 0.000053 seconds.
  path: Assets/Environment/UniStorm Weather System/Weather Types/Precipitation/Rain.asset
  artifactKey: Guid(796fbe4839cd13f4f91aba26ad35ebf0) Importer(815301076,1909f56bfc062723c751e8b465ee728b)
Start importing Assets/Environment/UniStorm Weather System/Weather Types/Precipitation/Rain.asset using Guid(796fbe4839cd13f4f91aba26ad35ebf0) Importer(815301076,1909f56bfc062723c751e8b465ee728b)  -> (artifact id: '6ec27456b24562d17a549d63e6321df8') in 0.002255 seconds 
========================================================================
Received Import Request.
  Time since last request: 0.000073 seconds.
  path: Assets/Terrains/_TerrainAutoUpgrade/layer_LeavesTileBRHE_Terrain_AlbedoLeavesTileBRHE_Normalcd2d2d038030d602.terrainlayer
  artifactKey: Guid(6f395bd32092c7b48acd7d1c1ae55902) Importer(815301076,1909f56bfc062723c751e8b465ee728b)
Start importing Assets/Terrains/_TerrainAutoUpgrade/layer_LeavesTileBRHE_Terrain_AlbedoLeavesTileBRHE_Normalcd2d2d038030d602.terrainlayer using Guid(6f395bd32092c7b48acd7d1c1ae55902) Importer(815301076,1909f56bfc062723c751e8b465ee728b)  -> (artifact id: '3fea6104f3fcf75b339fef054e7541eb') in 0.002849 seconds 
========================================================================
Received Import Request.
  Time since last request: 0.000237 seconds.
  path: Assets/Terrains/_TerrainAutoUpgrade/layer_DirtDetailsTileRHE_Terrain_AlbedoDirtDetailsTileRHE_Normal2023054508611406.terrainlayer
  artifactKey: Guid(b90d20b467a3f95489ef15b19adc77d0) Importer(815301076,1909f56bfc062723c751e8b465ee728b)
Start importing Assets/Terrains/_TerrainAutoUpgrade/layer_DirtDetailsTileRHE_Terrain_AlbedoDirtDetailsTileRHE_Normal2023054508611406.terrainlayer using Guid(b90d20b467a3f95489ef15b19adc77d0) Importer(815301076,1909f56bfc062723c751e8b465ee728b)  -> (artifact id: '7262a17b872885efb00a5752bb5710c5') in 0.002896 seconds 
========================================================================
Received Import Request.
  Time since last request: 0.000066 seconds.
  path: Assets/Terrains/_TerrainAutoUpgrade/layer_GroundSplatA_Albedo_TerrainGroundSplatA_Normal793646612c42751.terrainlayer
  artifactKey: Guid(d1b35d09e6f82934eb996f19ca69deaf) Importer(815301076,1909f56bfc062723c751e8b465ee728b)
Start importing Assets/Terrains/_TerrainAutoUpgrade/layer_GroundSplatA_Albedo_TerrainGroundSplatA_Normal793646612c42751.terrainlayer using Guid(d1b35d09e6f82934eb996f19ca69deaf) Importer(815301076,1909f56bfc062723c751e8b465ee728b)  -> (artifact id: '0e343558824e312d1d2c3c5be869ea85') in 0.003097 seconds 
========================================================================
Received Import Request.
  Time since last request: 0.000367 seconds.
  path: Assets/Environment/UniStorm Weather System/Prefabs/Weather Particle Effects/Rain.prefab
  artifactKey: Guid(516fd25c12e04ba46bce3ce4bab8f8e1) Importer(815301076,1909f56bfc062723c751e8b465ee728b)
Start importing Assets/Environment/UniStorm Weather System/Prefabs/Weather Particle Effects/Rain.prefab using Guid(516fd25c12e04ba46bce3ce4bab8f8e1) Importer(815301076,1909f56bfc062723c751e8b465ee728b)  -> (artifact id: 'd122e4a299cbf69731425df0896eb534') in 3.351756 seconds 
========================================================================
Received Import Request.
  Time since last request: 0.000056 seconds.
  path: Assets/EffectExamples/WaterEffects/Prefabs/RainEffect.prefab
  artifactKey: Guid(d0c0b49979d372942ae5a964d9364111) Importer(815301076,1909f56bfc062723c751e8b465ee728b)
Start importing Assets/EffectExamples/WaterEffects/Prefabs/RainEffect.prefab using Guid(d0c0b49979d372942ae5a964d9364111) Importer(815301076,1909f56bfc062723c751e8b465ee728b)  -> (artifact id: 'e8bb791182da2eb4de88e46be875af85') in 0.185047 seconds 
========================================================================
Received Import Request.
  Time since last request: 0.000074 seconds.
  path: Assets/Environment/Water_FX_Collection/Camera_Lens_Rain/FBX/Materials/Rain_Spash_mtl.mat
  artifactKey: Guid(cd1bbef2a90614345a0cc0b61770864b) Importer(815301076,1909f56bfc062723c751e8b465ee728b)
Start importing Assets/Environment/Water_FX_Collection/Camera_Lens_Rain/FBX/Materials/Rain_Spash_mtl.mat using Guid(cd1bbef2a90614345a0cc0b61770864b) Importer(815301076,1909f56bfc062723c751e8b465ee728b)  -> (artifact id: 'db7a7b62ead6fb991744e56cecf05822') in 0.055856 seconds 
========================================================================
Received Import Request.
  Time since last request: 0.000068 seconds.
  path: Assets/Environment/UniStorm Weather System/Prefabs/Weather Particle Effects/Rain Fire.prefab
  artifactKey: Guid(0e0044c93be9f114085f1d7b22696a8f) Importer(815301076,1909f56bfc062723c751e8b465ee728b)
Start importing Assets/Environment/UniStorm Weather System/Prefabs/Weather Particle Effects/Rain Fire.prefab using Guid(0e0044c93be9f114085f1d7b22696a8f) Importer(815301076,1909f56bfc062723c751e8b465ee728b)  -> (artifact id: 'd1d01bd20d14334e0f4069222575a5fc') in 0.008047 seconds 
========================================================================
Received Import Request.
  Time since last request: 0.000053 seconds.
  path: Assets/Environment/UniStorm Weather System/Materials/Weather/Rain Splash.mat
  artifactKey: Guid(c7803a9b9627220409d6f6e27d59471f) Importer(815301076,1909f56bfc062723c751e8b465ee728b)
Start importing Assets/Environment/UniStorm Weather System/Materials/Weather/Rain Splash.mat using Guid(c7803a9b9627220409d6f6e27d59471f) Importer(815301076,1909f56bfc062723c751e8b465ee728b)  -> (artifact id: '0bbf7c49421048f11cfa14d72f25b414') in 0.021272 seconds 
========================================================================
Received Import Request.
  Time since last request: 0.000066 seconds.
  path: Assets/Terrains/_TerrainAutoUpgrade/layer_DirtDetailsTileRHE_Terrain_AlbedoDirtDetailsTileRHE_Normal793646612c42751.terrainlayer
  artifactKey: Guid(d2780f0a14ec8f14da683ac3f36c6269) Importer(815301076,1909f56bfc062723c751e8b465ee728b)
Start importing Assets/Terrains/_TerrainAutoUpgrade/layer_DirtDetailsTileRHE_Terrain_AlbedoDirtDetailsTileRHE_Normal793646612c42751.terrainlayer using Guid(d2780f0a14ec8f14da683ac3f36c6269) Importer(815301076,1909f56bfc062723c751e8b465ee728b)  -> (artifact id: '09b6513de649ac4b51cd40827cf18d18') in 0.003075 seconds 
========================================================================
Received Import Request.
  Time since last request: 0.000059 seconds.
  path: Assets/Terrains/_TerrainAutoUpgrade/layer_GroundSplatA_Albedo_TerrainGroundSplatA_Normal3d3aba195e4d26ee.terrainlayer
  artifactKey: Guid(248764b3698d8af4f922c41c2ca2a12c) Importer(815301076,1909f56bfc062723c751e8b465ee728b)
Start importing Assets/Terrains/_TerrainAutoUpgrade/layer_GroundSplatA_Albedo_TerrainGroundSplatA_Normal3d3aba195e4d26ee.terrainlayer using Guid(248764b3698d8af4f922c41c2ca2a12c) Importer(815301076,1909f56bfc062723c751e8b465ee728b)  -> (artifact id: '24f3e77c52c16a562753e6b9f4e98b4c') in 0.002815 seconds 
========================================================================
Received Import Request.
  Time since last request: 0.000074 seconds.
  path: Assets/Visual Design Cafe/Nature Renderer Demo/Realistic/Realistic Demo Terrain.asset
  artifactKey: Guid(32bf9f2776c7c5442a2c79a4e29482e3) Importer(815301076,1909f56bfc062723c751e8b465ee728b)
Start importing Assets/Visual Design Cafe/Nature Renderer Demo/Realistic/Realistic Demo Terrain.asset using Guid(32bf9f2776c7c5442a2c79a4e29482e3) Importer(815301076,1909f56bfc062723c751e8b465ee728b)  -> (artifact id: '299a2368a22b122fa19e755088b134d2') in 0.051197 seconds 
========================================================================
Received Import Request.
  Time since last request: 0.000064 seconds.
  path: Assets/Environment/UniStorm Weather System/Weather Types/Non-Precipitation/Mostly Cloudy with Rain.asset
  artifactKey: Guid(2c22445a1c49d7f4587aad0d120738bb) Importer(815301076,1909f56bfc062723c751e8b465ee728b)
Start importing Assets/Environment/UniStorm Weather System/Weather Types/Non-Precipitation/Mostly Cloudy with Rain.asset using Guid(2c22445a1c49d7f4587aad0d120738bb) Importer(815301076,1909f56bfc062723c751e8b465ee728b)  -> (artifact id: '93be5893f1dd54018846965a59a5ab5d') in 0.003425 seconds 
========================================================================
Received Import Request.
  Time since last request: 0.000037 seconds.
  path: Assets/Environment/UniStorm Weather System/Weather Types/Special/Fire Rain.asset
  artifactKey: Guid(2a15ac63af4bdb746bd5016842226a46) Importer(815301076,1909f56bfc062723c751e8b465ee728b)
Start importing Assets/Environment/UniStorm Weather System/Weather Types/Special/Fire Rain.asset using Guid(2a15ac63af4bdb746bd5016842226a46) Importer(815301076,1909f56bfc062723c751e8b465ee728b)  -> (artifact id: 'beee3227b8e0994b64f14ccc205ef037') in 0.003411 seconds 
========================================================================
Received Import Request.
  Time since last request: 0.000048 seconds.
  path: Assets/Environment/UniStorm Weather System/Weather Types/Precipitation/Heavy Rain.asset
  artifactKey: Guid(bad5e6801a6223942b1fb7cd7cf611d6) Importer(815301076,1909f56bfc062723c751e8b465ee728b)
Start importing Assets/Environment/UniStorm Weather System/Weather Types/Precipitation/Heavy Rain.asset using Guid(bad5e6801a6223942b1fb7cd7cf611d6) Importer(815301076,1909f56bfc062723c751e8b465ee728b)  -> (artifact id: '90a58b47dd9173954c74d375bb184279') in 0.003422 seconds 
========================================================================
Received Import Request.
  Time since last request: 0.000046 seconds.
  path: Assets/Terrains/_TerrainAutoUpgrade/layer_BeechLeavesTileRHE_Terrain_AlbedoBeechLeavesTileRHE_Normalb8875f45e9c15431.terrainlayer
  artifactKey: Guid(4b873b8f7f0ae204b8ced4fec04b49b0) Importer(815301076,1909f56bfc062723c751e8b465ee728b)
Start importing Assets/Terrains/_TerrainAutoUpgrade/layer_BeechLeavesTileRHE_Terrain_AlbedoBeechLeavesTileRHE_Normalb8875f45e9c15431.terrainlayer using Guid(4b873b8f7f0ae204b8ced4fec04b49b0) Importer(815301076,1909f56bfc062723c751e8b465ee728b)  -> (artifact id: '50dea971a70e45809003ab72f7c4aac4') in 0.004087 seconds 
========================================================================
Received Import Request.
  Time since last request: 0.000057 seconds.
  path: Assets/Visual Design Cafe/Nature Renderer Demo/Realistic/Settings/Universal Terrain.mat
  artifactKey: Guid(0e7aa49ac539c95448c6a361a634e133) Importer(815301076,1909f56bfc062723c751e8b465ee728b)
Start importing Assets/Visual Design Cafe/Nature Renderer Demo/Realistic/Settings/Universal Terrain.mat using Guid(0e7aa49ac539c95448c6a361a634e133) Importer(815301076,1909f56bfc062723c751e8b465ee728b)  -> (artifact id: 'd82cc15590a0ceb7c3adfa8c527a7b2b') in 0.242080 seconds 
========================================================================
Received Import Request.
  Time since last request: 0.000045 seconds.
  path: Assets/Environment/UniStorm Weather System/Materials/Weather/Rain Fire.mat
  artifactKey: Guid(3a97fe6e10d366b419ba94d6428803fa) Importer(815301076,1909f56bfc062723c751e8b465ee728b)
Start importing Assets/Environment/UniStorm Weather System/Materials/Weather/Rain Fire.mat using Guid(3a97fe6e10d366b419ba94d6428803fa) Importer(815301076,1909f56bfc062723c751e8b465ee728b)  -> (artifact id: '87bb364a50eb4bb070a12f3230112c6d') in 0.009587 seconds 
========================================================================
Received Import Request.
  Time since last request: 0.000039 seconds.
  path: Assets/Oculus/Interaction/Runtime/Textures/RainbowGradient.png
  artifactKey: Guid(9d4edac8b27eead43ae4839ff9b23791) Importer(815301076,1909f56bfc062723c751e8b465ee728b)
Start importing Assets/Oculus/Interaction/Runtime/Textures/RainbowGradient.png using Guid(9d4edac8b27eead43ae4839ff9b23791) Importer(815301076,1909f56bfc062723c751e8b465ee728b)  -> (artifact id: 'e64a5e2d3ec397452e159ae4467c9c75') in 0.051826 seconds 
========================================================================
Received Import Request.
  Time since last request: 0.000096 seconds.
  path: Assets/Terrains/_TerrainAutoUpgrade/layer_LeavesTileBRHE_Terrain_AlbedoLeavesTileBRHE_Normal793646612c42751.terrainlayer
  artifactKey: Guid(1a45380fc1852034bbb1ce12b30e94aa) Importer(815301076,1909f56bfc062723c751e8b465ee728b)
Start importing Assets/Terrains/_TerrainAutoUpgrade/layer_LeavesTileBRHE_Terrain_AlbedoLeavesTileBRHE_Normal793646612c42751.terrainlayer using Guid(1a45380fc1852034bbb1ce12b30e94aa) Importer(815301076,1909f56bfc062723c751e8b465ee728b)  -> (artifact id: '638fcc1dc417d101399603759ffa2ed1') in 0.003853 seconds 
========================================================================
Received Import Request.
  Time since last request: 0.000056 seconds.
  path: Assets/Oculus/SampleFramework/Usage/HandsTrainExample/Prefabs/Train.prefab
  artifactKey: Guid(4d567a62afb480c49a270e0e4ea252d0) Importer(815301076,1909f56bfc062723c751e8b465ee728b)
Start importing Assets/Oculus/SampleFramework/Usage/HandsTrainExample/Prefabs/Train.prefab using Guid(4d567a62afb480c49a270e0e4ea252d0) Importer(815301076,1909f56bfc062723c751e8b465ee728b)  -> (artifact id: '003e442e0dcfbc9cfb16e6c8f6c5af27') in 0.163478 seconds 
Editor requested this worker to shutdown with reason: Scaling down because of idle timeout
AssetImportWorker is now disconnected from the server
Process exiting
