Using pre-set license
Built from '2022.1/staging' branch; Version is '2022.1.22f1 (6b6e9fc2adda) revision 7040671'; Using compiler version '192829333'; Build Type 'Release'
OS: 'Windows 10  (10.0.19045) 64bit Core' Language: 'en' Physical Memory: 32469 MB
BatchMode: 1, IsHumanControllingUs: 0, StartBugReporterOnCrash: 0, Is64bit: 1, IsPro: 1

COMMAND LINE ARGUMENTS:
C:\Program Files\Unity\Hub\Editor\2022.1.22f1\Editor\Unity.exe
-adb2
-batchMode
-noUpm
-name
AssetImportWorker7
-projectPath
C:/Users/Z/Documents/GitHub/localfork/smudge-vr-2
-logFile
Logs/AssetImportWorker7.log
-srvPort
53307
Successfully changed project path to: C:/Users/Z/Documents/GitHub/localfork/smudge-vr-2
C:/Users/Z/Documents/GitHub/localfork/smudge-vr-2
[UnityMemory] Configuration Parameters - Can be set up in boot.config
    "memorysetup-bucket-allocator-granularity=16"
    "memorysetup-bucket-allocator-bucket-count=8"
    "memorysetup-bucket-allocator-block-size=33554432"
    "memorysetup-bucket-allocator-block-count=8"
    "memorysetup-main-allocator-block-size=16777216"
    "memorysetup-thread-allocator-block-size=16777216"
    "memorysetup-gfx-main-allocator-block-size=16777216"
    "memorysetup-gfx-thread-allocator-block-size=16777216"
    "memorysetup-cache-allocator-block-size=4194304"
    "memorysetup-typetree-allocator-block-size=2097152"
    "memorysetup-profiler-bucket-allocator-granularity=16"
    "memorysetup-profiler-bucket-allocator-bucket-count=8"
    "memorysetup-profiler-bucket-allocator-block-size=33554432"
    "memorysetup-profiler-bucket-allocator-block-count=8"
    "memorysetup-profiler-allocator-block-size=16777216"
    "memorysetup-profiler-editor-allocator-block-size=1048576"
    "memorysetup-temp-allocator-size-main=16777216"
    "memorysetup-job-temp-allocator-block-size=2097152"
    "memorysetup-job-temp-allocator-block-size-background=1048576"
    "memorysetup-job-temp-allocator-reduction-small-platforms=262144"
    "memorysetup-temp-allocator-size-background-worker=32768"
    "memorysetup-temp-allocator-size-job-worker=262144"
    "memorysetup-temp-allocator-size-preload-manager=33554432"
    "memorysetup-temp-allocator-size-nav-mesh-worker=65536"
    "memorysetup-temp-allocator-size-audio-worker=65536"
    "memorysetup-temp-allocator-size-cloud-worker=32768"
    "memorysetup-temp-allocator-size-gi-baking-worker=262144"
    "memorysetup-temp-allocator-size-gfx=262144"
Refreshing native plugins compatible for Editor in 238.40 ms, found 13 plugins.
Preloading 1 native plugins for Editor in 0.60 ms.
Initialize engine version: 2022.1.22f1 (6b6e9fc2adda)
[Subsystems] Discovering subsystems at path C:/Program Files/Unity/Hub/Editor/2022.1.22f1/Editor/Data/Resources/UnitySubsystems
[Subsystems] Discovering subsystems at path C:/Users/Z/Documents/GitHub/localfork/smudge-vr-2/Assets
GfxDevice: creating device client; threaded=0; jobified=0
Direct3D:
    Version:  Direct3D 11.0 [level 11.1]
    Renderer: NVIDIA GeForce RTX 3070 Ti Laptop GPU (ID=0x24a0)
    Vendor:   NVIDIA
    VRAM:     8031 MB
    Driver:   31.0.15.3179
Shader 'Oculus/OVRMRCameraFrameLit': fallback shader 'Alpha-Diffuse' not found
Initialize mono
Mono path[0] = 'C:/Program Files/Unity/Hub/Editor/2022.1.22f1/Editor/Data/Managed'
Mono path[1] = 'C:/Program Files/Unity/Hub/Editor/2022.1.22f1/Editor/Data/MonoBleedingEdge/lib/mono/unityjit-win32'
Mono config path = 'C:/Program Files/Unity/Hub/Editor/2022.1.22f1/Editor/Data/MonoBleedingEdge/etc'
Using monoOptions --debugger-agent=transport=dt_socket,embedding=1,server=y,suspend=n,address=127.0.0.1:56024
Begin MonoManager ReloadAssembly
Registering precompiled unity dll's ...
Register platform support module: C:/Program Files/Unity/Hub/Editor/2022.1.22f1/Editor/Data/PlaybackEngines/WindowsStandaloneSupport/UnityEditor.WindowsStandalone.Extensions.dll
Registered in 0.009226 seconds.
Native extension for WindowsStandalone target not found
Refreshing native plugins compatible for Editor in 205.32 ms, found 13 plugins.
Preloading 1 native plugins for Editor in 0.11 ms.
Mono: successfully reloaded assembly
- Completed reload, in  0.913 seconds
Domain Reload Profiling:
	ReloadAssembly (913ms)
		BeginReloadAssembly (94ms)
			ExecutionOrderSort (0ms)
			DisableScriptedObjects (0ms)
			BackupInstance (0ms)
			ReleaseScriptingObjects (0ms)
			CreateAndSetChildDomain (1ms)
		EndReloadAssembly (685ms)
			LoadAssemblies (91ms)
			RebuildTransferFunctionScriptingTraits (0ms)
			SetupTypeCache (129ms)
				TypeCache.Initialize (129ms)
					TypeCache.ScanAssembly (127ms)
				ResolveRequiredComponents (1ms)
			ReleaseScriptCaches (0ms)
			RebuildScriptCaches (34ms)
			SetupLoadedEditorAssemblies (449ms)
				LogAssemblyErrors (0ms)
				InitializePlatformSupportModulesInManaged (10ms)
				SetLoadedEditorAssemblies (9ms)
				RefreshPlugins (206ms)
				BeforeProcessingInitializeOnLoad (2ms)
				ProcessInitializeOnLoadAttributes (169ms)
				ProcessInitializeOnLoadMethodAttributes (54ms)
				AfterProcessingInitializeOnLoad (0ms)
				EditorAssembliesLoaded (0ms)
			ExecutionOrderSort2 (0ms)
			AwakeInstancesAfterBackupRestoration (0ms)
Platform modules already initialized, skipping
Registering precompiled user dll's ...
Registered in 0.026523 seconds.
Begin MonoManager ReloadAssembly
Symbol file LoadedFromMemory doesn't match image C:\Users\Z\Documents\GitHub\localfork\smudge-vr-2\Library\PackageCache\com.unity.visualscripting@1.7.8\Editor\VisualScripting.Core\Dependencies\DotNetZip\Unity.VisualScripting.IonicZip.dll
Symbol file LoadedFromMemory doesn't match image C:\Users\Z\Documents\GitHub\localfork\smudge-vr-2\Library\PackageCache\com.unity.visualscripting@1.7.8\Editor\VisualScripting.Core\Dependencies\YamlDotNet\Unity.VisualScripting.YamlDotNet.dll
Native extension for WindowsStandalone target not found
Refreshing native plugins compatible for Editor in 200.87 ms, found 13 plugins.
Preloading 1 native plugins for Editor in 0.10 ms.
Package Manager log level set to [2]
[Package Manager] Server::EnsureServerProcessIsRunning -- launch failed, reason: Unity was launched with the -noUpm command-line argument
[Package Manager] UpmClient::Send -- Unable to send message (not connected to UPM process).
[Package Manager] Cannot connect to Unity Package Manager local server
[Package Manager] Server::EnsureServerProcessIsRunning -- launch failed, reason: Unity was launched with the -noUpm command-line argument
[Package Manager] UpmClient::Send -- Unable to send message (not connected to UPM process).
[Package Manager] Cannot connect to Unity Package Manager local server
[XR] OculusXRPlugin: registering subsystems
[XR] Unable to register display lifecyle provider: [1]
[XR] Oculus Input lifecycle provider registered.
[XR] Unable to register input lifecyle provider: [1]
[XR] OVRP version 1.85.0
Mono: successfully reloaded assembly
[Package Manager] Server::EnsureServerProcessIsRunning -- launch failed, reason: Unity was launched with the -noUpm command-line argument
[Package Manager] UpmClient::Send -- Unable to send message (not connected to UPM process).
[Package Manager] Cannot connect to Unity Package Manager local server
[Package Manager] Server::EnsureServerProcessIsRunning -- launch failed, reason: Unity was launched with the -noUpm command-line argument
[Package Manager] UpmClient::Send -- Unable to send message (not connected to UPM process).
[Package Manager] Cannot connect to Unity Package Manager local server
- Completed reload, in  2.421 seconds
Domain Reload Profiling:
	ReloadAssembly (2422ms)
		BeginReloadAssembly (125ms)
			ExecutionOrderSort (0ms)
			DisableScriptedObjects (6ms)
			BackupInstance (0ms)
			ReleaseScriptingObjects (0ms)
			CreateAndSetChildDomain (19ms)
		EndReloadAssembly (2154ms)
			LoadAssemblies (135ms)
			RebuildTransferFunctionScriptingTraits (0ms)
			SetupTypeCache (469ms)
				TypeCache.Initialize (436ms)
					TypeCache.ScanAssembly (430ms)
				ResolveRequiredComponents (33ms)
			ReleaseScriptCaches (1ms)
			RebuildScriptCaches (145ms)
			SetupLoadedEditorAssemblies (1136ms)
				LogAssemblyErrors (0ms)
				InitializePlatformSupportModulesInManaged (6ms)
				SetLoadedEditorAssemblies (9ms)
				RefreshPlugins (201ms)
				BeforeProcessingInitializeOnLoad (180ms)
				ProcessInitializeOnLoadAttributes (600ms)
				ProcessInitializeOnLoadMethodAttributes (128ms)
				AfterProcessingInitializeOnLoad (11ms)
				EditorAssembliesLoaded (0ms)
			ExecutionOrderSort2 (0ms)
			AwakeInstancesAfterBackupRestoration (7ms)
Platform modules already initialized, skipping
========================================================================
Worker process is ready to serve import requests
Shader 'Oculus/OVRMRCameraFrameLit': fallback shader 'Alpha-Diffuse' not found
Launched and connected shader compiler UnityShaderCompiler.exe after 0.05 seconds
Refreshing native plugins compatible for Editor in 2.18 ms, found 13 plugins.
Preloading 1 native plugins for Editor in 0.11 ms.
Unloading 7839 Unused Serialized files (Serialized files now loaded: 0)
Unloading 119 unused Assets / (2.8 MB). Loaded Objects now: 8296.
Memory consumption went from 1.23 GB to 1.23 GB.
Total: 6.535800 ms (FindLiveObjects: 0.901300 ms CreateObjectMapping: 0.462500 ms MarkObjects: 4.469600 ms  DeleteObjects: 0.701200 ms)

AssetImportParameters requested are different than current active one (requested -> active):
  custom:video-decoder-ogg-theora: a1e56fd34408186e4bbccfd4996cb3dc -> 
  custom:container-muxer-webm: aa71ff27fc2769a1b78a27578f13a17b -> 
  custom:container-demuxer-webm: 4f35f7cbe854078d1ac9338744f61a02 -> 
  custom:video-encoder-webm-vp8: eb34c28f22e8b96e1ab97ce403110664 -> 
  custom:audio-encoder-webm-vorbis: bf7c407c2cedff20999df2af8eb42d56 -> 
  custom:framework-win-MediaFoundation: 216162199b28c13a410421893ffa2e32 -> 
  custom:container-demuxer-ogg: 62fdf1f143b41e24485cea50d1cbac27 -> 
  custom:video-decoder-webm-vp8: 9c59270c3fd7afecdb556c50c9e8de78 -> 
  custom:audio-decoder-ogg-vorbis: bf7c407c2cedff20999df2af8eb42d56 -> 
========================================================================
Received Import Request.
  Time since last request: 162086.623392 seconds.
  path: Assets/Water_FX_Collection/Garden_Lawn_Sprinkler/Textures/Materials/Clouds_Overlay_c.mat
  artifactKey: Guid(936d028d1b2049f4691aefff405d7568) Importer(815301076,1909f56bfc062723c751e8b465ee728b)
Start importing Assets/Water_FX_Collection/Garden_Lawn_Sprinkler/Textures/Materials/Clouds_Overlay_c.mat using Guid(936d028d1b2049f4691aefff405d7568) Importer(815301076,1909f56bfc062723c751e8b465ee728b)  -> (artifact id: '083a81357ef9731aeab4514589255a20') in 0.224141 seconds 
========================================================================
Received Import Request.
  Time since last request: 0.108822 seconds.
  path: Assets/Visual Design Cafe/Nature Renderer Demo/Realistic/Art/Trees/Source Assets/Conifer_Bark.mat
  artifactKey: Guid(c27accfbe09d7274ea785a7b4e21a7c4) Importer(815301076,1909f56bfc062723c751e8b465ee728b)
Start importing Assets/Visual Design Cafe/Nature Renderer Demo/Realistic/Art/Trees/Source Assets/Conifer_Bark.mat using Guid(c27accfbe09d7274ea785a7b4e21a7c4) Importer(815301076,1909f56bfc062723c751e8b465ee728b)  -> (artifact id: '87b889385b5cc2e48cf7b6a6a3dcd7dc') in 0.471510 seconds 
========================================================================
Received Import Request.
  Time since last request: 0.000026 seconds.
  path: Assets/Oculus/SampleFramework/Usage/SceneManager/Materials/Desk.mat
  artifactKey: Guid(5e69d30c83932bd4088b3f65bfd0b98a) Importer(815301076,1909f56bfc062723c751e8b465ee728b)
Start importing Assets/Oculus/SampleFramework/Usage/SceneManager/Materials/Desk.mat using Guid(5e69d30c83932bd4088b3f65bfd0b98a) Importer(815301076,1909f56bfc062723c751e8b465ee728b)  -> (artifact id: '82548e932e6a4aa697fb2068ed679fad') in 0.016028 seconds 
========================================================================
Received Import Request.
  Time since last request: 0.000032 seconds.
  path: Assets/Oculus/Interaction/Samples/Materials/DebugBody.fbx
  artifactKey: Guid(5b25e751187aed74499ddb0afb0dc5a3) Importer(815301076,1909f56bfc062723c751e8b465ee728b)
Start importing Assets/Oculus/Interaction/Samples/Materials/DebugBody.fbx using Guid(5b25e751187aed74499ddb0afb0dc5a3) Importer(815301076,1909f56bfc062723c751e8b465ee728b)  -> (artifact id: '3d5545146a8b132a08c6c6a4c6697d27') in 0.086572 seconds 
========================================================================
Received Import Request.
  Time since last request: 0.000024 seconds.
  path: Assets/PostProcessing/Utilities/CustomMotionTexture/Materials/DebugQuad.mat
  artifactKey: Guid(3c40c8fdc50a841579d7cb15882ac9d9) Importer(815301076,1909f56bfc062723c751e8b465ee728b)
Start importing Assets/PostProcessing/Utilities/CustomMotionTexture/Materials/DebugQuad.mat using Guid(3c40c8fdc50a841579d7cb15882ac9d9) Importer(815301076,1909f56bfc062723c751e8b465ee728b)  -> (artifact id: 'e40415490e80bcad439f224032a8da98') in 0.022214 seconds 
========================================================================
Received Import Request.
  Time since last request: 0.000025 seconds.
  path: Assets/ANIMALS FULL PACK/Deers/Deer Family/Deer_Calf/Materials/Deer_calf_Color.mat
  artifactKey: Guid(9c9d5e114024a3841acfe16ae5faef5a) Importer(815301076,1909f56bfc062723c751e8b465ee728b)
Start importing Assets/ANIMALS FULL PACK/Deers/Deer Family/Deer_Calf/Materials/Deer_calf_Color.mat using Guid(9c9d5e114024a3841acfe16ae5faef5a) Importer(815301076,1909f56bfc062723c751e8b465ee728b)  -> (artifact id: '6bddefaf43fd6817c1f1562658922a3b') in 0.336456 seconds 
========================================================================
Received Import Request.
  Time since last request: 0.000028 seconds.
  path: Assets/Water_FX_Collection/Garden_Hose/FBX/Materials/Daisies_mtl.mat
  artifactKey: Guid(73b0cbadbaea2da4daa2c95b81213282) Importer(815301076,1909f56bfc062723c751e8b465ee728b)
Start importing Assets/Water_FX_Collection/Garden_Hose/FBX/Materials/Daisies_mtl.mat using Guid(73b0cbadbaea2da4daa2c95b81213282) Importer(815301076,1909f56bfc062723c751e8b465ee728b)  -> (artifact id: 'eb41f3fd0a901f8ba1a248b7ecb3879b') in 0.120182 seconds 
========================================================================
Received Import Request.
  Time since last request: 0.000035 seconds.
  path: Assets/DynamicStarrySky/Demos/Space/Materials/Materials/Earth1kTexture.mat
  artifactKey: Guid(2a7bb874494770b449ab572260555bdc) Importer(815301076,1909f56bfc062723c751e8b465ee728b)
Start importing Assets/DynamicStarrySky/Demos/Space/Materials/Materials/Earth1kTexture.mat using Guid(2a7bb874494770b449ab572260555bdc) Importer(815301076,1909f56bfc062723c751e8b465ee728b)  -> (artifact id: '81a73a5cf7dc816f1963cfb469b98e8d') in 0.023313 seconds 
========================================================================
Received Import Request.
  Time since last request: 0.000025 seconds.
  path: Assets/Water_FX_Collection/Fire_Hose/FBX/Materials/door_handle_interior.mat
  artifactKey: Guid(9c273b9dfc470e24a81ba8445a6aa396) Importer(815301076,1909f56bfc062723c751e8b465ee728b)
Start importing Assets/Water_FX_Collection/Fire_Hose/FBX/Materials/door_handle_interior.mat using Guid(9c273b9dfc470e24a81ba8445a6aa396) Importer(815301076,1909f56bfc062723c751e8b465ee728b)  -> (artifact id: '0b3891ec0aff974d35e4b7a23abcea49') in 0.016122 seconds 
========================================================================
Received Import Request.
  Time since last request: 0.000024 seconds.
  path: Assets/vegetables/Ambient-Occlusion/Materials/Dirt.mat
  artifactKey: Guid(b994194d36ae78643a23ff72f42abcb9) Importer(815301076,1909f56bfc062723c751e8b465ee728b)
Start importing Assets/vegetables/Ambient-Occlusion/Materials/Dirt.mat using Guid(b994194d36ae78643a23ff72f42abcb9) Importer(815301076,1909f56bfc062723c751e8b465ee728b)  -> (artifact id: 'cd2847439ccffaab31f6e66c01147010') in 0.029833 seconds 
========================================================================
Received Import Request.
  Time since last request: 0.000031 seconds.
  path: Assets/Oculus/SampleFramework/Usage/SceneManager/Materials/Fabric.mat
  artifactKey: Guid(aae5e920b8e06ca44af918d3f48f4ad5) Importer(815301076,1909f56bfc062723c751e8b465ee728b)
Start importing Assets/Oculus/SampleFramework/Usage/SceneManager/Materials/Fabric.mat using Guid(aae5e920b8e06ca44af918d3f48f4ad5) Importer(815301076,1909f56bfc062723c751e8b465ee728b)  -> (artifact id: '6fe3790107886e5fd568103bdb29b558') in 0.125230 seconds 
========================================================================
Received Import Request.
  Time since last request: 0.000024 seconds.
  path: Assets/Oculus/Interaction/Runtime/Materials/DotGridUnlit.mat
  artifactKey: Guid(c8abc1d05afcf524eb9f7657ed06700d) Importer(815301076,1909f56bfc062723c751e8b465ee728b)
Start importing Assets/Oculus/Interaction/Runtime/Materials/DotGridUnlit.mat using Guid(c8abc1d05afcf524eb9f7657ed06700d) Importer(815301076,1909f56bfc062723c751e8b465ee728b)  -> (artifact id: '3d129956e79ca171ee65d4a679b270e4') in 0.043084 seconds 
========================================================================
Received Import Request.
  Time since last request: 0.000033 seconds.
  path: Assets/Visual Design Cafe/Nature Renderer Demo/Realistic/Art/Grass/Source Assets/Detailed Grass 01 LOD0.mat
  artifactKey: Guid(ecbc095465bcd0948b9ae5c6a7504ad9) Importer(815301076,1909f56bfc062723c751e8b465ee728b)
Start importing Assets/Visual Design Cafe/Nature Renderer Demo/Realistic/Art/Grass/Source Assets/Detailed Grass 01 LOD0.mat using Guid(ecbc095465bcd0948b9ae5c6a7504ad9) Importer(815301076,1909f56bfc062723c751e8b465ee728b)  -> (artifact id: 'b488cce05f7da66896a9aa65cbe2d04e') in 0.604111 seconds 
========================================================================
Received Import Request.
  Time since last request: 0.000033 seconds.
  path: Assets/Water_FX_Collection/Realistic_Water_Fountain/FBX/Materials/Fountain_Jet_mtl.mat
  artifactKey: Guid(4e550ffe57688d640a180db0d917d206) Importer(815301076,1909f56bfc062723c751e8b465ee728b)
Start importing Assets/Water_FX_Collection/Realistic_Water_Fountain/FBX/Materials/Fountain_Jet_mtl.mat using Guid(4e550ffe57688d640a180db0d917d206) Importer(815301076,1909f56bfc062723c751e8b465ee728b)  -> (artifact id: '52d7f981c0b01d0e063839af042ea107') in 0.023265 seconds 
========================================================================
Received Import Request.
  Time since last request: 0.000044 seconds.
  path: Assets/Water_FX_Collection/Realistic_Water_Fountain/FBX/Materials/Fountain_Edge_Water_mtl.mat
  artifactKey: Guid(682038cbb7a27c14aa261197829d0b85) Importer(815301076,1909f56bfc062723c751e8b465ee728b)
Start importing Assets/Water_FX_Collection/Realistic_Water_Fountain/FBX/Materials/Fountain_Edge_Water_mtl.mat using Guid(682038cbb7a27c14aa261197829d0b85) Importer(815301076,1909f56bfc062723c751e8b465ee728b)  -> (artifact id: '5a90109a51d5f05501c80b823e1c7c87') in 0.017176 seconds 
========================================================================
Received Import Request.
  Time since last request: 42.452703 seconds.
  path: Assets/Water_FX_Collection/Beach_Waves/FBX/Water_Wave_Mesh.fbx
  artifactKey: Guid(50570b4976eaa1e48a98795bbe9135f8) Importer(815301076,1909f56bfc062723c751e8b465ee728b)
Start importing Assets/Water_FX_Collection/Beach_Waves/FBX/Water_Wave_Mesh.fbx using Guid(50570b4976eaa1e48a98795bbe9135f8) Importer(815301076,1909f56bfc062723c751e8b465ee728b)  -> (artifact id: '2c7bd54ab6490aa21e1cfd1457b48990') in 0.022984 seconds 
========================================================================
Received Import Request.
  Time since last request: 0.000025 seconds.
  path: Assets/Oculus/SampleFramework/Usage/Locomotion/Models/WedgeCeiling_10.fbx
  artifactKey: Guid(5a57539efb226489f93795837f26cd06) Importer(815301076,1909f56bfc062723c751e8b465ee728b)
Start importing Assets/Oculus/SampleFramework/Usage/Locomotion/Models/WedgeCeiling_10.fbx using Guid(5a57539efb226489f93795837f26cd06) Importer(815301076,1909f56bfc062723c751e8b465ee728b)  -> (artifact id: 'a53eb375cad254cff6156bffe1299f4c') in 0.029618 seconds 
========================================================================
Received Import Request.
  Time since last request: 0.000024 seconds.
  path: Assets/Oculus/SampleFramework/Usage/Locomotion/Models/WedgeFloor_10.fbx
  artifactKey: Guid(2225882751f554d0989a705cd3846b1c) Importer(815301076,1909f56bfc062723c751e8b465ee728b)
Start importing Assets/Oculus/SampleFramework/Usage/Locomotion/Models/WedgeFloor_10.fbx using Guid(2225882751f554d0989a705cd3846b1c) Importer(815301076,1909f56bfc062723c751e8b465ee728b)  -> (artifact id: '1608d70d7b49ee24c933444725eff76d') in 0.024497 seconds 
========================================================================
Received Import Request.
  Time since last request: 0.000025 seconds.
  path: Assets/ANIMALS FULL PACK/Wolf_Male/fbx/Wolf_male_HighPoly.fbx
  artifactKey: Guid(5c92f1a36c1c3f64bb465a3b459b3005) Importer(815301076,1909f56bfc062723c751e8b465ee728b)
Start importing Assets/ANIMALS FULL PACK/Wolf_Male/fbx/Wolf_male_HighPoly.fbx using Guid(5c92f1a36c1c3f64bb465a3b459b3005) Importer(815301076,1909f56bfc062723c751e8b465ee728b)  -> (artifact id: 'efe8bc23fe0da031d8b6089b663f5880') in 0.112746 seconds 
========================================================================
Received Import Request.
  Time since last request: 0.000030 seconds.
  path: Assets/Oculus/Spatializer/scenes/Standard Assets/Character Controllers/Sources/PrototypeCharacter/Constructor.FBX
  artifactKey: Guid(449b48f7eb5d87a4baaa5fb73f875a59) Importer(815301076,1909f56bfc062723c751e8b465ee728b)
Start importing Assets/Oculus/Spatializer/scenes/Standard Assets/Character Controllers/Sources/PrototypeCharacter/Constructor.FBX using Guid(449b48f7eb5d87a4baaa5fb73f875a59) Importer(815301076,1909f56bfc062723c751e8b465ee728b)  -> (artifact id: 'b3cff04abd5d7af2800f5449dab7af0a') in 0.152634 seconds 
========================================================================
Received Import Request.
  Time since last request: 0.000039 seconds.
  path: Assets/ANIMALS FULL PACK/Wolf_Male/fbx/IP_animations/Wolf_male_full_IP.fbx
  artifactKey: Guid(62938b66dc992c44392f6cb0f5599255) Importer(815301076,1909f56bfc062723c751e8b465ee728b)
Start importing Assets/ANIMALS FULL PACK/Wolf_Male/fbx/IP_animations/Wolf_male_full_IP.fbx using Guid(62938b66dc992c44392f6cb0f5599255) Importer(815301076,1909f56bfc062723c751e8b465ee728b)  -> (artifact id: 'd023a032756b92cf954ce5515737cc33') in 0.178931 seconds 
========================================================================
Received Import Request.
  Time since last request: 0.000026 seconds.
  path: Assets/Oculus/Interaction/Samples/Objects/Environment/Room/Models/SmallRoom.fbx
  artifactKey: Guid(78906942dba6db24ca155679a45f60ef) Importer(815301076,1909f56bfc062723c751e8b465ee728b)
Start importing Assets/Oculus/Interaction/Samples/Objects/Environment/Room/Models/SmallRoom.fbx using Guid(78906942dba6db24ca155679a45f60ef) Importer(815301076,1909f56bfc062723c751e8b465ee728b)  -> (artifact id: 'f80de49ee08b4d77d8d24e4cb26c15c1') in 0.334899 seconds 
========================================================================
Received Import Request.
  Time since last request: 4.256504 seconds.
  path: Assets/Oculus/Interaction/Samples/Objects/Environment/SmallRoom/Models/smallRoom.fbx
  artifactKey: Guid(f7c82b9ce28f07e4fa7f50280661a061) Importer(815301076,1909f56bfc062723c751e8b465ee728b)
Start importing Assets/Oculus/Interaction/Samples/Objects/Environment/SmallRoom/Models/smallRoom.fbx using Guid(f7c82b9ce28f07e4fa7f50280661a061) Importer(815301076,1909f56bfc062723c751e8b465ee728b)  -> (artifact id: 'ec979f683accde733dd612b5c9cb5174') in 0.131781 seconds 
========================================================================
Received Import Request.
  Time since last request: 0.000026 seconds.
  path: Assets/Oculus/SampleFramework/Usage/Locomotion/Models/WorldGeo.fbx
  artifactKey: Guid(fb9ba08c9d86b5a409b5fe2eb4f02f5a) Importer(815301076,1909f56bfc062723c751e8b465ee728b)
Start importing Assets/Oculus/SampleFramework/Usage/Locomotion/Models/WorldGeo.fbx using Guid(fb9ba08c9d86b5a409b5fe2eb4f02f5a) Importer(815301076,1909f56bfc062723c751e8b465ee728b)  -> (artifact id: '358bfb92e80c5bcb39b600ad1f2148f4') in 0.339799 seconds 
========================================================================
Received Import Request.
  Time since last request: 0.000032 seconds.
  path: Assets/Oculus/SampleFramework/Usage/HandsTrainExample/Models/SelectionCylinder.fbx
  artifactKey: Guid(f167bd156a4b5ff4faf061ab4ce336cb) Importer(815301076,1909f56bfc062723c751e8b465ee728b)
Start importing Assets/Oculus/SampleFramework/Usage/HandsTrainExample/Models/SelectionCylinder.fbx using Guid(f167bd156a4b5ff4faf061ab4ce336cb) Importer(815301076,1909f56bfc062723c751e8b465ee728b)  -> (artifact id: '859dc92505417539181778dd78faf5ea') in 0.053432 seconds 
========================================================================
Received Import Request.
  Time since last request: 0.000025 seconds.
  path: Assets/StarterAssets/Environment/Art/Models/Box_350x250x300_Mesh.fbx
  artifactKey: Guid(d2f0da3998423f44594868ffed55c3e6) Importer(815301076,1909f56bfc062723c751e8b465ee728b)
Start importing Assets/StarterAssets/Environment/Art/Models/Box_350x250x300_Mesh.fbx using Guid(d2f0da3998423f44594868ffed55c3e6) Importer(815301076,1909f56bfc062723c751e8b465ee728b)  -> (artifact id: 'a4459734cf0e9966915ffb35bdd941b8') in 0.032250 seconds 
========================================================================
Received Import Request.
  Time since last request: 0.000023 seconds.
  path: Assets/Oculus/SampleFramework/Usage/Locomotion/Models/BlockSunken_01.fbx
  artifactKey: Guid(2e61cf7303ea3498891f76a09f2fcc60) Importer(815301076,1909f56bfc062723c751e8b465ee728b)
Start importing Assets/Oculus/SampleFramework/Usage/Locomotion/Models/BlockSunken_01.fbx using Guid(2e61cf7303ea3498891f76a09f2fcc60) Importer(815301076,1909f56bfc062723c751e8b465ee728b)  -> (artifact id: 'f6559cb788d0891e1baf5cbf29d1d6c1') in 0.023576 seconds 
========================================================================
Received Import Request.
  Time since last request: 0.000023 seconds.
  path: Assets/ANIMALS FULL PACK/Bear_Female/fbx/IP_animations/Bear_female_IP_full.fbx
  artifactKey: Guid(06e5a75353fda3a44a19b4230273bb52) Importer(815301076,1909f56bfc062723c751e8b465ee728b)
Start importing Assets/ANIMALS FULL PACK/Bear_Female/fbx/IP_animations/Bear_female_IP_full.fbx using Guid(06e5a75353fda3a44a19b4230273bb52) Importer(815301076,1909f56bfc062723c751e8b465ee728b)  -> (artifact id: 'd87b28e0b9f1f5910589162beea9b89e') in 0.154619 seconds 
========================================================================
Received Import Request.
  Time since last request: 0.000028 seconds.
  path: Assets/ANIMALS FULL PACK/Bear_Female/fbx/RM_animations/Bear_female_RM_full.fbx
  artifactKey: Guid(f1c0c401a6e3a27499528888390babf0) Importer(815301076,1909f56bfc062723c751e8b465ee728b)
Start importing Assets/ANIMALS FULL PACK/Bear_Female/fbx/RM_animations/Bear_female_RM_full.fbx using Guid(f1c0c401a6e3a27499528888390babf0) Importer(815301076,1909f56bfc062723c751e8b465ee728b)  -> (artifact id: '612da04e0a43ec9b9ce8bd4668dc59f6') in 0.171674 seconds 
========================================================================
Received Import Request.
  Time since last request: 9.821058 seconds.
  path: Assets/Oculus/SampleFramework/Usage/Locomotion/Models/Cube_1_3.fbx
  artifactKey: Guid(ced5e2b8b344542e3ba04620048ca68b) Importer(815301076,1909f56bfc062723c751e8b465ee728b)
Start importing Assets/Oculus/SampleFramework/Usage/Locomotion/Models/Cube_1_3.fbx using Guid(ced5e2b8b344542e3ba04620048ca68b) Importer(815301076,1909f56bfc062723c751e8b465ee728b)  -> (artifact id: 'e8f6910c6ac012e3ad89c3172cd50f12') in 0.024951 seconds 
========================================================================
Received Import Request.
  Time since last request: 0.293230 seconds.
  path: Assets/Oculus/SampleFramework/Usage/Locomotion/Models/Cube_1_8.fbx
  artifactKey: Guid(5e499b0e5bd2f4813ac6a5fc723b3d44) Importer(815301076,1909f56bfc062723c751e8b465ee728b)
Start importing Assets/Oculus/SampleFramework/Usage/Locomotion/Models/Cube_1_8.fbx using Guid(5e499b0e5bd2f4813ac6a5fc723b3d44) Importer(815301076,1909f56bfc062723c751e8b465ee728b)  -> (artifact id: '3a5381f0c4816fa27d3e92466ce3aedb') in 0.024309 seconds 
========================================================================
Received Import Request.
  Time since last request: 0.000025 seconds.
  path: Assets/Oculus/SampleFramework/Usage/Locomotion/Models/Cube_1_10.fbx
  artifactKey: Guid(40647bdf142454da38ca8b4c0fb495a8) Importer(815301076,1909f56bfc062723c751e8b465ee728b)
Start importing Assets/Oculus/SampleFramework/Usage/Locomotion/Models/Cube_1_10.fbx using Guid(40647bdf142454da38ca8b4c0fb495a8) Importer(815301076,1909f56bfc062723c751e8b465ee728b)  -> (artifact id: 'b9a194fbbb36f70d937d6abd087a36da') in 0.024853 seconds 
========================================================================
Received Import Request.
  Time since last request: 0.000023 seconds.
  path: Assets/Oculus/SampleFramework/Usage/Locomotion/Models/Cube_1_9.fbx
  artifactKey: Guid(27b0bc30a7a594c8ebf062ec735d41e0) Importer(815301076,1909f56bfc062723c751e8b465ee728b)
Start importing Assets/Oculus/SampleFramework/Usage/Locomotion/Models/Cube_1_9.fbx using Guid(27b0bc30a7a594c8ebf062ec735d41e0) Importer(815301076,1909f56bfc062723c751e8b465ee728b)  -> (artifact id: '2f7b1d11aac4fb4483d9e7978d133ece') in 0.026158 seconds 
========================================================================
Received Import Request.
  Time since last request: 0.291634 seconds.
  path: Assets/Water_FX_Collection/Garden_Lawn_Sprinkler/FBX/Daisys.fbx
  artifactKey: Guid(47b71668dd794c4449e14f704e99fa3d) Importer(815301076,1909f56bfc062723c751e8b465ee728b)
Start importing Assets/Water_FX_Collection/Garden_Lawn_Sprinkler/FBX/Daisys.fbx using Guid(47b71668dd794c4449e14f704e99fa3d) Importer(815301076,1909f56bfc062723c751e8b465ee728b)  -> (artifact id: '5fe6de1cf5e42246cd6fca144d947491') in 0.020040 seconds 
========================================================================
Received Import Request.
  Time since last request: 0.608362 seconds.
  path: Assets/ANIMALS FULL PACK/Deers/Deer Family/Deer_Calf/fbx/Deer_calf_LODs.fbx
  artifactKey: Guid(94179eaf16ca42e46abb406e84c94bd9) Importer(815301076,1909f56bfc062723c751e8b465ee728b)
Start importing Assets/ANIMALS FULL PACK/Deers/Deer Family/Deer_Calf/fbx/Deer_calf_LODs.fbx using Guid(94179eaf16ca42e46abb406e84c94bd9) Importer(815301076,1909f56bfc062723c751e8b465ee728b)  -> (artifact id: '9793183b2c593a30cdc51c724e1a7aff') in 0.117782 seconds 
========================================================================
Received Import Request.
  Time since last request: 0.000026 seconds.
  path: Assets/ANIMALS FULL PACK/Deers/Deer Family/Deer_Calf/fbx/Deer_calf_HighPoly.fbx
  artifactKey: Guid(68dc88e2c858de0488a321ac2d650b99) Importer(815301076,1909f56bfc062723c751e8b465ee728b)
Start importing Assets/ANIMALS FULL PACK/Deers/Deer Family/Deer_Calf/fbx/Deer_calf_HighPoly.fbx using Guid(68dc88e2c858de0488a321ac2d650b99) Importer(815301076,1909f56bfc062723c751e8b465ee728b)  -> (artifact id: 'adf65ad8a7c9b2015f466fca6fc3c1fe') in 0.073967 seconds 
========================================================================
Received Import Request.
  Time since last request: 0.000030 seconds.
  path: Assets/ANIMALS FULL PACK/Deers/Deer Family/Deer_Doe/fbx/Deer_doe_HighPoly.fbx
  artifactKey: Guid(e2b1742de6d201145b885ded5bc8bcc9) Importer(815301076,1909f56bfc062723c751e8b465ee728b)
Start importing Assets/ANIMALS FULL PACK/Deers/Deer Family/Deer_Doe/fbx/Deer_doe_HighPoly.fbx using Guid(e2b1742de6d201145b885ded5bc8bcc9) Importer(815301076,1909f56bfc062723c751e8b465ee728b)  -> (artifact id: '5834638d605c331bbc838033552e95ef') in 0.077251 seconds 
========================================================================
Received Import Request.
  Time since last request: 0.000037 seconds.
  path: Assets/vegetables/Ambient-Occlusion/Aubergine_lod0_High.fbx
  artifactKey: Guid(0f42357a966d1ae42a67faff9012a6c8) Importer(815301076,1909f56bfc062723c751e8b465ee728b)
Start importing Assets/vegetables/Ambient-Occlusion/Aubergine_lod0_High.fbx using Guid(0f42357a966d1ae42a67faff9012a6c8) Importer(815301076,1909f56bfc062723c751e8b465ee728b)  -> (artifact id: '082cec48113ca51310ec5748771bec4b') in 0.030975 seconds 
========================================================================
Received Import Request.
  Time since last request: 0.000025 seconds.
  path: Assets/vegetables/Ambient-Occlusion/Aubergine_lod0.fbx
  artifactKey: Guid(a180b8488f1df97418439c0c07279e04) Importer(815301076,1909f56bfc062723c751e8b465ee728b)
Start importing Assets/vegetables/Ambient-Occlusion/Aubergine_lod0.fbx using Guid(a180b8488f1df97418439c0c07279e04) Importer(815301076,1909f56bfc062723c751e8b465ee728b)  -> (artifact id: '9339fca391b49def55761230affa76ed') in 0.032165 seconds 
========================================================================
Received Import Request.
  Time since last request: 0.000029 seconds.
  path: Assets/vegetables/Ambient-Occlusion/Aubergine2_lod1.fbx
  artifactKey: Guid(d0d8d36f1eb3cd04382e7e5967ad0539) Importer(815301076,1909f56bfc062723c751e8b465ee728b)
Start importing Assets/vegetables/Ambient-Occlusion/Aubergine2_lod1.fbx using Guid(d0d8d36f1eb3cd04382e7e5967ad0539) Importer(815301076,1909f56bfc062723c751e8b465ee728b)  -> (artifact id: 'ed117a28dfa3bbc14fe71c2152c10e96') in 0.033717 seconds 
========================================================================
Received Import Request.
  Time since last request: 0.000026 seconds.
  path: Assets/ANIMALS FULL PACK/Deers/Deer Family/Deer_Doe/fbx/Deer_doe_LowPoly.fbx
  artifactKey: Guid(3b595887b9718cf4a83110892ff4437b) Importer(815301076,1909f56bfc062723c751e8b465ee728b)
Start importing Assets/ANIMALS FULL PACK/Deers/Deer Family/Deer_Doe/fbx/Deer_doe_LowPoly.fbx using Guid(3b595887b9718cf4a83110892ff4437b) Importer(815301076,1909f56bfc062723c751e8b465ee728b)  -> (artifact id: '8f0e28ceb1886533b952501273fb11d0') in 0.074549 seconds 
========================================================================
Received Import Request.
  Time since last request: 0.000033 seconds.
  path: Assets/vegetables/Ambient-Occlusion/Chillismall_lod0.fbx
  artifactKey: Guid(76692cfbce25a994884fdd01dbbef749) Importer(815301076,1909f56bfc062723c751e8b465ee728b)
Start importing Assets/vegetables/Ambient-Occlusion/Chillismall_lod0.fbx using Guid(76692cfbce25a994884fdd01dbbef749) Importer(815301076,1909f56bfc062723c751e8b465ee728b)  -> (artifact id: '446f7808c06a3a7fb8c59a33babf36ae') in 0.031174 seconds 
========================================================================
Received Import Request.
  Time since last request: 0.774253 seconds.
  path: Assets/vegetables/Ambient-Occlusion/Lettuce3_lod1.fbx
  artifactKey: Guid(2bb8643c5044f6c4d9530939fb669440) Importer(815301076,1909f56bfc062723c751e8b465ee728b)
Start importing Assets/vegetables/Ambient-Occlusion/Lettuce3_lod1.fbx using Guid(2bb8643c5044f6c4d9530939fb669440) Importer(815301076,1909f56bfc062723c751e8b465ee728b)  -> (artifact id: '8a90d348d39e7242593e74c5e7c98cef') in 0.022484 seconds 
========================================================================
Received Import Request.
  Time since last request: 0.000023 seconds.
  path: Assets/vegetables/Ambient-Occlusion/ChiliLg_lod0_High.fbx
  artifactKey: Guid(aee5d8b721f203a4e9ecbec6b9f30c64) Importer(815301076,1909f56bfc062723c751e8b465ee728b)
Start importing Assets/vegetables/Ambient-Occlusion/ChiliLg_lod0_High.fbx using Guid(aee5d8b721f203a4e9ecbec6b9f30c64) Importer(815301076,1909f56bfc062723c751e8b465ee728b)  -> (artifact id: 'd32f95c4f43c8bd6a43589573b2fc4b8') in 0.027894 seconds 
========================================================================
Received Import Request.
  Time since last request: 0.000030 seconds.
  path: Assets/vegetables/Ambient-Occlusion/Lettuce3_lod2.fbx
  artifactKey: Guid(836f169e29016c044855499ab8ce653f) Importer(815301076,1909f56bfc062723c751e8b465ee728b)
Start importing Assets/vegetables/Ambient-Occlusion/Lettuce3_lod2.fbx using Guid(836f169e29016c044855499ab8ce653f) Importer(815301076,1909f56bfc062723c751e8b465ee728b)  -> (artifact id: '2505ac9fefd3260b2df2171a73e94880') in 0.022263 seconds 
========================================================================
Received Import Request.
  Time since last request: 0.000036 seconds.
  path: Assets/vegetables/Ambient-Occlusion/cucmber_lod0_High.fbx
  artifactKey: Guid(3e36966d5e4adc6439a69193f2c8f7d1) Importer(815301076,1909f56bfc062723c751e8b465ee728b)
Start importing Assets/vegetables/Ambient-Occlusion/cucmber_lod0_High.fbx using Guid(3e36966d5e4adc6439a69193f2c8f7d1) Importer(815301076,1909f56bfc062723c751e8b465ee728b)  -> (artifact id: 'cf73c17f9c5047b6c86e1d0b2fcd8311') in 0.027511 seconds 
========================================================================
Received Import Request.
  Time since last request: 0.000024 seconds.
  path: Assets/vegetables/Ambient-Occlusion/Carrots_lod2.fbx
  artifactKey: Guid(cbf0c951195492342acb54b8b45163a9) Importer(815301076,1909f56bfc062723c751e8b465ee728b)
Start importing Assets/vegetables/Ambient-Occlusion/Carrots_lod2.fbx using Guid(cbf0c951195492342acb54b8b45163a9) Importer(815301076,1909f56bfc062723c751e8b465ee728b)  -> (artifact id: 'ee597e8b4efa2b569f82a73bdb5b5d5b') in 0.028393 seconds 
========================================================================
Received Import Request.
  Time since last request: 0.000094 seconds.
  path: Assets/vegetables/Ambient-Occlusion/Chillismall_lod0_High.fbx
  artifactKey: Guid(4fba103d04c7f5d418fccc9483e53b5f) Importer(815301076,1909f56bfc062723c751e8b465ee728b)
Start importing Assets/vegetables/Ambient-Occlusion/Chillismall_lod0_High.fbx using Guid(4fba103d04c7f5d418fccc9483e53b5f) Importer(815301076,1909f56bfc062723c751e8b465ee728b)  -> (artifact id: 'e7d12a5ffe39b5b2364bbd6aa61dcbde') in 0.028212 seconds 
========================================================================
Received Import Request.
  Time since last request: 0.000024 seconds.
  path: Assets/vegetables/Ambient-Occlusion/Corn_lod2.fbx
  artifactKey: Guid(5ea0f17a806dfa04c8f7218bbc491c6b) Importer(815301076,1909f56bfc062723c751e8b465ee728b)
Start importing Assets/vegetables/Ambient-Occlusion/Corn_lod2.fbx using Guid(5ea0f17a806dfa04c8f7218bbc491c6b) Importer(815301076,1909f56bfc062723c751e8b465ee728b)  -> (artifact id: 'c22514d667f8a0f45f6d8a8e3b3abb60') in 0.027956 seconds 
========================================================================
Received Import Request.
  Time since last request: 0.814833 seconds.
  path: Assets/Water_FX_Collection/Fire_Hose/FBX/Emergency_Light_Gobo.fbx
  artifactKey: Guid(8b4fef03be4cdd94787caaa4f89dc17f) Importer(815301076,1909f56bfc062723c751e8b465ee728b)
Start importing Assets/Water_FX_Collection/Fire_Hose/FBX/Emergency_Light_Gobo.fbx using Guid(8b4fef03be4cdd94787caaa4f89dc17f) Importer(815301076,1909f56bfc062723c751e8b465ee728b)  -> (artifact id: 'ddff1bf75758fa5d1f379f4e7eb38fb5') in 0.025857 seconds 
========================================================================
Received Import Request.
  Time since last request: 0.000029 seconds.
  path: Assets/Oculus/Interaction/Samples/Objects/Environment/Locomotion/Models/Materials/LocomotionWaterMat.fbx
  artifactKey: Guid(bc66c719ba9d54f3db3d05d3f1863cb8) Importer(815301076,1909f56bfc062723c751e8b465ee728b)
Start importing Assets/Oculus/Interaction/Samples/Objects/Environment/Locomotion/Models/Materials/LocomotionWaterMat.fbx using Guid(bc66c719ba9d54f3db3d05d3f1863cb8) Importer(815301076,1909f56bfc062723c751e8b465ee728b)  -> (artifact id: 'e405a138842b5b4613b01aa21c984874') in 0.242695 seconds 
========================================================================
Received Import Request.
  Time since last request: 0.000028 seconds.
  path: Assets/Visual Design Cafe/Nature Renderer Demo/Realistic/Art/Flowering Plants/Source Assets/Flowering Plant 02 Variant 1.fbx
  artifactKey: Guid(eaf269d5ca5b18c498a8dfad36da2f98) Importer(815301076,1909f56bfc062723c751e8b465ee728b)
Start importing Assets/Visual Design Cafe/Nature Renderer Demo/Realistic/Art/Flowering Plants/Source Assets/Flowering Plant 02 Variant 1.fbx using Guid(eaf269d5ca5b18c498a8dfad36da2f98) Importer(815301076,1909f56bfc062723c751e8b465ee728b)  -> (artifact id: 'f7a2561b969c280726d56c6b0beaf7a3') in 0.547573 seconds 
========================================================================
Received Import Request.
  Time since last request: 0.000035 seconds.
  path: Assets/Oculus/SampleFramework/Core/CustomHands/GrabConeVolume.asset
  artifactKey: Guid(687d21fc72e51324cbb1c3078c72718e) Importer(815301076,1909f56bfc062723c751e8b465ee728b)
Start importing Assets/Oculus/SampleFramework/Core/CustomHands/GrabConeVolume.asset using Guid(687d21fc72e51324cbb1c3078c72718e) Importer(815301076,1909f56bfc062723c751e8b465ee728b)  -> (artifact id: '17726d1203297e302688dcb308ceada7') in 0.013771 seconds 
========================================================================
Received Import Request.
  Time since last request: 0.598813 seconds.
  path: Assets/Oculus/Interaction/Samples/Objects/Props/ChessPiece/Models/simpleGrabKnightConvexHulls.fbx
  artifactKey: Guid(6626c40df85db304a9ab41baa2178c45) Importer(815301076,1909f56bfc062723c751e8b465ee728b)
Start importing Assets/Oculus/Interaction/Samples/Objects/Props/ChessPiece/Models/simpleGrabKnightConvexHulls.fbx using Guid(6626c40df85db304a9ab41baa2178c45) Importer(815301076,1909f56bfc062723c751e8b465ee728b)  -> (artifact id: 'e83906bdb56c7376aaee62f097730905') in 0.073575 seconds 
========================================================================
Received Import Request.
  Time since last request: 0.000023 seconds.
  path: Assets/Oculus/SampleFramework/Core/TouchControllers/Models/left_touch_controller_model_skel.fbx
  artifactKey: Guid(1bf8f52eeebe8e149b9d6e3477251532) Importer(815301076,1909f56bfc062723c751e8b465ee728b)
Start importing Assets/Oculus/SampleFramework/Core/TouchControllers/Models/left_touch_controller_model_skel.fbx using Guid(1bf8f52eeebe8e149b9d6e3477251532) Importer(815301076,1909f56bfc062723c751e8b465ee728b)  -> (artifact id: 'd78280f94afbd782b6c2f8601331be2e') in 0.127635 seconds 
========================================================================
Received Import Request.
  Time since last request: 0.000027 seconds.
  path: Assets/Oculus/Interaction/Samples/Objects/Environment/Locomotion/Models/Meta_LocomotionBench.fbx
  artifactKey: Guid(5591613db3f171d44ba7aed51c6351f9) Importer(815301076,1909f56bfc062723c751e8b465ee728b)
Start importing Assets/Oculus/Interaction/Samples/Objects/Environment/Locomotion/Models/Meta_LocomotionBench.fbx using Guid(5591613db3f171d44ba7aed51c6351f9) Importer(815301076,1909f56bfc062723c751e8b465ee728b)  -> (artifact id: '28c8d53dfaa2f7f42a1a12472345032a') in 0.065600 seconds 
========================================================================
Received Import Request.
  Time since last request: 0.144590 seconds.
  path: Assets/vegetables/Ambient-Occlusion/onion_lod1.fbx
  artifactKey: Guid(ea9809f052e3c624c860cb683df7f758) Importer(815301076,1909f56bfc062723c751e8b465ee728b)
Start importing Assets/vegetables/Ambient-Occlusion/onion_lod1.fbx using Guid(ea9809f052e3c624c860cb683df7f758) Importer(815301076,1909f56bfc062723c751e8b465ee728b)  -> (artifact id: '4fff60b82b77f0516896a76148a33a0f') in 0.023409 seconds 
========================================================================
Received Import Request.
  Time since last request: 0.000023 seconds.
  path: Assets/vegetables/Ambient-Occlusion/corn_fruit_lod0.fbx
  artifactKey: Guid(17899f5eb55dbab4d9d816a490983b4a) Importer(815301076,1909f56bfc062723c751e8b465ee728b)
Start importing Assets/vegetables/Ambient-Occlusion/corn_fruit_lod0.fbx using Guid(17899f5eb55dbab4d9d816a490983b4a) Importer(815301076,1909f56bfc062723c751e8b465ee728b)  -> (artifact id: '69f86af4843e55f5dd4dbb12b017963b') in 0.024582 seconds 
========================================================================
Received Import Request.
  Time since last request: 0.000029 seconds.
  path: Assets/vegetables/Ambient-Occlusion/cucumberfruit_lod0.fbx
  artifactKey: Guid(88bee82eefd284347afdfdc6e2557b86) Importer(815301076,1909f56bfc062723c751e8b465ee728b)
Start importing Assets/vegetables/Ambient-Occlusion/cucumberfruit_lod0.fbx using Guid(88bee82eefd284347afdfdc6e2557b86) Importer(815301076,1909f56bfc062723c751e8b465ee728b)  -> (artifact id: 'a2a218772d933e4010fe9bc7f803b7b7') in 0.024526 seconds 
========================================================================
Received Import Request.
  Time since last request: 0.000032 seconds.
  path: Assets/Oculus/Interaction/Samples/Objects/Environment/Locomotion/Models/Meta_LocomotionGround.fbx
  artifactKey: Guid(29320031637a8e1449539092eb140cb5) Importer(815301076,1909f56bfc062723c751e8b465ee728b)
Start importing Assets/Oculus/Interaction/Samples/Objects/Environment/Locomotion/Models/Meta_LocomotionGround.fbx using Guid(29320031637a8e1449539092eb140cb5) Importer(815301076,1909f56bfc062723c751e8b465ee728b)  -> (artifact id: '4d5e3c211b3a51c92a020a2f173a5df0') in 0.304371 seconds 
========================================================================
Received Import Request.
  Time since last request: 0.386695 seconds.
  path: Assets/vegetables/Ambient-Occlusion/Onions_lod2.fbx
  artifactKey: Guid(b49f6e6efb3b3fd4f91108a956ad2fe3) Importer(815301076,1909f56bfc062723c751e8b465ee728b)
Start importing Assets/vegetables/Ambient-Occlusion/Onions_lod2.fbx using Guid(b49f6e6efb3b3fd4f91108a956ad2fe3) Importer(815301076,1909f56bfc062723c751e8b465ee728b)  -> (artifact id: '40b217f2b4b5bb7ae0966722ad1897ee') in 0.029401 seconds 
========================================================================
Received Import Request.
  Time since last request: 0.811237 seconds.
  path: Assets/Oculus/Interaction/Samples/Objects/Props/Locomotion/Materials/MetaLocoTutorialUIMat.fbx
  artifactKey: Guid(7cee51529ca3046bd8a94b96d93191ea) Importer(815301076,1909f56bfc062723c751e8b465ee728b)
Start importing Assets/Oculus/Interaction/Samples/Objects/Props/Locomotion/Materials/MetaLocoTutorialUIMat.fbx using Guid(7cee51529ca3046bd8a94b96d93191ea) Importer(815301076,1909f56bfc062723c751e8b465ee728b)  -> (artifact id: '7e21416baa1efe4664d0f096318a159c') in 0.029534 seconds 
========================================================================
Received Import Request.
  Time since last request: 0.000026 seconds.
  path: Assets/Oculus/Interaction/Samples/Materials/Planet.fbx
  artifactKey: Guid(b18ecf061c91da1439b820dd542f206d) Importer(815301076,1909f56bfc062723c751e8b465ee728b)
Start importing Assets/Oculus/Interaction/Samples/Materials/Planet.fbx using Guid(b18ecf061c91da1439b820dd542f206d) Importer(815301076,1909f56bfc062723c751e8b465ee728b)  -> (artifact id: 'bf01934600ae75a89f94220ab9464c62') in 0.033978 seconds 
========================================================================
Received Import Request.
  Time since last request: 0.000022 seconds.
  path: Assets/Oculus/Interaction/Samples/Objects/Props/Plants/PlantUmbrella.fbx
  artifactKey: Guid(c085e05b7ebd9074eaaa0da62b1293c5) Importer(815301076,1909f56bfc062723c751e8b465ee728b)
Start importing Assets/Oculus/Interaction/Samples/Objects/Props/Plants/PlantUmbrella.fbx using Guid(c085e05b7ebd9074eaaa0da62b1293c5) Importer(815301076,1909f56bfc062723c751e8b465ee728b)  -> (artifact id: '11e6d726864ec54e9a91689c569b266a') in 0.091167 seconds 
========================================================================
Received Import Request.
  Time since last request: 0.000027 seconds.
  path: Assets/Oculus/SampleFramework/Core/TouchControllers/Models/right_touch_controller_model_skel.fbx
  artifactKey: Guid(270ca9aaa39af4d4bb26754fdce0c971) Importer(815301076,1909f56bfc062723c751e8b465ee728b)
Start importing Assets/Oculus/SampleFramework/Core/TouchControllers/Models/right_touch_controller_model_skel.fbx using Guid(270ca9aaa39af4d4bb26754fdce0c971) Importer(815301076,1909f56bfc062723c751e8b465ee728b)  -> (artifact id: 'd8aaae9b4fb92c092ec0c442f3080f01') in 0.124103 seconds 
========================================================================
Received Import Request.
  Time since last request: 0.061646 seconds.
  path: Assets/Visual Design Cafe/Nature Renderer Demo/Realistic/Art/Rocks/Source Assets/Rock_C_01.fbx
  artifactKey: Guid(9ec4ab395efae3f44b859f77742dd451) Importer(815301076,1909f56bfc062723c751e8b465ee728b)
Start importing Assets/Visual Design Cafe/Nature Renderer Demo/Realistic/Art/Rocks/Source Assets/Rock_C_01.fbx using Guid(9ec4ab395efae3f44b859f77742dd451) Importer(815301076,1909f56bfc062723c751e8b465ee728b)  -> (artifact id: 'fcc8b9ff272aeb7c9ad218fd12c21b3b') in 0.397292 seconds 
========================================================================
Received Import Request.
  Time since last request: 0.154523 seconds.
  path: Assets/Oculus/SampleFramework/Usage/SharedAssets/Models/SportsBottle_01.fbx
  artifactKey: Guid(6bc9bd2834c994245845178cc95f9233) Importer(815301076,1909f56bfc062723c751e8b465ee728b)
Start importing Assets/Oculus/SampleFramework/Usage/SharedAssets/Models/SportsBottle_01.fbx using Guid(6bc9bd2834c994245845178cc95f9233) Importer(815301076,1909f56bfc062723c751e8b465ee728b)  -> (artifact id: 'a24c6bc8738ed2c1723049a63ccdb6c4') in 0.033161 seconds 
========================================================================
Received Import Request.
  Time since last request: 0.000024 seconds.
  path: Assets/Oculus/SampleFramework/Usage/DistanceGrab/Models/squirtgun_01.fbx
  artifactKey: Guid(167926330d1a648699b66decd0abd87a) Importer(815301076,1909f56bfc062723c751e8b465ee728b)
Start importing Assets/Oculus/SampleFramework/Usage/DistanceGrab/Models/squirtgun_01.fbx using Guid(167926330d1a648699b66decd0abd87a) Importer(815301076,1909f56bfc062723c751e8b465ee728b)  -> (artifact id: '6d0792dbf7b5eba5aba3a66f658c38fe') in 0.055963 seconds 
========================================================================
Received Import Request.
  Time since last request: 0.000028 seconds.
  path: Assets/Oculus/SampleFramework/Usage/SharedAssets/Models/table_01.fbx
  artifactKey: Guid(1ee2328736527460b965c63e3bf6c1d8) Importer(815301076,1909f56bfc062723c751e8b465ee728b)
Start importing Assets/Oculus/SampleFramework/Usage/SharedAssets/Models/table_01.fbx using Guid(1ee2328736527460b965c63e3bf6c1d8) Importer(815301076,1909f56bfc062723c751e8b465ee728b)  -> (artifact id: '1dcd6f264516f3d87a0a891f85e41d5b') in 0.033161 seconds 
========================================================================
Received Import Request.
  Time since last request: 0.000032 seconds.
  path: Assets/Water_FX_Collection/Garden_Lawn_Sprinkler/FBX/Sprinkler_Top.fbx
  artifactKey: Guid(98f825cc1a36e8242926c7acf7f24805) Importer(815301076,1909f56bfc062723c751e8b465ee728b)
Start importing Assets/Water_FX_Collection/Garden_Lawn_Sprinkler/FBX/Sprinkler_Top.fbx using Guid(98f825cc1a36e8242926c7acf7f24805) Importer(815301076,1909f56bfc062723c751e8b465ee728b)  -> (artifact id: '6169e2297d10c7e4c905018a7cee9200') in 0.069265 seconds 
========================================================================
Received Import Request.
  Time since last request: 0.000026 seconds.
  path: Assets/StarterAssets/Environment/Art/Models/Structure_Mesh.fbx
  artifactKey: Guid(d0a9bfb4b5f28174884e89dd76563ae8) Importer(815301076,1909f56bfc062723c751e8b465ee728b)
Start importing Assets/StarterAssets/Environment/Art/Models/Structure_Mesh.fbx using Guid(d0a9bfb4b5f28174884e89dd76563ae8) Importer(815301076,1909f56bfc062723c751e8b465ee728b)  -> (artifact id: 'b1e4b73d908eaea6fff0a066ad3348f4') in 0.032261 seconds 
========================================================================
Received Import Request.
  Time since last request: 0.543687 seconds.
  path: Assets/StarterAssets/Environment/Art/Models/Wall_Mesh.fbx
  artifactKey: Guid(ff02a0a00ab750f48b09459b1cafd1b8) Importer(815301076,1909f56bfc062723c751e8b465ee728b)
Start importing Assets/StarterAssets/Environment/Art/Models/Wall_Mesh.fbx using Guid(ff02a0a00ab750f48b09459b1cafd1b8) Importer(815301076,1909f56bfc062723c751e8b465ee728b)  -> (artifact id: '6b5461b1e75c0346ca8401d56d170017') in 0.029315 seconds 
========================================================================
Received Import Request.
  Time since last request: 892.601042 seconds.
  path: Assets/DynamicStarrySky/Materials/StarrySkyGradient.mat
  artifactKey: Guid(c858ff2b8e408bd4eb9c271f1bfb6846) Importer(815301076,1909f56bfc062723c751e8b465ee728b)
Start importing Assets/DynamicStarrySky/Materials/StarrySkyGradient.mat using Guid(c858ff2b8e408bd4eb9c271f1bfb6846) Importer(815301076,1909f56bfc062723c751e8b465ee728b)  -> (artifact id: 'f5f305e5ab304e9aefdbae1e03a8bf40') in 0.211383 seconds 
========================================================================
Received Import Request.
  Time since last request: 0.000030 seconds.
  path: Assets/Oculus/Interaction/Runtime/Textures/BlockedGradient.png
  artifactKey: Guid(a8ddce36d617998409e580c64361552f) Importer(815301076,1909f56bfc062723c751e8b465ee728b)
Start importing Assets/Oculus/Interaction/Runtime/Textures/BlockedGradient.png using Guid(a8ddce36d617998409e580c64361552f) Importer(815301076,1909f56bfc062723c751e8b465ee728b)  -> (artifact id: '14e9aa3fc2ca6ad121d4385d14aa9afd') in 0.026499 seconds 
========================================================================
Received Import Request.
  Time since last request: 0.000031 seconds.
  path: Assets/Textures/Bark Bowl/bark_bowl_tall_BaseColor_2K.tga
  artifactKey: Guid(3e23079663722432e975676914178027) Importer(815301076,1909f56bfc062723c751e8b465ee728b)
Start importing Assets/Textures/Bark Bowl/bark_bowl_tall_BaseColor_2K.tga using Guid(3e23079663722432e975676914178027) Importer(815301076,1909f56bfc062723c751e8b465ee728b)  -> (artifact id: '4eda5fab8ba6713e4de92a1b8a100fdd') in 0.021078 seconds 
========================================================================
Received Import Request.
  Time since last request: 0.000023 seconds.
  path: Assets/AllSkyFree/Space_AnotherPlanet/AllSky_Space_AnotherPlanet_Cam_5_Down-Y.png
  artifactKey: Guid(3a639720a92414f45b72b16d6db788ce) Importer(815301076,1909f56bfc062723c751e8b465ee728b)
Start importing Assets/AllSkyFree/Space_AnotherPlanet/AllSky_Space_AnotherPlanet_Cam_5_Down-Y.png using Guid(3a639720a92414f45b72b16d6db788ce) Importer(815301076,1909f56bfc062723c751e8b465ee728b)  -> (artifact id: '98e878e16889fe2226ba86848d5a49b3') in 0.018816 seconds 
========================================================================
Received Import Request.
  Time since last request: 0.000025 seconds.
  path: Packages/com.unity.inputsystem/InputSystem/Editor/Icons/Add Binding@4x.png
  artifactKey: Guid(862c5ca31844d4a6d9aa804af982ce65) Importer(815301076,1909f56bfc062723c751e8b465ee728b)
Start importing Packages/com.unity.inputsystem/InputSystem/Editor/Icons/Add Binding@4x.png using Guid(862c5ca31844d4a6d9aa804af982ce65) Importer(815301076,1909f56bfc062723c751e8b465ee728b)  -> (artifact id: '9a337155a9264c8c17e532bb3c0c8e16') in 0.016812 seconds 
========================================================================
Received Import Request.
  Time since last request: 0.000023 seconds.
  path: Packages/com.unity.inputsystem/InputSystem/Editor/AssetEditor/Resources/pro/actionTreeBackground.png
  artifactKey: Guid(c4b66e31395c54087a2fbc13ae7e0f3c) Importer(815301076,1909f56bfc062723c751e8b465ee728b)
Start importing Packages/com.unity.inputsystem/InputSystem/Editor/AssetEditor/Resources/pro/actionTreeBackground.png using Guid(c4b66e31395c54087a2fbc13ae7e0f3c) Importer(815301076,1909f56bfc062723c751e8b465ee728b)  -> (artifact id: 'acc22e01d4ebd3046cf18c7f841d4040') in 0.014180 seconds 
========================================================================
Received Import Request.
  Time since last request: 0.000021 seconds.
  path: Assets/UniStorm Weather System/Resources/Clouds/baseNoise.asset
  artifactKey: Guid(e09deeeaec0a3c547a3b72ad3d615255) Importer(815301076,1909f56bfc062723c751e8b465ee728b)
Start importing Assets/UniStorm Weather System/Resources/Clouds/baseNoise.asset using Guid(e09deeeaec0a3c547a3b72ad3d615255) Importer(815301076,1909f56bfc062723c751e8b465ee728b)  -> (artifact id: 'e2e39b5a3866be01d5ef1fc76329096b') in 0.031116 seconds 
========================================================================
Received Import Request.
  Time since last request: 0.000028 seconds.
  path: Assets/Textures/Bark Bowl/bark_bowl_tall_Roughness_2K.tga
  artifactKey: Guid(018f3300e9e3d4d6997f15d5dfdcdab8) Importer(815301076,1909f56bfc062723c751e8b465ee728b)
Start importing Assets/Textures/Bark Bowl/bark_bowl_tall_Roughness_2K.tga using Guid(018f3300e9e3d4d6997f15d5dfdcdab8) Importer(815301076,1909f56bfc062723c751e8b465ee728b)  -> (artifact id: 'deef2ed3c06fe131aa7fd19cce85b4de') in 0.018980 seconds 
========================================================================
Received Import Request.
  Time since last request: 0.000023 seconds.
  path: Assets/Oculus/Interaction/Samples/Objects/Props/Box/Textures/Box_Metal.png
  artifactKey: Guid(ac231cbd144b869419d40cc69d242b8b) Importer(815301076,1909f56bfc062723c751e8b465ee728b)
Start importing Assets/Oculus/Interaction/Samples/Objects/Props/Box/Textures/Box_Metal.png using Guid(ac231cbd144b869419d40cc69d242b8b) Importer(815301076,1909f56bfc062723c751e8b465ee728b)  -> (artifact id: '9964a66c54afb50b33e9ed9c534d2b1a') in 0.015611 seconds 
========================================================================
Received Import Request.
  Time since last request: 0.000024 seconds.
  path: Packages/com.unity.inputsystem/InputSystem/Editor/Icons/Axis@4x.png
  artifactKey: Guid(a940917cc397643afb071010cb2143d9) Importer(815301076,1909f56bfc062723c751e8b465ee728b)
Start importing Packages/com.unity.inputsystem/InputSystem/Editor/Icons/Axis@4x.png using Guid(a940917cc397643afb071010cb2143d9) Importer(815301076,1909f56bfc062723c751e8b465ee728b)  -> (artifact id: 'd9e5d1dbaf9c5c3b07e0f39515ca9985') in 0.014514 seconds 
========================================================================
Received Import Request.
  Time since last request: 0.000024 seconds.
  path: Assets/Oculus/Interaction/Samples/Objects/Props/Box/Textures/Box_AlbedoRoughness.png
  artifactKey: Guid(df03d2cdd7c41534fa95797c3b186ca8) Importer(815301076,1909f56bfc062723c751e8b465ee728b)
Start importing Assets/Oculus/Interaction/Samples/Objects/Props/Box/Textures/Box_AlbedoRoughness.png using Guid(df03d2cdd7c41534fa95797c3b186ca8) Importer(815301076,1909f56bfc062723c751e8b465ee728b)  -> (artifact id: 'd11dd046e52b967f4f692c560d023727') in 0.016683 seconds 
========================================================================
Received Import Request.
  Time since last request: 0.000031 seconds.
  path: Assets/AllSkyFree/Space_AnotherPlanet/AllSky_Space_AnotherPlanet_Cam_0_Front+Z.png
  artifactKey: Guid(0b5345cf23ab840779a8cbf1b89f355a) Importer(815301076,1909f56bfc062723c751e8b465ee728b)
Start importing Assets/AllSkyFree/Space_AnotherPlanet/AllSky_Space_AnotherPlanet_Cam_0_Front+Z.png using Guid(0b5345cf23ab840779a8cbf1b89f355a) Importer(815301076,1909f56bfc062723c751e8b465ee728b)  -> (artifact id: '4cc3f2ec5c95db99d207b6fed8a04467') in 0.018471 seconds 
========================================================================
Received Import Request.
  Time since last request: 0.000025 seconds.
  path: Packages/com.unity.collab-proxy/Editor/Collaborate/Assets/Icons/back-light.png
  artifactKey: Guid(e676ab7aa99535447a763c9f88bf9260) Importer(815301076,1909f56bfc062723c751e8b465ee728b)
Start importing Packages/com.unity.collab-proxy/Editor/Collaborate/Assets/Icons/back-light.png using Guid(e676ab7aa99535447a763c9f88bf9260) Importer(815301076,1909f56bfc062723c751e8b465ee728b)  -> (artifact id: 'bd3cf720c7cd5902f14931ce0924649a') in 0.014649 seconds 
========================================================================
Received Import Request.
  Time since last request: 0.000023 seconds.
  path: Assets/Oculus/SampleFramework/Usage/SharedAssets/Textures/block_wood_01_nml.png
  artifactKey: Guid(8ae0377f4bf34c04d803e6bbeb1c3077) Importer(815301076,1909f56bfc062723c751e8b465ee728b)
Start importing Assets/Oculus/SampleFramework/Usage/SharedAssets/Textures/block_wood_01_nml.png using Guid(8ae0377f4bf34c04d803e6bbeb1c3077) Importer(815301076,1909f56bfc062723c751e8b465ee728b)  -> (artifact id: '415a62ca2b1611425b8feecde9f26916') in 0.021176 seconds 
========================================================================
Received Import Request.
  Time since last request: 0.000022 seconds.
  path: Assets/Water_FX_Collection/Water_Splashes/Textures/BigSplash_Jet_TextureSheet.tif
  artifactKey: Guid(8f840f996872d0041a26b68adbc3f37e) Importer(815301076,1909f56bfc062723c751e8b465ee728b)
Start importing Assets/Water_FX_Collection/Water_Splashes/Textures/BigSplash_Jet_TextureSheet.tif using Guid(8f840f996872d0041a26b68adbc3f37e) Importer(815301076,1909f56bfc062723c751e8b465ee728b)  -> (artifact id: '5db76e267fa942035261e43c6ec792be') in 0.020714 seconds 
========================================================================
Received Import Request.
  Time since last request: 0.000025 seconds.
  path: Packages/com.unity.inputsystem/InputSystem/Editor/Icons/Add Binding.png
  artifactKey: Guid(958a10dec4f3a4764bb345b0aa03510b) Importer(815301076,1909f56bfc062723c751e8b465ee728b)
Start importing Packages/com.unity.inputsystem/InputSystem/Editor/Icons/Add Binding.png using Guid(958a10dec4f3a4764bb345b0aa03510b) Importer(815301076,1909f56bfc062723c751e8b465ee728b)  -> (artifact id: 'e10e0646fc50400a4f76d7d1156e75ac') in 0.015035 seconds 
========================================================================
Received Import Request.
  Time since last request: 0.000025 seconds.
  path: Assets/Water_FX_Collection/Bathroom_Shower/Textures/Bathroom_Tiles_n.tif
  artifactKey: Guid(74db1534e69bf1e42bca6988a669e85e) Importer(815301076,1909f56bfc062723c751e8b465ee728b)
Start importing Assets/Water_FX_Collection/Bathroom_Shower/Textures/Bathroom_Tiles_n.tif using Guid(74db1534e69bf1e42bca6988a669e85e) Importer(815301076,1909f56bfc062723c751e8b465ee728b)  -> (artifact id: '988e1163edcce59999c4a36e7f1f04d3') in 0.019681 seconds 
========================================================================
Received Import Request.
  Time since last request: 0.000023 seconds.
  path: Assets/Water_FX_Collection/Bathroom_Shower/Textures/Bathroom_Tiles_c.tif
  artifactKey: Guid(c9662308b874a304788de5ae435cf17b) Importer(815301076,1909f56bfc062723c751e8b465ee728b)
Start importing Assets/Water_FX_Collection/Bathroom_Shower/Textures/Bathroom_Tiles_c.tif using Guid(c9662308b874a304788de5ae435cf17b) Importer(815301076,1909f56bfc062723c751e8b465ee728b)  -> (artifact id: '28e42c7dc3b2093a0676e641bb5dad89') in 0.016139 seconds 
========================================================================
Received Import Request.
  Time since last request: 0.000021 seconds.
  path: Packages/com.unity.textmeshpro/Editor Resources/Textures/btn_AlignBaseLine_Light.psd
  artifactKey: Guid(18775b51e3bd42299fd30bd036ea982f) Importer(815301076,1909f56bfc062723c751e8b465ee728b)
Start importing Packages/com.unity.textmeshpro/Editor Resources/Textures/btn_AlignBaseLine_Light.psd using Guid(18775b51e3bd42299fd30bd036ea982f) Importer(815301076,1909f56bfc062723c751e8b465ee728b)  -> (artifact id: 'd637d67b65f64b7f438516edf00a1057') in 0.017332 seconds 
========================================================================
Received Import Request.
  Time since last request: 0.000027 seconds.
  path: Assets/UniStorm Weather System/Resources/Clouds/baseNoisePrecomputed.asset
  artifactKey: Guid(e863a93a128368a45b1e30e67ef0f86e) Importer(815301076,1909f56bfc062723c751e8b465ee728b)
Start importing Assets/UniStorm Weather System/Resources/Clouds/baseNoisePrecomputed.asset using Guid(e863a93a128368a45b1e30e67ef0f86e) Importer(815301076,1909f56bfc062723c751e8b465ee728b)  -> (artifact id: '340415dcd1062288311b951ff18ead59') in 0.031042 seconds 
========================================================================
Received Import Request.
  Time since last request: 0.000034 seconds.
  path: Assets/DynamicStarrySky/Materials/StarrySkyOuterSpace.mat
  artifactKey: Guid(8b84072a0493d984a9316fb847145f01) Importer(815301076,1909f56bfc062723c751e8b465ee728b)
Start importing Assets/DynamicStarrySky/Materials/StarrySkyOuterSpace.mat using Guid(8b84072a0493d984a9316fb847145f01) Importer(815301076,1909f56bfc062723c751e8b465ee728b)  -> (artifact id: '3a34a09f1af339d09de68b446f8d2748') in 0.059360 seconds 
========================================================================
Received Import Request.
  Time since last request: 0.000023 seconds.
  path: Packages/com.unity.inputsystem/InputSystem/Editor/AssetEditor/Resources/personal/actionTreeBackground.png
  artifactKey: Guid(ce5f11cd993284c4f9c54f854bdc8c9c) Importer(815301076,1909f56bfc062723c751e8b465ee728b)
Start importing Packages/com.unity.inputsystem/InputSystem/Editor/AssetEditor/Resources/personal/actionTreeBackground.png using Guid(ce5f11cd993284c4f9c54f854bdc8c9c) Importer(815301076,1909f56bfc062723c751e8b465ee728b)  -> (artifact id: '8192277cfe6ef1d4cbdbb529aa3503ab') in 0.023822 seconds 
========================================================================
Received Import Request.
  Time since last request: 0.000023 seconds.
  path: Assets/Oculus/SampleFramework/Usage/SharedAssets/Textures/block_wood_01_msm.png
  artifactKey: Guid(a1ff16c8cf0dcb84fab5c183d0fd1dcf) Importer(815301076,1909f56bfc062723c751e8b465ee728b)
Start importing Assets/Oculus/SampleFramework/Usage/SharedAssets/Textures/block_wood_01_msm.png using Guid(a1ff16c8cf0dcb84fab5c183d0fd1dcf) Importer(815301076,1909f56bfc062723c751e8b465ee728b)  -> (artifact id: 'ea3d44a344e46066acf3fc57052f7abc') in 0.028239 seconds 
========================================================================
Received Import Request.
  Time since last request: 0.000023 seconds.
  path: Packages/com.unity.textmeshpro/Editor Resources/Textures/btn_AlignBaseLine.psd
  artifactKey: Guid(8bc445bb79654bf496c92d0407840a92) Importer(815301076,1909f56bfc062723c751e8b465ee728b)
Start importing Packages/com.unity.textmeshpro/Editor Resources/Textures/btn_AlignBaseLine.psd using Guid(8bc445bb79654bf496c92d0407840a92) Importer(815301076,1909f56bfc062723c751e8b465ee728b)  -> (artifact id: 'e9aad1552db37f8d3f361dda6b4e5e23') in 0.015243 seconds 
========================================================================
Received Import Request.
  Time since last request: 0.000025 seconds.
  path: Packages/com.unity.inputsystem/InputSystem/Editor/Icons/Axis@3x.png
  artifactKey: Guid(2e27a82b5cc4e4ef98cbef2d0b324aed) Importer(815301076,1909f56bfc062723c751e8b465ee728b)
Start importing Packages/com.unity.inputsystem/InputSystem/Editor/Icons/Axis@3x.png using Guid(2e27a82b5cc4e4ef98cbef2d0b324aed) Importer(815301076,1909f56bfc062723c751e8b465ee728b)  -> (artifact id: '404a456a6468b6a8303585afb1da97f6') in 0.015792 seconds 
========================================================================
Received Import Request.
  Time since last request: 0.000023 seconds.
  path: Packages/com.unity.textmeshpro/Editor Resources/Textures/btn_AlignJustified.psd
  artifactKey: Guid(92027f7f8cfc4feaa477da0dc38d3d46) Importer(815301076,1909f56bfc062723c751e8b465ee728b)
Start importing Packages/com.unity.textmeshpro/Editor Resources/Textures/btn_AlignJustified.psd using Guid(92027f7f8cfc4feaa477da0dc38d3d46) Importer(815301076,1909f56bfc062723c751e8b465ee728b)  -> (artifact id: '88e9ee8fede28343e66763130dbc676b') in 0.014644 seconds 
========================================================================
Received Import Request.
  Time since last request: 0.000031 seconds.
  path: Packages/com.unity.collab-proxy/Editor/Collaborate/Assets/Icons/back-light@2x.png
  artifactKey: Guid(f5c57327df0fa294c8209aa216435167) Importer(815301076,1909f56bfc062723c751e8b465ee728b)
Start importing Packages/com.unity.collab-proxy/Editor/Collaborate/Assets/Icons/back-light@2x.png using Guid(f5c57327df0fa294c8209aa216435167) Importer(815301076,1909f56bfc062723c751e8b465ee728b)  -> (artifact id: '1f64e478d52cd495ca525745d74159e5') in 0.015170 seconds 
========================================================================
Received Import Request.
  Time since last request: 0.000065 seconds.
  path: Assets/Oculus/Interaction/Samples/Textures/Active.png
  artifactKey: Guid(dc71c444d9062474fb77b4171c1a4a03) Importer(815301076,1909f56bfc062723c751e8b465ee728b)
Start importing Assets/Oculus/Interaction/Samples/Textures/Active.png using Guid(dc71c444d9062474fb77b4171c1a4a03) Importer(815301076,1909f56bfc062723c751e8b465ee728b)  -> (artifact id: 'a6dec9dfe1411a8f81aafa3d14ae8be3') in 0.036142 seconds 
========================================================================
Received Import Request.
  Time since last request: 0.000022 seconds.
  path: Packages/com.unity.textmeshpro/Editor Resources/Textures/btn_AlignMidLine.psd
  artifactKey: Guid(c2f7f6a88b4c4f20a53deb72f3d9144c) Importer(815301076,1909f56bfc062723c751e8b465ee728b)
Start importing Packages/com.unity.textmeshpro/Editor Resources/Textures/btn_AlignMidLine.psd using Guid(c2f7f6a88b4c4f20a53deb72f3d9144c) Importer(815301076,1909f56bfc062723c751e8b465ee728b)  -> (artifact id: 'f5c96bea9545bee30054c986cb2bea47') in 0.014196 seconds 
========================================================================
Received Import Request.
  Time since last request: 0.000023 seconds.
  path: Packages/com.unity.textmeshpro/Editor Resources/Textures/btn_AlignCenterGeo_Light.psd
  artifactKey: Guid(35ff0937876540d3bd4b6a941df62a92) Importer(815301076,1909f56bfc062723c751e8b465ee728b)
Start importing Packages/com.unity.textmeshpro/Editor Resources/Textures/btn_AlignCenterGeo_Light.psd using Guid(35ff0937876540d3bd4b6a941df62a92) Importer(815301076,1909f56bfc062723c751e8b465ee728b)  -> (artifact id: 'd2d181dbf45a3c18245123f50e7c10cf') in 0.015173 seconds 
========================================================================
Received Import Request.
  Time since last request: 0.000030 seconds.
  path: Packages/com.unity.collab-proxy/Editor/Collaborate/Assets/Icons/back-dark@2x.png
  artifactKey: Guid(9c6313a5316f8a34b852bf94ff96e3ab) Importer(815301076,1909f56bfc062723c751e8b465ee728b)
Start importing Packages/com.unity.collab-proxy/Editor/Collaborate/Assets/Icons/back-dark@2x.png using Guid(9c6313a5316f8a34b852bf94ff96e3ab) Importer(815301076,1909f56bfc062723c751e8b465ee728b)  -> (artifact id: '5a15a912a8cfcb9d7f66124f394f1527') in 0.014888 seconds 
========================================================================
Received Import Request.
  Time since last request: 0.000026 seconds.
  path: Packages/com.unity.inputsystem/InputSystem/Editor/Icons/Axis@2x.png
  artifactKey: Guid(d0006d51a864248adba0238883f8c71e) Importer(815301076,1909f56bfc062723c751e8b465ee728b)
Start importing Packages/com.unity.inputsystem/InputSystem/Editor/Icons/Axis@2x.png using Guid(d0006d51a864248adba0238883f8c71e) Importer(815301076,1909f56bfc062723c751e8b465ee728b)  -> (artifact id: '2179163845d423fc282ad6494b53f3dd') in 0.014522 seconds 
========================================================================
Received Import Request.
  Time since last request: 0.000061 seconds.
  path: Assets/AllSkyFree/Space_AnotherPlanet/AllSky_Space_AnotherPlanet_Cam_2_Left+X.png
  artifactKey: Guid(40cd83628508d406497f3b21ff220644) Importer(815301076,1909f56bfc062723c751e8b465ee728b)
Start importing Assets/AllSkyFree/Space_AnotherPlanet/AllSky_Space_AnotherPlanet_Cam_2_Left+X.png using Guid(40cd83628508d406497f3b21ff220644) Importer(815301076,1909f56bfc062723c751e8b465ee728b)  -> (artifact id: '8ab6b050a4e5266324fa51cec22c0bc3') in 0.021627 seconds 
========================================================================
Received Import Request.
  Time since last request: 0.000033 seconds.
  path: Assets/Water_FX_Collection/Water_Splashes/Textures/BigSplash_Jet_TextureSheet_Lowres.tif
  artifactKey: Guid(d1753446a353e684a99d3999f938e526) Importer(815301076,1909f56bfc062723c751e8b465ee728b)
Start importing Assets/Water_FX_Collection/Water_Splashes/Textures/BigSplash_Jet_TextureSheet_Lowres.tif using Guid(d1753446a353e684a99d3999f938e526) Importer(815301076,1909f56bfc062723c751e8b465ee728b)  -> (artifact id: 'd25e8774104ed4c37ce37b88d7fd0819') in 0.021469 seconds 
========================================================================
Received Import Request.
  Time since last request: 0.000029 seconds.
  path: Packages/com.unity.inputsystem/InputSystem/Editor/Icons/Add Binding@2x.png
  artifactKey: Guid(bb5fa99d6e9434c9ebf101c956021ee1) Importer(815301076,1909f56bfc062723c751e8b465ee728b)
Start importing Packages/com.unity.inputsystem/InputSystem/Editor/Icons/Add Binding@2x.png using Guid(bb5fa99d6e9434c9ebf101c956021ee1) Importer(815301076,1909f56bfc062723c751e8b465ee728b)  -> (artifact id: '6959c3a902bf3552011193a8f59ac9b1') in 0.015054 seconds 
========================================================================
Received Import Request.
  Time since last request: 0.000038 seconds.
  path: Assets/AllSkyFree/Overcast Low/AllSky_Overcast4_Low.png
  artifactKey: Guid(c8f21f62fdb3e43c5b32917c84683698) Importer(815301076,1909f56bfc062723c751e8b465ee728b)
Start importing Assets/AllSkyFree/Overcast Low/AllSky_Overcast4_Low.png using Guid(c8f21f62fdb3e43c5b32917c84683698) Importer(815301076,1909f56bfc062723c751e8b465ee728b)  -> (artifact id: 'b7b4b7ef9be83cdfc6118e601c1448aa') in 0.285355 seconds 
========================================================================
Received Import Request.
  Time since last request: 0.000030 seconds.
  path: Assets/ANIMALS FULL PACK/Bear_Female/textures/Bear_female_color_2.tif
  artifactKey: Guid(108d4351121a6a24283bcc7447a0ad60) Importer(815301076,1909f56bfc062723c751e8b465ee728b)
Start importing Assets/ANIMALS FULL PACK/Bear_Female/textures/Bear_female_color_2.tif using Guid(108d4351121a6a24283bcc7447a0ad60) Importer(815301076,1909f56bfc062723c751e8b465ee728b)  -> (artifact id: '8baf2f569b75a91c4d4f2df2eb33b97c') in 0.019185 seconds 
========================================================================
Received Import Request.
  Time since last request: 0.000034 seconds.
  path: Assets/AllSkyFree/Space_AnotherPlanet/AllSky_Space_AnotherPlanet_Cam_4_Up+Y.png
  artifactKey: Guid(a6e9f4ff100a94264a812ad74e17416c) Importer(815301076,1909f56bfc062723c751e8b465ee728b)
Start importing Assets/AllSkyFree/Space_AnotherPlanet/AllSky_Space_AnotherPlanet_Cam_4_Up+Y.png using Guid(a6e9f4ff100a94264a812ad74e17416c) Importer(815301076,1909f56bfc062723c751e8b465ee728b)  -> (artifact id: '7cc7c9c8d1c4fee26680f9389c069c53') in 0.018259 seconds 
========================================================================
Received Import Request.
  Time since last request: 0.000027 seconds.
  path: Assets/Oculus/Interaction/Samples/Objects/Props/Torch/Particles/Textures/brazier_pool.tga
  artifactKey: Guid(3e29d3fb29ee7724ba12eb9829a4910f) Importer(815301076,1909f56bfc062723c751e8b465ee728b)
Start importing Assets/Oculus/Interaction/Samples/Objects/Props/Torch/Particles/Textures/brazier_pool.tga using Guid(3e29d3fb29ee7724ba12eb9829a4910f) Importer(815301076,1909f56bfc062723c751e8b465ee728b)  -> (artifact id: '797373df0b3ca8d5c4d1d542fde274b4') in 0.014818 seconds 
========================================================================
Received Import Request.
  Time since last request: 0.000027 seconds.
  path: Packages/com.unity.collab-proxy/Editor/Collaborate/Assets/Icons/back-dark.png
  artifactKey: Guid(8e3ec2dfd58b79842aa78376678a9a05) Importer(815301076,1909f56bfc062723c751e8b465ee728b)
Start importing Packages/com.unity.collab-proxy/Editor/Collaborate/Assets/Icons/back-dark.png using Guid(8e3ec2dfd58b79842aa78376678a9a05) Importer(815301076,1909f56bfc062723c751e8b465ee728b)  -> (artifact id: 'f5cee1e8968165338ddc23cac6dc57b9') in 0.015107 seconds 
========================================================================
Received Import Request.
  Time since last request: 0.000027 seconds.
  path: Packages/com.unity.textmeshpro/Editor Resources/Textures/btn_AlignLeft_Light.psd
  artifactKey: Guid(12736c98af174f91827a26b66d2b01b9) Importer(815301076,1909f56bfc062723c751e8b465ee728b)
Start importing Packages/com.unity.textmeshpro/Editor Resources/Textures/btn_AlignLeft_Light.psd using Guid(12736c98af174f91827a26b66d2b01b9) Importer(815301076,1909f56bfc062723c751e8b465ee728b)  -> (artifact id: '3394453d6467a9112bdeee16fca08bfd') in 0.013840 seconds 
========================================================================
Received Import Request.
  Time since last request: 0.000025 seconds.
  path: Packages/com.unity.collab-proxy/Editor/Collaborate/Assets/Icons/added-file-dark.png
  artifactKey: Guid(1a4f52b613391cd449af3ad2e44affeb) Importer(815301076,1909f56bfc062723c751e8b465ee728b)
Start importing Packages/com.unity.collab-proxy/Editor/Collaborate/Assets/Icons/added-file-dark.png using Guid(1a4f52b613391cd449af3ad2e44affeb) Importer(815301076,1909f56bfc062723c751e8b465ee728b)  -> (artifact id: '01f735bed83a661299bed7566a88b0ac') in 0.016682 seconds 
========================================================================
Received Import Request.
  Time since last request: 0.000022 seconds.
  path: Assets/Visual Design Cafe/Nature Renderer Demo/Realistic/Art/Trees/Source Assets/Bark_Extra.tif
  artifactKey: Guid(199f5d792c70f744ba9d046685be46fa) Importer(815301076,1909f56bfc062723c751e8b465ee728b)
Start importing Assets/Visual Design Cafe/Nature Renderer Demo/Realistic/Art/Trees/Source Assets/Bark_Extra.tif using Guid(199f5d792c70f744ba9d046685be46fa) Importer(815301076,1909f56bfc062723c751e8b465ee728b)  -> (artifact id: 'b465f674869fcd90dc670e3724d2a9e3') in 0.014789 seconds 
========================================================================
Received Import Request.
  Time since last request: 0.000026 seconds.
  path: Assets/Oculus/LipSync/Models/RobotHead_TextureFlip/aa.png
  artifactKey: Guid(5c06354455999f94ea26114e261dde6d) Importer(815301076,1909f56bfc062723c751e8b465ee728b)
Start importing Assets/Oculus/LipSync/Models/RobotHead_TextureFlip/aa.png using Guid(5c06354455999f94ea26114e261dde6d) Importer(815301076,1909f56bfc062723c751e8b465ee728b)  -> (artifact id: 'e6ed77ef97f5a973ac8c567d7cb42a8a') in 0.015049 seconds 
========================================================================
Received Import Request.
  Time since last request: 1.943031 seconds.
  path: Packages/com.unity.textmeshpro/Editor Resources/Textures/btn_AlignTop.psd
  artifactKey: Guid(48d034c499ee4697af9dd6e327110249) Importer(815301076,1909f56bfc062723c751e8b465ee728b)
Start importing Packages/com.unity.textmeshpro/Editor Resources/Textures/btn_AlignTop.psd using Guid(48d034c499ee4697af9dd6e327110249) Importer(815301076,1909f56bfc062723c751e8b465ee728b)  -> (artifact id: 'beea6a8c44ae2b71321d261d153748ea') in 0.013903 seconds 
========================================================================
Received Import Request.
  Time since last request: 0.000023 seconds.
  path: Assets/Water_FX_Collection/Propeller_Wake_FX/Textures/Bubbles_TextureSheet.tif
  artifactKey: Guid(ab7d9843ceeb9d743ae7815c03f14af6) Importer(815301076,1909f56bfc062723c751e8b465ee728b)
Start importing Assets/Water_FX_Collection/Propeller_Wake_FX/Textures/Bubbles_TextureSheet.tif using Guid(ab7d9843ceeb9d743ae7815c03f14af6) Importer(815301076,1909f56bfc062723c751e8b465ee728b)  -> (artifact id: '737844cce021f23e66c0d99ed921c3be') in 0.016551 seconds 
========================================================================
Received Import Request.
  Time since last request: 0.000020 seconds.
  path: Packages/com.unity.inputsystem/InputSystem/Editor/Icons/Button@2x.png
  artifactKey: Guid(1c37f00575bd6494ea726be5afee89b9) Importer(815301076,1909f56bfc062723c751e8b465ee728b)
Start importing Packages/com.unity.inputsystem/InputSystem/Editor/Icons/Button@2x.png using Guid(1c37f00575bd6494ea726be5afee89b9) Importer(815301076,1909f56bfc062723c751e8b465ee728b)  -> (artifact id: 'bc974261313df1f2acf70748da40623f') in 0.013527 seconds 
========================================================================
Received Import Request.
  Time since last request: 0.000023 seconds.
  path: Assets/Oculus/SampleFramework/Core/DebugUI/Textures/button.png
  artifactKey: Guid(749615b78f067c442b8275980b7ed7c8) Importer(815301076,1909f56bfc062723c751e8b465ee728b)
Start importing Assets/Oculus/SampleFramework/Core/DebugUI/Textures/button.png using Guid(749615b78f067c442b8275980b7ed7c8) Importer(815301076,1909f56bfc062723c751e8b465ee728b)  -> (artifact id: 'a76a302af7f9bd5b9fe0de7965ce0a14') in 0.022615 seconds 
========================================================================
Received Import Request.
  Time since last request: 0.000027 seconds.
  path: Assets/Oculus/SampleFramework/Core/DebugUI/Textures/button9slice.png
  artifactKey: Guid(eec623c29607b1447ac4dc6de3cdda6a) Importer(815301076,1909f56bfc062723c751e8b465ee728b)
Start importing Assets/Oculus/SampleFramework/Core/DebugUI/Textures/button9slice.png using Guid(eec623c29607b1447ac4dc6de3cdda6a) Importer(815301076,1909f56bfc062723c751e8b465ee728b)  -> (artifact id: 'e31c65d8243d934bf849d6bfb5c00525') in 0.020508 seconds 
Editor requested this worker to shutdown with reason: Scaling down because of idle timeout
AssetImportWorker is now disconnected from the server
Process exiting
Exiting without the bug reporter. Application will terminate with return code 0