Unity Editor version:    2022.1.22f1 (6b6e9fc2adda)
Branch:                  2022.1/staging
Build type:              Release
Batch mode:              YES
macOS version:           Version 13.3.1 (Build 22E261)
Darwin version:          22.4.0
Architecture:            arm64
Running under Rosetta:   NO
Available memory:        32768 MB
Using pre-set license
Pro License: YES

COMMAND LINE ARGUMENTS:
/Applications/Unity/Hub/Editor/2022.1.22f1/Unity.app/Contents/MacOS/Unity
-adb2
-batchMode
-noUpm
-name
AssetImportWorker3
-projectPath
/Users/vivian/Documents/GitHub/smudge-vr-2
-logFile
Logs/AssetImportWorker3.log
-srvPort
59104
Successfully changed project path to: /Users/vivian/Documents/GitHub/smudge-vr-2
/Users/vivian/Documents/GitHub/smudge-vr-2
[UnityMemory] Configuration Parameters - Can be set up in boot.config
    "memorysetup-bucket-allocator-granularity=16"
    "memorysetup-bucket-allocator-bucket-count=8"
    "memorysetup-bucket-allocator-block-size=33554432"
    "memorysetup-bucket-allocator-block-count=8"
    "memorysetup-main-allocator-block-size=16777216"
    "memorysetup-thread-allocator-block-size=16777216"
    "memorysetup-gfx-main-allocator-block-size=16777216"
    "memorysetup-gfx-thread-allocator-block-size=16777216"
    "memorysetup-cache-allocator-block-size=4194304"
    "memorysetup-typetree-allocator-block-size=2097152"
    "memorysetup-profiler-bucket-allocator-granularity=16"
    "memorysetup-profiler-bucket-allocator-bucket-count=8"
    "memorysetup-profiler-bucket-allocator-block-size=33554432"
    "memorysetup-profiler-bucket-allocator-block-count=8"
    "memorysetup-profiler-allocator-block-size=16777216"
    "memorysetup-profiler-editor-allocator-block-size=1048576"
    "memorysetup-temp-allocator-size-main=16777216"
    "memorysetup-job-temp-allocator-block-size=2097152"
    "memorysetup-job-temp-allocator-block-size-background=1048576"
    "memorysetup-job-temp-allocator-reduction-small-platforms=262144"
    "memorysetup-temp-allocator-size-background-worker=32768"
    "memorysetup-temp-allocator-size-job-worker=262144"
    "memorysetup-temp-allocator-size-preload-manager=33554432"
    "memorysetup-temp-allocator-size-nav-mesh-worker=65536"
    "memorysetup-temp-allocator-size-audio-worker=65536"
    "memorysetup-temp-allocator-size-cloud-worker=32768"
    "memorysetup-temp-allocator-size-gi-baking-worker=262144"
    "memorysetup-temp-allocator-size-gfx=262144"
Refreshing native plugins compatible for Editor in 119.48 ms, found 5 plugins.
Preloading 1 native plugins for Editor in 4.45 ms.
Initialize engine version: 2022.1.22f1 (6b6e9fc2adda)
[Subsystems] Discovering subsystems at path /Applications/Unity/Hub/Editor/2022.1.22f1/Unity.app/Contents/Resources/UnitySubsystems
[Subsystems] Discovering subsystems at path /Users/vivian/Documents/GitHub/smudge-vr-2/Assets
GfxDevice: creating device client; threaded=0; jobified=0
 preferred device: Apple M1 Max (high power)
Metal devices available: 1
0: Apple M1 Max (high power)
Using device Apple M1 Max (high power)
Initializing Metal device caps: Apple M1 Max
Shader 'Oculus/OVRMRCameraFrameLit': fallback shader 'Alpha-Diffuse' not found
Initialize mono
Mono path[0] = '/Applications/Unity/Hub/Editor/2022.1.22f1/Unity.app/Contents/Managed'
Mono path[1] = '/Applications/Unity/Hub/Editor/2022.1.22f1/Unity.app/Contents/MonoBleedingEdge/lib/mono/unityjit-macos'
Mono config path = '/Applications/Unity/Hub/Editor/2022.1.22f1/Unity.app/Contents/MonoBleedingEdge/etc'
Using monoOptions --debugger-agent=transport=dt_socket,embedding=1,server=y,suspend=n,address=127.0.0.1:56784
Begin MonoManager ReloadAssembly
Registering precompiled unity dll's ...
Register platform support module: /Applications/Unity/Hub/Editor/2022.1.22f1/Unity.app/Contents/PlaybackEngines/MacStandaloneSupport/UnityEditor.OSXStandalone.Extensions.dll
Register platform support module: /Applications/Unity/Hub/Editor/2022.1.22f1/PlaybackEngines/AndroidPlayer/UnityEditor.Android.Extensions.dll
Register platform support module: /Applications/Unity/Hub/Editor/2022.1.22f1/PlaybackEngines/iOSSupport/UnityEditor.iOS.Extensions.dll
Registered in 0.001641 seconds.
[usbmuxd] Start listen thread
[usbmuxd] Listen thread started
[usbmuxd] Send listen message
Native extension for iOS target not found
Native extension for Android target not found
Native extension for OSXStandalone target not found
Refreshing native plugins compatible for Editor in 125.94 ms, found 5 plugins.
Preloading 1 native plugins for Editor in 0.43 ms.
Mono: successfully reloaded assembly
- Completed reload, in  0.641 seconds
Domain Reload Profiling:
	ReloadAssembly (642ms)
		BeginReloadAssembly (91ms)
			ExecutionOrderSort (0ms)
			DisableScriptedObjects (0ms)
			BackupInstance (0ms)
			ReleaseScriptingObjects (0ms)
			CreateAndSetChildDomain (0ms)
		EndReloadAssembly (472ms)
			LoadAssemblies (92ms)
			RebuildTransferFunctionScriptingTraits (0ms)
			SetupTypeCache (88ms)
				TypeCache.Initialize (87ms)
					TypeCache.ScanAssembly (87ms)
				ResolveRequiredComponents (0ms)
			ReleaseScriptCaches (0ms)
			RebuildScriptCaches (22ms)
			SetupLoadedEditorAssemblies (329ms)
				LogAssemblyErrors (0ms)
				InitializePlatformSupportModulesInManaged (95ms)
				SetLoadedEditorAssemblies (14ms)
				RefreshPlugins (126ms)
				BeforeProcessingInitializeOnLoad (1ms)
				ProcessInitializeOnLoadAttributes (65ms)
				ProcessInitializeOnLoadMethodAttributes (27ms)
				AfterProcessingInitializeOnLoad (0ms)
				EditorAssembliesLoaded (0ms)
			ExecutionOrderSort2 (0ms)
			AwakeInstancesAfterBackupRestoration (0ms)
Platform modules already initialized, skipping
Registering precompiled user dll's ...
Registered in 0.003996 seconds.
Begin MonoManager ReloadAssembly
Symbol file LoadedFromMemory doesn't match image /Users/vivian/Documents/GitHub/smudge-vr-2/Library/PackageCache/com.unity.visualscripting@1.7.8/Editor/VisualScripting.Core/Dependencies/DotNetZip/Unity.VisualScripting.IonicZip.dll
Symbol file LoadedFromMemory doesn't match image /Users/vivian/Documents/GitHub/smudge-vr-2/Library/PackageCache/com.unity.visualscripting@1.7.8/Editor/VisualScripting.Core/Dependencies/YamlDotNet/Unity.VisualScripting.YamlDotNet.dll
Native extension for iOS target not found
Native extension for Android target not found
Native extension for OSXStandalone target not found
Refreshing native plugins compatible for Editor in 113.62 ms, found 5 plugins.
Preloading 1 native plugins for Editor in 0.40 ms.
Package Manager log level set to [2]
[Package Manager] Server::EnsureServerProcessIsRunning -- launch failed, reason: Unity was launched with the -noUpm command-line argument
[Package Manager] UpmClient::Send -- Unable to send message (not connected to UPM process).
[Package Manager] Cannot connect to Unity Package Manager local server
[Package Manager] Server::EnsureServerProcessIsRunning -- launch failed, reason: Unity was launched with the -noUpm command-line argument
[Package Manager] UpmClient::Send -- Unable to send message (not connected to UPM process).
[Package Manager] Cannot connect to Unity Package Manager local server
Mono: successfully reloaded assembly
[Package Manager] Server::EnsureServerProcessIsRunning -- launch failed, reason: Unity was launched with the -noUpm command-line argument
[Package Manager] UpmClient::Send -- Unable to send message (not connected to UPM process).
[Package Manager] Cannot connect to Unity Package Manager local server
[Package Manager] Server::EnsureServerProcessIsRunning -- launch failed, reason: Unity was launched with the -noUpm command-line argument
[Package Manager] UpmClient::Send -- Unable to send message (not connected to UPM process).
[Package Manager] Cannot connect to Unity Package Manager local server
- Completed reload, in  1.586 seconds
Domain Reload Profiling:
	ReloadAssembly (1586ms)
		BeginReloadAssembly (169ms)
			ExecutionOrderSort (0ms)
			DisableScriptedObjects (3ms)
			BackupInstance (0ms)
			ReleaseScriptingObjects (0ms)
			CreateAndSetChildDomain (121ms)
		EndReloadAssembly (1334ms)
			LoadAssemblies (120ms)
			RebuildTransferFunctionScriptingTraits (0ms)
			SetupTypeCache (246ms)
				TypeCache.Initialize (235ms)
					TypeCache.ScanAssembly (231ms)
				ResolveRequiredComponents (11ms)
			ReleaseScriptCaches (7ms)
			RebuildScriptCaches (68ms)
			SetupLoadedEditorAssemblies (636ms)
				LogAssemblyErrors (0ms)
				InitializePlatformSupportModulesInManaged (14ms)
				SetLoadedEditorAssemblies (4ms)
				RefreshPlugins (114ms)
				BeforeProcessingInitializeOnLoad (69ms)
				ProcessInitializeOnLoadAttributes (383ms)
				ProcessInitializeOnLoadMethodAttributes (50ms)
				AfterProcessingInitializeOnLoad (1ms)
				EditorAssembliesLoaded (0ms)
			ExecutionOrderSort2 (0ms)
			AwakeInstancesAfterBackupRestoration (2ms)
Platform modules already initialized, skipping
========================================================================
Worker process is ready to serve import requests
Shader 'Oculus/OVRMRCameraFrameLit': fallback shader 'Alpha-Diffuse' not found
Launching external process: /Applications/Unity/Hub/Editor/2022.1.22f1/Unity.app/Contents/Tools/UnityShaderCompiler
Launched and connected shader compiler UnityShaderCompiler after 0.06 seconds
Refreshing native plugins compatible for Editor in 0.98 ms, found 5 plugins.
Preloading 1 native plugins for Editor in 0.40 ms.
Unloading 5913 Unused Serialized files (Serialized files now loaded: 0)
Unloading 96 unused Assets / (2.4 MB). Loaded Objects now: 6372.
Memory consumption went from 0.89 GB to 0.89 GB.
Total: 3.320959 ms (FindLiveObjects: 0.218792 ms CreateObjectMapping: 0.075875 ms MarkObjects: 2.697875 ms  DeleteObjects: 0.327625 ms)

AssetImportParameters requested are different than current active one (requested -> active):
  custom:video-decoder-ogg-theora: a1e56fd34408186e4bbccfd4996cb3dc -> 
  custom:container-muxer-webm: aa71ff27fc2769a1b78a27578f13a17b -> 
  custom:container-demuxer-webm: 4f35f7cbe854078d1ac9338744f61a02 -> 
  custom:video-encoder-webm-vp8: eb34c28f22e8b96e1ab97ce403110664 -> 
  custom:framework-osx-AVFoundation: e770b220cccbd017edd2c1fefb359320 -> 
  custom:audio-encoder-webm-vorbis: bf7c407c2cedff20999df2af8eb42d56 -> 
  custom:container-demuxer-ogg: 62fdf1f143b41e24485cea50d1cbac27 -> 
  custom:video-decoder-webm-vp8: 9c59270c3fd7afecdb556c50c9e8de78 -> 
  custom:audio-decoder-ogg-vorbis: bf7c407c2cedff20999df2af8eb42d56 -> 
========================================================================
Received Import Request.
  Time since last request: 2643523.653304 seconds.
  path: Assets/PostProcessing/Utilities/CustomMotionTexture/Materials/WheelMotionVectors.mat
  artifactKey: Guid(055f7217f136349d9b68e82b9e987dae) Importer(815301076,1909f56bfc062723c751e8b465ee728b)
Start importing Assets/PostProcessing/Utilities/CustomMotionTexture/Materials/WheelMotionVectors.mat using Guid(055f7217f136349d9b68e82b9e987dae) Importer(815301076,1909f56bfc062723c751e8b465ee728b)  -> (artifact id: 'c841534db69146a654d9868d15ff806d') in 0.125412 seconds 
========================================================================
Received Import Request.
  Time since last request: 0.000100 seconds.
  path: Assets/Water_FX_Collection/Fire_Hose/FBX/Materials/window_wblinds_c.mat
  artifactKey: Guid(3f2e7b96dd7c8924db8f304de240bb96) Importer(815301076,1909f56bfc062723c751e8b465ee728b)
Start importing Assets/Water_FX_Collection/Fire_Hose/FBX/Materials/window_wblinds_c.mat using Guid(3f2e7b96dd7c8924db8f304de240bb96) Importer(815301076,1909f56bfc062723c751e8b465ee728b)  -> (artifact id: '1c3ee580d2bc84769b0e295d8fa9c2c7') in 0.015326 seconds 
========================================================================
Received Import Request.
  Time since last request: 0.000051 seconds.
  path: Assets/Oculus/Interaction/Samples/Scripts/HandGrabUse/Effects/WaterSpray/WaterSpray.mat
  artifactKey: Guid(44092c54cacca1046ac25e52c878a0c7) Importer(815301076,1909f56bfc062723c751e8b465ee728b)
Start importing Assets/Oculus/Interaction/Samples/Scripts/HandGrabUse/Effects/WaterSpray/WaterSpray.mat using Guid(44092c54cacca1046ac25e52c878a0c7) Importer(815301076,1909f56bfc062723c751e8b465ee728b)  -> (artifact id: '345e1e4ce8abff7c7842df947a354f12') in 0.045855 seconds 
========================================================================
Received Import Request.
  Time since last request: 0.000055 seconds.
  path: Assets/Water_FX_Collection/Beach_Waves/Water/Water/Materials/WaterProNighttime.mat
  artifactKey: Guid(e633a20421c47426aa04444234225b69) Importer(815301076,1909f56bfc062723c751e8b465ee728b)
Start importing Assets/Water_FX_Collection/Beach_Waves/Water/Water/Materials/WaterProNighttime.mat using Guid(e633a20421c47426aa04444234225b69) Importer(815301076,1909f56bfc062723c751e8b465ee728b)  -> (artifact id: '70976a916abb9c235db0813991633df9') in 0.017615 seconds 
========================================================================
Received Import Request.
  Time since last request: 0.000044 seconds.
  path: Assets/Water_FX_Collection/Fire_Hose/FBX/Materials/white_c.mat
  artifactKey: Guid(d5e8551a5e75a434ca782c07d73c1bf4) Importer(815301076,1909f56bfc062723c751e8b465ee728b)
Start importing Assets/Water_FX_Collection/Fire_Hose/FBX/Materials/white_c.mat using Guid(d5e8551a5e75a434ca782c07d73c1bf4) Importer(815301076,1909f56bfc062723c751e8b465ee728b)  -> (artifact id: '2952d4cd17c32ba777f48c43adb97093') in 0.006416 seconds 
========================================================================
Received Import Request.
  Time since last request: 0.000044 seconds.
  path: Assets/Water_FX_Collection/Fire_Hose/FBX/Materials/Window_Side_Flames_mtl.mat
  artifactKey: Guid(cb3bf366f124e7e44bc52fc005a7cdca) Importer(815301076,1909f56bfc062723c751e8b465ee728b)
Start importing Assets/Water_FX_Collection/Fire_Hose/FBX/Materials/Window_Side_Flames_mtl.mat using Guid(cb3bf366f124e7e44bc52fc005a7cdca) Importer(815301076,1909f56bfc062723c751e8b465ee728b)  -> (artifact id: 'b202e70512a5b6f8d8827b9f9d3cf173') in 0.030593 seconds 
========================================================================
Received Import Request.
  Time since last request: 0.000048 seconds.
  path: Assets/Oculus/SampleFramework/Usage/SceneManager/Materials/Wood.mat
  artifactKey: Guid(5dce1f8fd86e04f42a922b7a3ce2a2a7) Importer(815301076,1909f56bfc062723c751e8b465ee728b)
Start importing Assets/Oculus/SampleFramework/Usage/SceneManager/Materials/Wood.mat using Guid(5dce1f8fd86e04f42a922b7a3ce2a2a7) Importer(815301076,1909f56bfc062723c751e8b465ee728b)  -> (artifact id: '5bc77577d3e16fb26c86d7e7a600801d') in 0.185044 seconds 
========================================================================
Received Import Request.
  Time since last request: 0.000069 seconds.
  path: Assets/Oculus/SampleFramework/Usage/DistanceGrab/Materials/ToyCubeWithOutline.mat
  artifactKey: Guid(99420f5a26a93487aa0ae70d73da8c34) Importer(815301076,1909f56bfc062723c751e8b465ee728b)
Start importing Assets/Oculus/SampleFramework/Usage/DistanceGrab/Materials/ToyCubeWithOutline.mat using Guid(99420f5a26a93487aa0ae70d73da8c34) Importer(815301076,1909f56bfc062723c751e8b465ee728b)  -> (artifact id: 'e4c48ea6caf7379abcca51f6417cdea1') in 0.007839 seconds 
========================================================================
Received Import Request.
  Time since last request: 0.000058 seconds.
  path: Assets/Water_FX_Collection/Beach_Waves/Water/Water/Materials/WaterPlaneMaterial.mat
  artifactKey: Guid(f1bc741ea0e69a241896582ddb633d55) Importer(815301076,1909f56bfc062723c751e8b465ee728b)
Start importing Assets/Water_FX_Collection/Beach_Waves/Water/Water/Materials/WaterPlaneMaterial.mat using Guid(f1bc741ea0e69a241896582ddb633d55) Importer(815301076,1909f56bfc062723c751e8b465ee728b)  -> (artifact id: '1a3028f491faae54938ca8ff9e119498') in 0.237688 seconds 
========================================================================
Received Import Request.
  Time since last request: 0.000088 seconds.
  path: Assets/ANIMALS FULL PACK/Wolf_Male/Materials/Wolf_male_mobile1.mat
  artifactKey: Guid(7dd1c4505378bb94c81ff9826ce9366b) Importer(815301076,1909f56bfc062723c751e8b465ee728b)
Start importing Assets/ANIMALS FULL PACK/Wolf_Male/Materials/Wolf_male_mobile1.mat using Guid(7dd1c4505378bb94c81ff9826ce9366b) Importer(815301076,1909f56bfc062723c751e8b465ee728b)  -> (artifact id: 'de9152261ebeca38406befb4c2da8234') in 0.051908 seconds 
========================================================================
Received Import Request.
  Time since last request: 0.000044 seconds.
  path: Assets/Water_FX_Collection/Fire_Hose/FBX/Materials/Window_Smoke_A_mtl.mat
  artifactKey: Guid(b7d217d8fc7c9ad43be476265a7a0cc1) Importer(815301076,1909f56bfc062723c751e8b465ee728b)
Start importing Assets/Water_FX_Collection/Fire_Hose/FBX/Materials/Window_Smoke_A_mtl.mat using Guid(b7d217d8fc7c9ad43be476265a7a0cc1) Importer(815301076,1909f56bfc062723c751e8b465ee728b)  -> (artifact id: 'c6efd66c0baf121ed2afc5c3d94ae934') in 0.017279 seconds 
========================================================================
Received Import Request.
  Time since last request: 0.000046 seconds.
  path: Assets/ANIMALS FULL PACK/Wolf_Male/Materials/Wolf_male_color2.mat
  artifactKey: Guid(6137fb4b8a5d0b64cb5e4518f0401111) Importer(815301076,1909f56bfc062723c751e8b465ee728b)
Start importing Assets/ANIMALS FULL PACK/Wolf_Male/Materials/Wolf_male_color2.mat using Guid(6137fb4b8a5d0b64cb5e4518f0401111) Importer(815301076,1909f56bfc062723c751e8b465ee728b)  -> (artifact id: '7c044eeb937655e413e32c3d1ea5fabd') in 0.037158 seconds 
========================================================================
Received Import Request.
  Time since last request: 0.000054 seconds.
  path: Assets/Oculus/SampleFramework/Usage/SceneManager/Materials/WoodDark.mat
  artifactKey: Guid(47dc5a096e1063a47b2d9afb0ecc8e75) Importer(815301076,1909f56bfc062723c751e8b465ee728b)
Start importing Assets/Oculus/SampleFramework/Usage/SceneManager/Materials/WoodDark.mat using Guid(47dc5a096e1063a47b2d9afb0ecc8e75) Importer(815301076,1909f56bfc062723c751e8b465ee728b)  -> (artifact id: 'd01fc60d27e062461f2b1f18f625b471') in 0.008631 seconds 
========================================================================
Received Import Request.
  Time since last request: 0.000059 seconds.
  path: Assets/Water_FX_Collection/Fire_Hose/FBX/Materials/Window_Fire_A_mtl.mat
  artifactKey: Guid(d331aa01d74ba664c83b5e690d16538f) Importer(815301076,1909f56bfc062723c751e8b465ee728b)
Start importing Assets/Water_FX_Collection/Fire_Hose/FBX/Materials/Window_Fire_A_mtl.mat using Guid(d331aa01d74ba664c83b5e690d16538f) Importer(815301076,1909f56bfc062723c751e8b465ee728b)  -> (artifact id: '613eaf0f6a476cce369ce7f3841f0a48') in 0.005619 seconds 
========================================================================
Received Import Request.
  Time since last request: 0.000056 seconds.
  path: Assets/Visual Design Cafe/Nature Renderer Demo/Realistic/Art/Flowers/Source Assets/White Flowers 01 LOD0.mat
  artifactKey: Guid(732d6ee05f8a32f40b3c7945c48b6ace) Importer(815301076,1909f56bfc062723c751e8b465ee728b)
Start importing Assets/Visual Design Cafe/Nature Renderer Demo/Realistic/Art/Flowers/Source Assets/White Flowers 01 LOD0.mat using Guid(732d6ee05f8a32f40b3c7945c48b6ace) Importer(815301076,1909f56bfc062723c751e8b465ee728b)  -> (artifact id: 'fffe98ef784aa22ce75e595ef0fd82ed') in 0.574090 seconds 
========================================================================
Received Import Request.
  Time since last request: 0.000050 seconds.
  path: Assets/Oculus/SampleFramework/Usage/HandsTrainExample/Materials/XingLightMaterial.mat
  artifactKey: Guid(b99b44499a77b3645b481d4f7d0ddf33) Importer(815301076,1909f56bfc062723c751e8b465ee728b)
Start importing Assets/Oculus/SampleFramework/Usage/HandsTrainExample/Materials/XingLightMaterial.mat using Guid(b99b44499a77b3645b481d4f7d0ddf33) Importer(815301076,1909f56bfc062723c751e8b465ee728b)  -> (artifact id: '7ee4040857f04cb5a22de1be7cd3a808') in 0.009366 seconds 
========================================================================
Received Import Request.
  Time since last request: 0.000046 seconds.
  path: Assets/Water_FX_Collection/Fire_Hose/FBX/Materials/Waterall_Particle.mtl.mat
  artifactKey: Guid(9d1f98166c860eb4989ed04263b30d34) Importer(815301076,1909f56bfc062723c751e8b465ee728b)
Start importing Assets/Water_FX_Collection/Fire_Hose/FBX/Materials/Waterall_Particle.mtl.mat using Guid(9d1f98166c860eb4989ed04263b30d34) Importer(815301076,1909f56bfc062723c751e8b465ee728b)  -> (artifact id: '1145872084645b586b86c7ba698e17dc') in 0.007458 seconds 
========================================================================
Received Import Request.
  Time since last request: 0.000048 seconds.
  path: Assets/ANIMALS FULL PACK/Wolf_Male/Materials/Wolf_male_color1.mat
  artifactKey: Guid(0f83b32e2dc72d44fb841a1bbed7530d) Importer(815301076,1909f56bfc062723c751e8b465ee728b)
Start importing Assets/ANIMALS FULL PACK/Wolf_Male/Materials/Wolf_male_color1.mat using Guid(0f83b32e2dc72d44fb841a1bbed7530d) Importer(815301076,1909f56bfc062723c751e8b465ee728b)  -> (artifact id: 'f0e1012cdc4745486c2bed2b64a5fc1e') in 0.050201 seconds 
========================================================================
Received Import Request.
  Time since last request: 0.000042 seconds.
  path: Assets/Oculus/SampleFramework/Usage/Passthrough/Materials/WhiteUnlit.mat
  artifactKey: Guid(89681c510a2d4144f82986df469f44a1) Importer(815301076,1909f56bfc062723c751e8b465ee728b)
Start importing Assets/Oculus/SampleFramework/Usage/Passthrough/Materials/WhiteUnlit.mat using Guid(89681c510a2d4144f82986df469f44a1) Importer(815301076,1909f56bfc062723c751e8b465ee728b)  -> (artifact id: '3c60001e8ebb9ce4965dd8270fb63d39') in 0.008627 seconds 
========================================================================
Received Import Request.
  Time since last request: 0.000046 seconds.
  path: Assets/Water_FX_Collection/Fire_Hose/FBX/Materials/Window_Fire_B_mtl.mat
  artifactKey: Guid(29847b61cc231a44e8b7a0efaace88b7) Importer(815301076,1909f56bfc062723c751e8b465ee728b)
Start importing Assets/Water_FX_Collection/Fire_Hose/FBX/Materials/Window_Fire_B_mtl.mat using Guid(29847b61cc231a44e8b7a0efaace88b7) Importer(815301076,1909f56bfc062723c751e8b465ee728b)  -> (artifact id: '4aa9b27c41c4625f816dbedd0fa2f8ae') in 0.005113 seconds 
========================================================================
Received Import Request.
  Time since last request: 0.000047 seconds.
  path: Assets/Water_FX_Collection/Fire_Hose/FBX/Materials/window_glass_c.mat
  artifactKey: Guid(80b0c203b0ee21d4d854fab2e50741b3) Importer(815301076,1909f56bfc062723c751e8b465ee728b)
Start importing Assets/Water_FX_Collection/Fire_Hose/FBX/Materials/window_glass_c.mat using Guid(80b0c203b0ee21d4d854fab2e50741b3) Importer(815301076,1909f56bfc062723c751e8b465ee728b)  -> (artifact id: '619080abbf87c2e308e4cf96a2f12021') in 0.007881 seconds 
========================================================================
Received Import Request.
  Time since last request: 0.000055 seconds.
  path: Assets/Water_FX_Collection/Fire_Hose/FBX/Materials/wall_ext_lowerwindow1_c.mat
  artifactKey: Guid(680f2b65adc008d479f89d31f06d02dd) Importer(815301076,1909f56bfc062723c751e8b465ee728b)
Start importing Assets/Water_FX_Collection/Fire_Hose/FBX/Materials/wall_ext_lowerwindow1_c.mat using Guid(680f2b65adc008d479f89d31f06d02dd) Importer(815301076,1909f56bfc062723c751e8b465ee728b)  -> (artifact id: '5d0f8c987153a887a403692d323cb8b9') in 0.007798 seconds 
========================================================================
Received Import Request.
  Time since last request: 0.000065 seconds.
  path: Assets/Oculus/SampleFramework/Usage/DistanceGrab/Materials/WoodBlockWithOutline.mat
  artifactKey: Guid(3a4cc84819795469da40d14888581e73) Importer(815301076,1909f56bfc062723c751e8b465ee728b)
Start importing Assets/Oculus/SampleFramework/Usage/DistanceGrab/Materials/WoodBlockWithOutline.mat using Guid(3a4cc84819795469da40d14888581e73) Importer(815301076,1909f56bfc062723c751e8b465ee728b)  -> (artifact id: 'fb3b4da01a4b97b2e0175e85e317e22c') in 0.006552 seconds 
========================================================================
Received Import Request.
  Time since last request: 75.822024 seconds.
  path: Assets/Models/bark_bowl_tall.obj
  artifactKey: Guid(2bc57289051674d50af29ce5f4f5cfd6) Importer(815301076,1909f56bfc062723c751e8b465ee728b)
Start importing Assets/Models/bark_bowl_tall.obj using Guid(2bc57289051674d50af29ce5f4f5cfd6) Importer(815301076,1909f56bfc062723c751e8b465ee728b)  -> (artifact id: 'e5fa421cd054b51c91a484e2cd9e2f03') in 0.076715 seconds 
========================================================================
Received Import Request.
  Time since last request: 11.366708 seconds.
  path: Assets/Oculus/Interaction/Samples/Objects/Props/Box/Materials/BoxMat.mat
  artifactKey: Guid(63ceda150b6bfb443902555204d13348) Importer(815301076,1909f56bfc062723c751e8b465ee728b)
Start importing Assets/Oculus/Interaction/Samples/Objects/Props/Box/Materials/BoxMat.mat using Guid(63ceda150b6bfb443902555204d13348) Importer(815301076,1909f56bfc062723c751e8b465ee728b)  -> (artifact id: '3afe6aa9c671ba59c965401a0ddd2ca9') in 0.166831 seconds 
========================================================================
Received Import Request.
  Time since last request: 0.000058 seconds.
  path: Assets/Water_FX_Collection/Fire_Hose/FBX/Materials/wall_ext_pattern1_c.mat
  artifactKey: Guid(7101e1fab1859004687c14ad6afb47ae) Importer(815301076,1909f56bfc062723c751e8b465ee728b)
Start importing Assets/Water_FX_Collection/Fire_Hose/FBX/Materials/wall_ext_pattern1_c.mat using Guid(7101e1fab1859004687c14ad6afb47ae) Importer(815301076,1909f56bfc062723c751e8b465ee728b)  -> (artifact id: '52f733f98ac333caa5fb1e92d3c3e7a8') in 0.009136 seconds 
========================================================================
Received Import Request.
  Time since last request: 0.000036 seconds.
  path: Assets/Oculus/SampleFramework/Usage/OVROverlay/Materials/Tile_Mat_CinemaText.mat
  artifactKey: Guid(a637033578b1e584f9d9f4d5255d5998) Importer(815301076,1909f56bfc062723c751e8b465ee728b)
Start importing Assets/Oculus/SampleFramework/Usage/OVROverlay/Materials/Tile_Mat_CinemaText.mat using Guid(a637033578b1e584f9d9f4d5255d5998) Importer(815301076,1909f56bfc062723c751e8b465ee728b)  -> (artifact id: '9d88d76b61dabbfdb1d6d4326011c1e2') in 0.013665 seconds 
========================================================================
Received Import Request.
  Time since last request: 0.000059 seconds.
  path: Assets/Oculus/Interaction/Samples/ThirdParty/GradientSkybox/Skybox_ThreeColorGradient.mat
  artifactKey: Guid(ff6228692444b254cae1a99d4c15d216) Importer(815301076,1909f56bfc062723c751e8b465ee728b)
Start importing Assets/Oculus/Interaction/Samples/ThirdParty/GradientSkybox/Skybox_ThreeColorGradient.mat using Guid(ff6228692444b254cae1a99d4c15d216) Importer(815301076,1909f56bfc062723c751e8b465ee728b)  -> (artifact id: '7d2a1c4c82e47378d475fb99e810b0fc') in 0.006884 seconds 
========================================================================
Received Import Request.
  Time since last request: 0.000044 seconds.
  path: Assets/Water_FX_Collection/Fire_Hose/FBX/Materials/wall_ext_roof_edge_trans_c.mat
  artifactKey: Guid(f95b5f92bf6548d40adc41cc79dbd963) Importer(815301076,1909f56bfc062723c751e8b465ee728b)
Start importing Assets/Water_FX_Collection/Fire_Hose/FBX/Materials/wall_ext_roof_edge_trans_c.mat using Guid(f95b5f92bf6548d40adc41cc79dbd963) Importer(815301076,1909f56bfc062723c751e8b465ee728b)  -> (artifact id: 'e672c84bcce78eb3a2e7e41698c87340') in 0.006766 seconds 
========================================================================
Received Import Request.
  Time since last request: 0.000051 seconds.
  path: Assets/Oculus/SampleFramework/Usage/HandsTrainExample/Materials/ControllerBoxButtons.mat
  artifactKey: Guid(b3244fa82a3c4c748a0faa4e84afa36f) Importer(815301076,1909f56bfc062723c751e8b465ee728b)
Start importing Assets/Oculus/SampleFramework/Usage/HandsTrainExample/Materials/ControllerBoxButtons.mat using Guid(b3244fa82a3c4c748a0faa4e84afa36f) Importer(815301076,1909f56bfc062723c751e8b465ee728b)  -> (artifact id: '73fb556a59edca2df9032c11373f2823') in 0.046278 seconds 
========================================================================
Received Import Request.
  Time since last request: 0.000054 seconds.
  path: Assets/Oculus/SampleFramework/Usage/SharedAssets/Skyboxes/Sky_02/Skybox02.mat
  artifactKey: Guid(b709a9919bd4047b58bb05887b4faad3) Importer(815301076,1909f56bfc062723c751e8b465ee728b)
Start importing Assets/Oculus/SampleFramework/Usage/SharedAssets/Skyboxes/Sky_02/Skybox02.mat using Guid(b709a9919bd4047b58bb05887b4faad3) Importer(815301076,1909f56bfc062723c751e8b465ee728b)  -> (artifact id: '0b425a887f4fe8efd50df0fc7fe7c773') in 0.137561 seconds 
========================================================================
Received Import Request.
  Time since last request: 0.000063 seconds.
  path: Assets/Water_FX_Collection/Fire_Hose/FBX/Materials/steps_exterior_c.mat
  artifactKey: Guid(9b1096b3d856caa4e8f5167d421540ea) Importer(815301076,1909f56bfc062723c751e8b465ee728b)
Start importing Assets/Water_FX_Collection/Fire_Hose/FBX/Materials/steps_exterior_c.mat using Guid(9b1096b3d856caa4e8f5167d421540ea) Importer(815301076,1909f56bfc062723c751e8b465ee728b)  -> (artifact id: '5a5a0e90016abbb5197f53c5d6252050') in 0.007673 seconds 
========================================================================
Received Import Request.
  Time since last request: 0.000040 seconds.
  path: Assets/Oculus/SampleFramework/Usage/Passthrough/Materials/skybox/Skybox.mat
  artifactKey: Guid(34b43d94c855d49e491abad836c56a32) Importer(815301076,1909f56bfc062723c751e8b465ee728b)
Start importing Assets/Oculus/SampleFramework/Usage/Passthrough/Materials/skybox/Skybox.mat using Guid(34b43d94c855d49e491abad836c56a32) Importer(815301076,1909f56bfc062723c751e8b465ee728b)  -> (artifact id: '935051d07519188ccd82b659c6007659') in 0.006467 seconds 
========================================================================
Received Import Request.
  Time since last request: 0.000045 seconds.
  path: Assets/Oculus/SampleFramework/Usage/SharedAssets/Skyboxes/Sky_01/Skybox01Mat.mat
  artifactKey: Guid(b6121f1ede3dbe848a9c9de2ef369c28) Importer(815301076,1909f56bfc062723c751e8b465ee728b)
Start importing Assets/Oculus/SampleFramework/Usage/SharedAssets/Skyboxes/Sky_01/Skybox01Mat.mat using Guid(b6121f1ede3dbe848a9c9de2ef369c28) Importer(815301076,1909f56bfc062723c751e8b465ee728b)  -> (artifact id: 'e88387b2cc61a686e08d7c6327498abc') in 0.011658 seconds 
========================================================================
Received Import Request.
  Time since last request: 0.000054 seconds.
  path: Assets/Oculus/SampleFramework/Usage/HandsTrainExample/Materials/ControllerBoxGlow.mat
  artifactKey: Guid(a439cfb9369c1404d9db2e5580667b14) Importer(815301076,1909f56bfc062723c751e8b465ee728b)
Start importing Assets/Oculus/SampleFramework/Usage/HandsTrainExample/Materials/ControllerBoxGlow.mat using Guid(a439cfb9369c1404d9db2e5580667b14) Importer(815301076,1909f56bfc062723c751e8b465ee728b)  -> (artifact id: '9cd486104449198f40e21261efe6591f') in 0.006381 seconds 
========================================================================
Received Import Request.
  Time since last request: 0.000039 seconds.
  path: Assets/Oculus/Interaction/Samples/Objects/Props/ToyBox/ToyBoxesMat.mat
  artifactKey: Guid(5196470282bc7c34bb12d13caa9bccaa) Importer(815301076,1909f56bfc062723c751e8b465ee728b)
Start importing Assets/Oculus/Interaction/Samples/Objects/Props/ToyBox/ToyBoxesMat.mat using Guid(5196470282bc7c34bb12d13caa9bccaa) Importer(815301076,1909f56bfc062723c751e8b465ee728b)  -> (artifact id: '340c316be977601e7d4c89007c7a43d2') in 0.009521 seconds 
========================================================================
Received Import Request.
  Time since last request: 0.000049 seconds.
  path: Assets/Water_FX_Collection/Camera_Lens_Rain/FBX/Materials/City_Night_Lights_Skybox.mat
  artifactKey: Guid(348cd90bacc60034b9a8557ea9145e97) Importer(815301076,1909f56bfc062723c751e8b465ee728b)
Start importing Assets/Water_FX_Collection/Camera_Lens_Rain/FBX/Materials/City_Night_Lights_Skybox.mat using Guid(348cd90bacc60034b9a8557ea9145e97) Importer(815301076,1909f56bfc062723c751e8b465ee728b)  -> (artifact id: 'b3baef7c30bf068ee04becac7e5e5034') in 0.007260 seconds 
========================================================================
Received Import Request.
  Time since last request: 0.000043 seconds.
  path: Assets/Water_FX_Collection/Fire_Hose/FBX/Materials/wall_ext_column_lower_c.mat
  artifactKey: Guid(e37bdd486db8b44409096d04192ad010) Importer(815301076,1909f56bfc062723c751e8b465ee728b)
Start importing Assets/Water_FX_Collection/Fire_Hose/FBX/Materials/wall_ext_column_lower_c.mat using Guid(e37bdd486db8b44409096d04192ad010) Importer(815301076,1909f56bfc062723c751e8b465ee728b)  -> (artifact id: 'b5a34284920049e50252b007684ec507') in 0.006588 seconds 
========================================================================
Received Import Request.
  Time since last request: 0.000052 seconds.
  path: Assets/Oculus/SampleFramework/Usage/HandsTrainExample/Materials/ControllerBox.mat
  artifactKey: Guid(520a8c6c6d409b44d921cd1e654d1807) Importer(815301076,1909f56bfc062723c751e8b465ee728b)
Start importing Assets/Oculus/SampleFramework/Usage/HandsTrainExample/Materials/ControllerBox.mat using Guid(520a8c6c6d409b44d921cd1e654d1807) Importer(815301076,1909f56bfc062723c751e8b465ee728b)  -> (artifact id: 'ea9977348562e0d5a0232f14c063d0d9') in 0.012712 seconds 
========================================================================
Received Import Request.
  Time since last request: 0.000036 seconds.
  path: Assets/Oculus/Interaction/Samples/Objects/Props/IconBox/Materials/iconBoxMaterial.mat
  artifactKey: Guid(d07b4fe945f100f4494504db069cf356) Importer(815301076,1909f56bfc062723c751e8b465ee728b)
Start importing Assets/Oculus/Interaction/Samples/Objects/Props/IconBox/Materials/iconBoxMaterial.mat using Guid(d07b4fe945f100f4494504db069cf356) Importer(815301076,1909f56bfc062723c751e8b465ee728b)  -> (artifact id: 'f41a01e0463d21ad08de96e50dd7b5f6') in 0.006927 seconds 
========================================================================
Received Import Request.
  Time since last request: 0.000121 seconds.
  path: Assets/Oculus/Voice/Demo/Materials/Skybox.mat
  artifactKey: Guid(fea35dc83d97e2b438e3baebaf6ead34) Importer(815301076,1909f56bfc062723c751e8b465ee728b)
Start importing Assets/Oculus/Voice/Demo/Materials/Skybox.mat using Guid(fea35dc83d97e2b438e3baebaf6ead34) Importer(815301076,1909f56bfc062723c751e8b465ee728b)  -> (artifact id: '6893316f7d08eb241c41a6a9a0f905f6') in 0.007993 seconds 
========================================================================
Received Import Request.
  Time since last request: 0.000068 seconds.
  path: Assets/Oculus/SampleFramework/Usage/DistanceGrab/SkyboxMat.mat
  artifactKey: Guid(59e9fddc38d83c84689eb3deb601b970) Importer(815301076,1909f56bfc062723c751e8b465ee728b)
Start importing Assets/Oculus/SampleFramework/Usage/DistanceGrab/SkyboxMat.mat using Guid(59e9fddc38d83c84689eb3deb601b970) Importer(815301076,1909f56bfc062723c751e8b465ee728b)  -> (artifact id: '5072fc7e0e9d9cb07bd68bda80138cd1') in 0.007978 seconds 
========================================================================
Received Import Request.
  Time since last request: 0.000042 seconds.
  path: Assets/Oculus/Interaction/Samples/Objects/Props/ToyBox/ToyBoxesMat.fbx
  artifactKey: Guid(f1bc7ebd567dd466189a6f6ae409c85c) Importer(815301076,1909f56bfc062723c751e8b465ee728b)
Start importing Assets/Oculus/Interaction/Samples/Objects/Props/ToyBox/ToyBoxesMat.fbx using Guid(f1bc7ebd567dd466189a6f6ae409c85c) Importer(815301076,1909f56bfc062723c751e8b465ee728b)  -> (artifact id: 'df97b38cd6c794c23684c4a5b75b922f') in 0.040212 seconds 
========================================================================
Received Import Request.
  Time since last request: 23.060786 seconds.
  path: Assets/Models/Matches.blend
  artifactKey: Guid(33b30ed33bd204d2786bcab022fe535f) Importer(815301076,1909f56bfc062723c751e8b465ee728b)
Start importing Assets/Models/Matches.blend using Guid(33b30ed33bd204d2786bcab022fe535f) Importer(815301076,1909f56bfc062723c751e8b465ee728b)  -> (artifact id: '1e98e6c8fb75f37b3e5a926b1a3239e8') in 0.095234 seconds 
========================================================================
Received Import Request.
  Time since last request: 3.293760 seconds.
  path: Assets/Visual Design Cafe/Nature Renderer Demo/Realistic/Art/Trees/Source Assets/Conifer_Billboard.mat
  artifactKey: Guid(f38129caef3a2854e806254192b46337) Importer(815301076,1909f56bfc062723c751e8b465ee728b)
Start importing Assets/Visual Design Cafe/Nature Renderer Demo/Realistic/Art/Trees/Source Assets/Conifer_Billboard.mat using Guid(f38129caef3a2854e806254192b46337) Importer(815301076,1909f56bfc062723c751e8b465ee728b)  -> (artifact id: '71a3638cb9a3a7e77170be4af5ce9280') in 0.631618 seconds 
========================================================================
Received Import Request.
  Time since last request: 0.000042 seconds.
  path: Assets/Visual Design Cafe/Nature Renderer Demo/Realistic/Art/Trees/Source Assets/Materials/Cypress_Forest_Desktop_Billboard.mat
  artifactKey: Guid(6e96b44ff17a7de4a859752d4aa68e3d) Importer(815301076,1909f56bfc062723c751e8b465ee728b)
Start importing Assets/Visual Design Cafe/Nature Renderer Demo/Realistic/Art/Trees/Source Assets/Materials/Cypress_Forest_Desktop_Billboard.mat using Guid(6e96b44ff17a7de4a859752d4aa68e3d) Importer(815301076,1909f56bfc062723c751e8b465ee728b)  -> (artifact id: 'e953c4b6cd48d090bf5f0aff2a772e96') in 0.013170 seconds 
========================================================================
Received Import Request.
  Time since last request: 23.151378 seconds.
  path: Assets/Oculus/Interaction/Samples/Objects/Props/ChessPiece/Materials/ChessPieceMaterial.mat
  artifactKey: Guid(1ca71802d51bae64a8033f42a2b05713) Importer(815301076,1909f56bfc062723c751e8b465ee728b)
Start importing Assets/Oculus/Interaction/Samples/Objects/Props/ChessPiece/Materials/ChessPieceMaterial.mat using Guid(1ca71802d51bae64a8033f42a2b05713) Importer(815301076,1909f56bfc062723c751e8b465ee728b)  -> (artifact id: '45f37c9274ae430a471ff732101627db') in 0.008977 seconds 
========================================================================
Received Import Request.
  Time since last request: 0.000066 seconds.
  path: Assets/Oculus/SampleFramework/Core/DebugUI/Fonts/Montserrat/Montserrat-LightItalic.ttf
  artifactKey: Guid(d30609de8a17cfb409c74b4302ca60e3) Importer(815301076,1909f56bfc062723c751e8b465ee728b)
Start importing Assets/Oculus/SampleFramework/Core/DebugUI/Fonts/Montserrat/Montserrat-LightItalic.ttf using Guid(d30609de8a17cfb409c74b4302ca60e3) Importer(815301076,1909f56bfc062723c751e8b465ee728b)  -> (artifact id: '9096e5fec861b3259fbeb0356c90abc9') in 1.348135 seconds 
========================================================================
Received Import Request.
  Time since last request: 0.000063 seconds.
  path: Assets/Oculus/Interaction/Samples/Objects/Props/Doll/Materials/DollMat.fbx
  artifactKey: Guid(d075ebbc4d53542299c9d7cd9a9885e2) Importer(815301076,1909f56bfc062723c751e8b465ee728b)
Start importing Assets/Oculus/Interaction/Samples/Objects/Props/Doll/Materials/DollMat.fbx using Guid(d075ebbc4d53542299c9d7cd9a9885e2) Importer(815301076,1909f56bfc062723c751e8b465ee728b)  -> (artifact id: 'b1f7935d0b66b7dfd76661cd95f1d281') in 0.017967 seconds 
========================================================================
Received Import Request.
  Time since last request: 0.000035 seconds.
  path: Assets/Oculus/Interaction/Runtime/Materials/DebugUnlitMaterial.mat
  artifactKey: Guid(32c9cae82fc27e4429ecd48a7c3ea496) Importer(815301076,1909f56bfc062723c751e8b465ee728b)
Start importing Assets/Oculus/Interaction/Runtime/Materials/DebugUnlitMaterial.mat using Guid(32c9cae82fc27e4429ecd48a7c3ea496) Importer(815301076,1909f56bfc062723c751e8b465ee728b)  -> (artifact id: '9f1c3fe7803fb112d853d5660ed60f02') in 0.007670 seconds 
========================================================================
Received Import Request.
  Time since last request: 2.711415 seconds.
  path: Assets/vegetables/Ambient-Occlusion/Materials/Chillismall_lod0-Vegetables.mat
  artifactKey: Guid(6dd4e0b251c7328478573f16a6ee5ecb) Importer(815301076,1909f56bfc062723c751e8b465ee728b)
Start importing Assets/vegetables/Ambient-Occlusion/Materials/Chillismall_lod0-Vegetables.mat using Guid(6dd4e0b251c7328478573f16a6ee5ecb) Importer(815301076,1909f56bfc062723c751e8b465ee728b)  -> (artifact id: '8b896ec2edcb7129cb202dfc2b27d667') in 0.008810 seconds 
========================================================================
Received Import Request.
  Time since last request: 32.754829 seconds.
  path: Assets/vegetables/Ambient-Occlusion/Materials/Carrots_lod1-Vegetables.mat
  artifactKey: Guid(54b3089e8c702ab46bc12a78cb50b194) Importer(815301076,1909f56bfc062723c751e8b465ee728b)
Start importing Assets/vegetables/Ambient-Occlusion/Materials/Carrots_lod1-Vegetables.mat using Guid(54b3089e8c702ab46bc12a78cb50b194) Importer(815301076,1909f56bfc062723c751e8b465ee728b)  -> (artifact id: 'e92c274bbb1a0fd2f389234f0a43101b') in 0.009199 seconds 
========================================================================
Received Import Request.
  Time since last request: 0.000064 seconds.
  path: Assets/AllSkyFree/Cartoon Base NightSky/Cartoon Base NightSky.mat
  artifactKey: Guid(aa78c8d403a8547fe86d1f74239e6b03) Importer(815301076,1909f56bfc062723c751e8b465ee728b)
Start importing Assets/AllSkyFree/Cartoon Base NightSky/Cartoon Base NightSky.mat using Guid(aa78c8d403a8547fe86d1f74239e6b03) Importer(815301076,1909f56bfc062723c751e8b465ee728b)  -> (artifact id: '184747b99c5270450ca9ceda819f4b45') in 0.028156 seconds 
========================================================================
Received Import Request.
  Time since last request: 29.574588 seconds.
  path: Assets/Oculus/SampleFramework/Usage/Locomotion/Materials/MAT_floor_wood_02.mat
  artifactKey: Guid(c5de2de29649946caa67f57a9825cfd6) Importer(815301076,1909f56bfc062723c751e8b465ee728b)
Start importing Assets/Oculus/SampleFramework/Usage/Locomotion/Materials/MAT_floor_wood_02.mat using Guid(c5de2de29649946caa67f57a9825cfd6) Importer(815301076,1909f56bfc062723c751e8b465ee728b)  -> (artifact id: '0ee083f1bdcc4ceea49f50be779d7ebe') in 0.040518 seconds 
========================================================================
Received Import Request.
  Time since last request: 0.000051 seconds.
  path: Assets/Oculus/Interaction/Samples/Objects/Props/Locomotion/Materials/MetaLocoTutorialUIMat.fbx
  artifactKey: Guid(7cee51529ca3046bd8a94b96d93191ea) Importer(815301076,1909f56bfc062723c751e8b465ee728b)
Start importing Assets/Oculus/Interaction/Samples/Objects/Props/Locomotion/Materials/MetaLocoTutorialUIMat.fbx using Guid(7cee51529ca3046bd8a94b96d93191ea) Importer(815301076,1909f56bfc062723c751e8b465ee728b)  -> (artifact id: '4c715ecd7c98112f836f27e11bc7bea8') in 0.015452 seconds 
========================================================================
Received Import Request.
  Time since last request: 0.000063 seconds.
  path: Assets/Oculus/SampleFramework/Usage/SharedAssets/Materials/MAT_room_atlas_01.mat
  artifactKey: Guid(c06f24316d5a9416686642a56431ea32) Importer(815301076,1909f56bfc062723c751e8b465ee728b)
Start importing Assets/Oculus/SampleFramework/Usage/SharedAssets/Materials/MAT_room_atlas_01.mat using Guid(c06f24316d5a9416686642a56431ea32) Importer(815301076,1909f56bfc062723c751e8b465ee728b)  -> (artifact id: 'b47d8cd1500e07930303adeec44a8039') in 0.024655 seconds 
========================================================================
Received Import Request.
  Time since last request: 0.000055 seconds.
  path: Assets/Oculus/Interaction/Samples/Objects/Props/Doll/Models/Doll.fbx
  artifactKey: Guid(254f1b7e40e902449a9139030b3240ff) Importer(815301076,1909f56bfc062723c751e8b465ee728b)
Start importing Assets/Oculus/Interaction/Samples/Objects/Props/Doll/Models/Doll.fbx using Guid(254f1b7e40e902449a9139030b3240ff) Importer(815301076,1909f56bfc062723c751e8b465ee728b)  -> (artifact id: '10972fa13b00b050e86091de990da94f') in 0.033076 seconds 
========================================================================
Received Import Request.
  Time since last request: 23.755632 seconds.
  path: Assets/Oculus/Interaction/Runtime/Materials/DotGridUnlit.mat
  artifactKey: Guid(c8abc1d05afcf524eb9f7657ed06700d) Importer(815301076,1909f56bfc062723c751e8b465ee728b)
Start importing Assets/Oculus/Interaction/Runtime/Materials/DotGridUnlit.mat using Guid(c8abc1d05afcf524eb9f7657ed06700d) Importer(815301076,1909f56bfc062723c751e8b465ee728b)  -> (artifact id: '3d129956e79ca171ee65d4a679b270e4') in 0.081854 seconds 
========================================================================
Received Import Request.
  Time since last request: 0.000043 seconds.
  path: Assets/Oculus/Interaction/Runtime/Meshes/Locomotion/Materials/MetaSecondaryGradientMat.mat
  artifactKey: Guid(8dc22c820b620ed47bc3d6d66d49d671) Importer(815301076,1909f56bfc062723c751e8b465ee728b)
Start importing Assets/Oculus/Interaction/Runtime/Meshes/Locomotion/Materials/MetaSecondaryGradientMat.mat using Guid(8dc22c820b620ed47bc3d6d66d49d671) Importer(815301076,1909f56bfc062723c751e8b465ee728b)  -> (artifact id: 'e23e16886fd28f06d6c5637b3769d5e6') in 0.005981 seconds 
========================================================================
Received Import Request.
  Time since last request: 0.000049 seconds.
  path: Assets/Visual Design Cafe/Nature Renderer/Resources/Nature Renderer Templates/Grass Material.mat
  artifactKey: Guid(a7aa27fcfff0c8e4cb9fb9a05dc8ca16) Importer(815301076,1909f56bfc062723c751e8b465ee728b)
Start importing Assets/Visual Design Cafe/Nature Renderer/Resources/Nature Renderer Templates/Grass Material.mat using Guid(a7aa27fcfff0c8e4cb9fb9a05dc8ca16) Importer(815301076,1909f56bfc062723c751e8b465ee728b)  -> (artifact id: 'f6de903e36703a04ae643711bcf77be0') in 0.554517 seconds 
========================================================================
Received Prepare
Registering precompiled user dll's ...
Registered in 0.029647 seconds.
Begin MonoManager ReloadAssembly
Thread 0x2ec687000 may have been prematurely finalized
Symbol file LoadedFromMemory doesn't match image /Users/vivian/Documents/GitHub/smudge-vr-2/Library/PackageCache/com.unity.visualscripting@1.7.8/Editor/VisualScripting.Core/Dependencies/DotNetZip/Unity.VisualScripting.IonicZip.dll
Symbol file LoadedFromMemory doesn't match image /Users/vivian/Documents/GitHub/smudge-vr-2/Library/PackageCache/com.unity.visualscripting@1.7.8/Editor/VisualScripting.Core/Dependencies/YamlDotNet/Unity.VisualScripting.YamlDotNet.dll
Native extension for iOS target not found
Native extension for Android target not found
Native extension for OSXStandalone target not found
Refreshing native plugins compatible for Editor in 329.75 ms, found 5 plugins.
Preloading 1 native plugins for Editor in 0.93 ms.
[Package Manager] Server::EnsureServerProcessIsRunning -- launch failed, reason: Unity was launched with the -noUpm command-line argument
[Package Manager] UpmClient::Send -- Unable to send message (not connected to UPM process).
[Package Manager] Cannot connect to Unity Package Manager local server
[Package Manager] Server::EnsureServerProcessIsRunning -- launch failed, reason: Unity was launched with the -noUpm command-line argument
[Package Manager] UpmClient::Send -- Unable to send message (not connected to UPM process).
[Package Manager] Cannot connect to Unity Package Manager local server
Mono: successfully reloaded assembly
[Package Manager] Server::EnsureServerProcessIsRunning -- launch failed, reason: Unity was launched with the -noUpm command-line argument
[Package Manager] UpmClient::Send -- Unable to send message (not connected to UPM process).
[Package Manager] Cannot connect to Unity Package Manager local server
- Completed reload, in  3.531 seconds
Domain Reload Profiling:
	ReloadAssembly (3533ms)
		BeginReloadAssembly (386ms)
			ExecutionOrderSort (0ms)
			DisableScriptedObjects (14ms)
			BackupInstance (0ms)
			ReleaseScriptingObjects (0ms)
			CreateAndSetChildDomain (177ms)
		EndReloadAssembly (2913ms)
			LoadAssemblies (312ms)
			RebuildTransferFunctionScriptingTraits (0ms)
			SetupTypeCache (875ms)
				TypeCache.Initialize (832ms)
					TypeCache.ScanAssembly (824ms)
				ResolveRequiredComponents (43ms)
			ReleaseScriptCaches (4ms)
			RebuildScriptCaches (94ms)
			SetupLoadedEditorAssemblies (1226ms)
				LogAssemblyErrors (0ms)
				InitializePlatformSupportModulesInManaged (42ms)
				SetLoadedEditorAssemblies (16ms)
				RefreshPlugins (331ms)
				BeforeProcessingInitializeOnLoad (105ms)
				ProcessInitializeOnLoadAttributes (539ms)
				ProcessInitializeOnLoadMethodAttributes (188ms)
				AfterProcessingInitializeOnLoad (5ms)
				EditorAssembliesLoaded (0ms)
			ExecutionOrderSort2 (0ms)
			AwakeInstancesAfterBackupRestoration (6ms)
Platform modules already initialized, skipping
Shader 'Universal Render Pipeline/Nature/SpeedTree7': dependency 'BillboardShader' shader 'Universal Render Pipeline/Nature/SpeedTree7 Billboard' not found
Shader 'Universal Render Pipeline/Baked Lit': fallback shader 'Universal Render Pipeline/Unlit' not found
Shader 'Universal Render Pipeline/Simple Lit': fallback shader 'Hidden/Universal Render Pipeline/FallbackError' not found
Shader 'Universal Render Pipeline/Terrain/Lit': fallback shader 'Hidden/Universal Render Pipeline/FallbackError' not found
Shader 'Universal Render Pipeline/Terrain/Lit': dependency 'AddPassShader' shader 'Hidden/Universal Render Pipeline/Terrain/Lit (Add Pass)' not found
Shader 'Universal Render Pipeline/Terrain/Lit': dependency 'BaseMapShader' shader 'Hidden/Universal Render Pipeline/Terrain/Lit (Base Pass)' not found
Shader 'Universal Render Pipeline/Terrain/Lit': dependency 'BaseMapGenShader' shader 'Hidden/Universal Render Pipeline/Terrain/Lit (Basemap Gen)' not found
Shader 'Hidden/Universal Render Pipeline/Terrain/Lit (Add Pass)': fallback shader 'Hidden/Universal Render Pipeline/FallbackError' not found
Shader 'Hidden/Universal Render Pipeline/Terrain/Lit (Base Pass)': fallback shader 'Hidden/Universal Render Pipeline/FallbackError' not found
Shader 'Oculus/OVRMRCameraFrameLit': fallback shader 'Alpha-Diffuse' not found
Refreshing native plugins compatible for Editor in 12.77 ms, found 5 plugins.
Preloading 1 native plugins for Editor in 1.01 ms.
Unloading 7493 Unused Serialized files (Serialized files now loaded: 0)
Unloading 164 unused Assets / (7.8 MB). Loaded Objects now: 8101.
Memory consumption went from 1.52 GB to 1.52 GB.
Total: 49.401458 ms (FindLiveObjects: 0.498333 ms CreateObjectMapping: 0.265417 ms MarkObjects: 42.025125 ms  DeleteObjects: 6.610209 ms)

AssetImportParameters requested are different than current active one (requested -> active):
  custom:video-decoder-ogg-theora: a1e56fd34408186e4bbccfd4996cb3dc -> 
  custom:container-muxer-webm: aa71ff27fc2769a1b78a27578f13a17b -> 
  custom:container-demuxer-webm: 4f35f7cbe854078d1ac9338744f61a02 -> 
  custom:video-encoder-webm-vp8: eb34c28f22e8b96e1ab97ce403110664 -> 
  custom:framework-osx-AVFoundation: e770b220cccbd017edd2c1fefb359320 -> 
  custom:audio-encoder-webm-vorbis: bf7c407c2cedff20999df2af8eb42d56 -> 
  custom:container-demuxer-ogg: 62fdf1f143b41e24485cea50d1cbac27 -> 
  custom:video-decoder-webm-vp8: 9c59270c3fd7afecdb556c50c9e8de78 -> 
  custom:audio-decoder-ogg-vorbis: bf7c407c2cedff20999df2af8eb42d56 -> 
========================================================================
Received Import Request.
  Time since last request: 190.889358 seconds.
  path: Assets/Models/bark_bowl_tall.obj
  artifactKey: Guid(2bc57289051674d50af29ce5f4f5cfd6) Importer(815301076,1909f56bfc062723c751e8b465ee728b)
Start importing Assets/Models/bark_bowl_tall.obj using Guid(2bc57289051674d50af29ce5f4f5cfd6) Importer(815301076,1909f56bfc062723c751e8b465ee728b)  -> (artifact id: '27b677a4d61a19b50371930dd38af401') in 0.268717 seconds 
========================================================================
Received Import Request.
  Time since last request: 0.000070 seconds.
  path: Assets/Models/Tabaco seed.blend
  artifactKey: Guid(c335981f652584bda9fe0da366e0035d) Importer(815301076,1909f56bfc062723c751e8b465ee728b)
Start importing Assets/Models/Tabaco seed.blend using Guid(c335981f652584bda9fe0da366e0035d) Importer(815301076,1909f56bfc062723c751e8b465ee728b)  -> (artifact id: '006616e32414e5da7fb9ef858edaf576') in 0.024936 seconds 
========================================================================
Received Import Request.
  Time since last request: 0.000081 seconds.
  path: Assets/Models/Plant.fbx
  artifactKey: Guid(cf2365cd32c3f4c108a5328b3111c956) Importer(815301076,1909f56bfc062723c751e8b465ee728b)
Start importing Assets/Models/Plant.fbx using Guid(cf2365cd32c3f4c108a5328b3111c956) Importer(815301076,1909f56bfc062723c751e8b465ee728b)  -> (artifact id: 'e6b27e8e4f2839dd589c13d25e72f15e') in 0.100642 seconds 
========================================================================
Received Import Request.
  Time since last request: 2.793267 seconds.
  path: Assets/Water_FX_Collection/Fire_Hose/FBX/Materials/phong3.mat
  artifactKey: Guid(e0c9a3d07fd83c94a9a9a99acf129b27) Importer(815301076,1909f56bfc062723c751e8b465ee728b)
Start importing Assets/Water_FX_Collection/Fire_Hose/FBX/Materials/phong3.mat using Guid(e0c9a3d07fd83c94a9a9a99acf129b27) Importer(815301076,1909f56bfc062723c751e8b465ee728b)  -> (artifact id: 'cafcb849c0405b2738b0b2f188dd36ee') in 0.014397 seconds 
========================================================================
Received Import Request.
  Time since last request: 0.000096 seconds.
  path: Assets/Water_FX_Collection/Fire_Hose/FBX/Materials/phong12.mat
  artifactKey: Guid(9e2daab930cb5ee45b7073c240120fae) Importer(815301076,1909f56bfc062723c751e8b465ee728b)
Start importing Assets/Water_FX_Collection/Fire_Hose/FBX/Materials/phong12.mat using Guid(9e2daab930cb5ee45b7073c240120fae) Importer(815301076,1909f56bfc062723c751e8b465ee728b)  -> (artifact id: '4632d3cedc12db292fd6ccef511ef411') in 0.027149 seconds 
========================================================================
Received Import Request.
  Time since last request: 0.000093 seconds.
  path: Assets/Water_FX_Collection/Fire_Hose/FBX/Materials/phong22.mat
  artifactKey: Guid(4f6e877e57e3bac4b8453f2eed109bc6) Importer(815301076,1909f56bfc062723c751e8b465ee728b)
Start importing Assets/Water_FX_Collection/Fire_Hose/FBX/Materials/phong22.mat using Guid(4f6e877e57e3bac4b8453f2eed109bc6) Importer(815301076,1909f56bfc062723c751e8b465ee728b)  -> (artifact id: '377bbde06b1b6c08a7e0e504c987faa3') in 0.017084 seconds 
========================================================================
Received Import Request.
  Time since last request: 0.000107 seconds.
  path: Assets/Water_FX_Collection/Fire_Hose/FBX/Materials/phong11.mat
  artifactKey: Guid(236d9f68ba729fe469f40f74e542c4bf) Importer(815301076,1909f56bfc062723c751e8b465ee728b)
Start importing Assets/Water_FX_Collection/Fire_Hose/FBX/Materials/phong11.mat using Guid(236d9f68ba729fe469f40f74e542c4bf) Importer(815301076,1909f56bfc062723c751e8b465ee728b)  -> (artifact id: '6a38cbec6fc2e99a8b7aaf853100cfd8') in 0.017357 seconds 
========================================================================
Received Import Request.
  Time since last request: 0.000101 seconds.
  path: Assets/Water_FX_Collection/Fire_Hose/FBX/Materials/phong13.mat
  artifactKey: Guid(76a0b36ad1437ca408e2f4013dafd32c) Importer(815301076,1909f56bfc062723c751e8b465ee728b)
Start importing Assets/Water_FX_Collection/Fire_Hose/FBX/Materials/phong13.mat using Guid(76a0b36ad1437ca408e2f4013dafd32c) Importer(815301076,1909f56bfc062723c751e8b465ee728b)  -> (artifact id: '9f2649acfd986bd7ed56b0818466795a') in 0.016451 seconds 
========================================================================
Received Import Request.
  Time since last request: 0.000164 seconds.
  path: Assets/Water_FX_Collection/Fire_Hose/FBX/Materials/phong21.mat
  artifactKey: Guid(41361557c5b8636499e33b94d7d80a19) Importer(815301076,1909f56bfc062723c751e8b465ee728b)
Start importing Assets/Water_FX_Collection/Fire_Hose/FBX/Materials/phong21.mat using Guid(41361557c5b8636499e33b94d7d80a19) Importer(815301076,1909f56bfc062723c751e8b465ee728b)  -> (artifact id: 'dc564116c1eb9914fa50f3b10cffe3ab') in 0.017896 seconds 
========================================================================
Received Import Request.
  Time since last request: 0.000260 seconds.
  path: Assets/Water_FX_Collection/Fire_Hose/FBX/Materials/phong9.mat
  artifactKey: Guid(4748f550a050ac34c9be800d801e2820) Importer(815301076,1909f56bfc062723c751e8b465ee728b)
Start importing Assets/Water_FX_Collection/Fire_Hose/FBX/Materials/phong9.mat using Guid(4748f550a050ac34c9be800d801e2820) Importer(815301076,1909f56bfc062723c751e8b465ee728b)  -> (artifact id: '2d9f2f2ffec5ef379edc4dfc4674272c') in 0.017252 seconds 
