Unity Editor version:    2022.1.22f1 (6b6e9fc2adda)
Branch:                  2022.1/staging
Build type:              Release
Batch mode:              YES
macOS version:           Version 13.3.1 (Build 22E261)
Darwin version:          22.4.0
Architecture:            arm64
Running under Rosetta:   NO
Available memory:        32768 MB
Using pre-set license
Pro License: YES

COMMAND LINE ARGUMENTS:
/Applications/Unity/Hub/Editor/2022.1.22f1/Unity.app/Contents/MacOS/Unity
-adb2
-batchMode
-noUpm
-name
AssetImportWorker4
-projectPath
/Users/vivian/Documents/GitHub/smudge-vr-2
-logFile
Logs/AssetImportWorker4.log
-srvPort
59104
Successfully changed project path to: /Users/vivian/Documents/GitHub/smudge-vr-2
/Users/vivian/Documents/GitHub/smudge-vr-2
[UnityMemory] Configuration Parameters - Can be set up in boot.config
    "memorysetup-bucket-allocator-granularity=16"
    "memorysetup-bucket-allocator-bucket-count=8"
    "memorysetup-bucket-allocator-block-size=33554432"
    "memorysetup-bucket-allocator-block-count=8"
    "memorysetup-main-allocator-block-size=16777216"
    "memorysetup-thread-allocator-block-size=16777216"
    "memorysetup-gfx-main-allocator-block-size=16777216"
    "memorysetup-gfx-thread-allocator-block-size=16777216"
    "memorysetup-cache-allocator-block-size=4194304"
    "memorysetup-typetree-allocator-block-size=2097152"
    "memorysetup-profiler-bucket-allocator-granularity=16"
    "memorysetup-profiler-bucket-allocator-bucket-count=8"
    "memorysetup-profiler-bucket-allocator-block-size=33554432"
    "memorysetup-profiler-bucket-allocator-block-count=8"
    "memorysetup-profiler-allocator-block-size=16777216"
    "memorysetup-profiler-editor-allocator-block-size=1048576"
    "memorysetup-temp-allocator-size-main=16777216"
    "memorysetup-job-temp-allocator-block-size=2097152"
    "memorysetup-job-temp-allocator-block-size-background=1048576"
    "memorysetup-job-temp-allocator-reduction-small-platforms=262144"
    "memorysetup-temp-allocator-size-background-worker=32768"
    "memorysetup-temp-allocator-size-job-worker=262144"
    "memorysetup-temp-allocator-size-preload-manager=33554432"
    "memorysetup-temp-allocator-size-nav-mesh-worker=65536"
    "memorysetup-temp-allocator-size-audio-worker=65536"
    "memorysetup-temp-allocator-size-cloud-worker=32768"
    "memorysetup-temp-allocator-size-gi-baking-worker=262144"
    "memorysetup-temp-allocator-size-gfx=262144"
Refreshing native plugins compatible for Editor in 130.39 ms, found 5 plugins.
Preloading 1 native plugins for Editor in 4.82 ms.
Initialize engine version: 2022.1.22f1 (6b6e9fc2adda)
[Subsystems] Discovering subsystems at path /Applications/Unity/Hub/Editor/2022.1.22f1/Unity.app/Contents/Resources/UnitySubsystems
[Subsystems] Discovering subsystems at path /Users/vivian/Documents/GitHub/smudge-vr-2/Assets
GfxDevice: creating device client; threaded=0; jobified=0
 preferred device: Apple M1 Max (high power)
Metal devices available: 1
0: Apple M1 Max (high power)
Using device Apple M1 Max (high power)
Initializing Metal device caps: Apple M1 Max
Shader 'Oculus/OVRMRCameraFrameLit': fallback shader 'Alpha-Diffuse' not found
Initialize mono
Mono path[0] = '/Applications/Unity/Hub/Editor/2022.1.22f1/Unity.app/Contents/Managed'
Mono path[1] = '/Applications/Unity/Hub/Editor/2022.1.22f1/Unity.app/Contents/MonoBleedingEdge/lib/mono/unityjit-macos'
Mono config path = '/Applications/Unity/Hub/Editor/2022.1.22f1/Unity.app/Contents/MonoBleedingEdge/etc'
Using monoOptions --debugger-agent=transport=dt_socket,embedding=1,server=y,suspend=n,address=127.0.0.1:56917
Begin MonoManager ReloadAssembly
Registering precompiled unity dll's ...
Register platform support module: /Applications/Unity/Hub/Editor/2022.1.22f1/Unity.app/Contents/PlaybackEngines/MacStandaloneSupport/UnityEditor.OSXStandalone.Extensions.dll
Register platform support module: /Applications/Unity/Hub/Editor/2022.1.22f1/PlaybackEngines/AndroidPlayer/UnityEditor.Android.Extensions.dll
Register platform support module: /Applications/Unity/Hub/Editor/2022.1.22f1/PlaybackEngines/iOSSupport/UnityEditor.iOS.Extensions.dll
Registered in 0.000660 seconds.
[usbmuxd] Start listen thread
[usbmuxd] Listen thread started
[usbmuxd] Send listen message
Native extension for iOS target not found
Native extension for Android target not found
Native extension for OSXStandalone target not found
Refreshing native plugins compatible for Editor in 120.82 ms, found 5 plugins.
Preloading 1 native plugins for Editor in 0.42 ms.
Mono: successfully reloaded assembly
- Completed reload, in  0.589 seconds
Domain Reload Profiling:
	ReloadAssembly (589ms)
		BeginReloadAssembly (53ms)
			ExecutionOrderSort (0ms)
			DisableScriptedObjects (0ms)
			BackupInstance (0ms)
			ReleaseScriptingObjects (0ms)
			CreateAndSetChildDomain (0ms)
		EndReloadAssembly (459ms)
			LoadAssemblies (53ms)
			RebuildTransferFunctionScriptingTraits (0ms)
			SetupTypeCache (94ms)
				TypeCache.Initialize (94ms)
					TypeCache.ScanAssembly (93ms)
				ResolveRequiredComponents (0ms)
			ReleaseScriptCaches (0ms)
			RebuildScriptCaches (27ms)
			SetupLoadedEditorAssemblies (306ms)
				LogAssemblyErrors (0ms)
				InitializePlatformSupportModulesInManaged (83ms)
				SetLoadedEditorAssemblies (5ms)
				RefreshPlugins (121ms)
				BeforeProcessingInitializeOnLoad (1ms)
				ProcessInitializeOnLoadAttributes (69ms)
				ProcessInitializeOnLoadMethodAttributes (28ms)
				AfterProcessingInitializeOnLoad (0ms)
				EditorAssembliesLoaded (0ms)
			ExecutionOrderSort2 (0ms)
			AwakeInstancesAfterBackupRestoration (0ms)
Platform modules already initialized, skipping
Registering precompiled user dll's ...
Registered in 0.004095 seconds.
Begin MonoManager ReloadAssembly
Symbol file LoadedFromMemory doesn't match image /Users/vivian/Documents/GitHub/smudge-vr-2/Library/PackageCache/com.unity.visualscripting@1.7.8/Editor/VisualScripting.Core/Dependencies/DotNetZip/Unity.VisualScripting.IonicZip.dll
Symbol file LoadedFromMemory doesn't match image /Users/vivian/Documents/GitHub/smudge-vr-2/Library/PackageCache/com.unity.visualscripting@1.7.8/Editor/VisualScripting.Core/Dependencies/YamlDotNet/Unity.VisualScripting.YamlDotNet.dll
Native extension for iOS target not found
Native extension for Android target not found
Native extension for OSXStandalone target not found
Refreshing native plugins compatible for Editor in 120.96 ms, found 5 plugins.
Preloading 1 native plugins for Editor in 0.42 ms.
Package Manager log level set to [2]
[Package Manager] Server::EnsureServerProcessIsRunning -- launch failed, reason: Unity was launched with the -noUpm command-line argument
[Package Manager] UpmClient::Send -- Unable to send message (not connected to UPM process).
[Package Manager] Cannot connect to Unity Package Manager local server
[Package Manager] Server::EnsureServerProcessIsRunning -- launch failed, reason: Unity was launched with the -noUpm command-line argument
[Package Manager] UpmClient::Send -- Unable to send message (not connected to UPM process).
[Package Manager] Cannot connect to Unity Package Manager local server
Mono: successfully reloaded assembly
[Package Manager] Server::EnsureServerProcessIsRunning -- launch failed, reason: Unity was launched with the -noUpm command-line argument
[Package Manager] UpmClient::Send -- Unable to send message (not connected to UPM process).
[Package Manager] Cannot connect to Unity Package Manager local server
[Package Manager] Server::EnsureServerProcessIsRunning -- launch failed, reason: Unity was launched with the -noUpm command-line argument
[Package Manager] UpmClient::Send -- Unable to send message (not connected to UPM process).
[Package Manager] Cannot connect to Unity Package Manager local server
- Completed reload, in  1.348 seconds
Domain Reload Profiling:
	ReloadAssembly (1348ms)
		BeginReloadAssembly (170ms)
			ExecutionOrderSort (0ms)
			DisableScriptedObjects (4ms)
			BackupInstance (0ms)
			ReleaseScriptingObjects (0ms)
			CreateAndSetChildDomain (120ms)
		EndReloadAssembly (1096ms)
			LoadAssemblies (41ms)
			RebuildTransferFunctionScriptingTraits (0ms)
			SetupTypeCache (273ms)
				TypeCache.Initialize (260ms)
					TypeCache.ScanAssembly (257ms)
				ResolveRequiredComponents (13ms)
			ReleaseScriptCaches (9ms)
			RebuildScriptCaches (84ms)
			SetupLoadedEditorAssemblies (570ms)
				LogAssemblyErrors (0ms)
				InitializePlatformSupportModulesInManaged (15ms)
				SetLoadedEditorAssemblies (6ms)
				RefreshPlugins (121ms)
				BeforeProcessingInitializeOnLoad (77ms)
				ProcessInitializeOnLoadAttributes (297ms)
				ProcessInitializeOnLoadMethodAttributes (54ms)
				AfterProcessingInitializeOnLoad (1ms)
				EditorAssembliesLoaded (0ms)
			ExecutionOrderSort2 (0ms)
			AwakeInstancesAfterBackupRestoration (2ms)
Platform modules already initialized, skipping
========================================================================
Worker process is ready to serve import requests
Shader 'Oculus/OVRMRCameraFrameLit': fallback shader 'Alpha-Diffuse' not found
Launching external process: /Applications/Unity/Hub/Editor/2022.1.22f1/Unity.app/Contents/Tools/UnityShaderCompiler
Launched and connected shader compiler UnityShaderCompiler after 0.05 seconds
Refreshing native plugins compatible for Editor in 1.05 ms, found 5 plugins.
Preloading 1 native plugins for Editor in 0.40 ms.
Unloading 5913 Unused Serialized files (Serialized files now loaded: 0)
Unloading 96 unused Assets / (2.4 MB). Loaded Objects now: 6372.
Memory consumption went from 0.89 GB to 0.89 GB.
Total: 3.257417 ms (FindLiveObjects: 0.212625 ms CreateObjectMapping: 0.079875 ms MarkObjects: 2.525541 ms  DeleteObjects: 0.438708 ms)

AssetImportParameters requested are different than current active one (requested -> active):
  custom:video-decoder-ogg-theora: a1e56fd34408186e4bbccfd4996cb3dc -> 
  custom:container-muxer-webm: aa71ff27fc2769a1b78a27578f13a17b -> 
  custom:container-demuxer-webm: 4f35f7cbe854078d1ac9338744f61a02 -> 
  custom:video-encoder-webm-vp8: eb34c28f22e8b96e1ab97ce403110664 -> 
  custom:framework-osx-AVFoundation: e770b220cccbd017edd2c1fefb359320 -> 
  custom:audio-encoder-webm-vorbis: bf7c407c2cedff20999df2af8eb42d56 -> 
  custom:container-demuxer-ogg: 62fdf1f143b41e24485cea50d1cbac27 -> 
  custom:video-decoder-webm-vp8: 9c59270c3fd7afecdb556c50c9e8de78 -> 
  custom:audio-decoder-ogg-vorbis: bf7c407c2cedff20999df2af8eb42d56 -> 
========================================================================
Received Import Request.
  Time since last request: 2643619.308032 seconds.
  path: Assets/Models/Basket.blend
  artifactKey: Guid(1597e0b1a631440a0bfca058068bd3f6) Importer(815301076,1909f56bfc062723c751e8b465ee728b)
Start importing Assets/Models/Basket.blend using Guid(1597e0b1a631440a0bfca058068bd3f6) Importer(815301076,1909f56bfc062723c751e8b465ee728b)  -> (artifact id: '24310f027fafefb6bdde4b94e9a0695d') in 0.106629 seconds 
========================================================================
Received Import Request.
  Time since last request: 16.795588 seconds.
  path: Assets/Models/Feather plane.blend
  artifactKey: Guid(f676754744a384e278e7a32361a05944) Importer(815301076,1909f56bfc062723c751e8b465ee728b)
Start importing Assets/Models/Feather plane.blend using Guid(f676754744a384e278e7a32361a05944) Importer(815301076,1909f56bfc062723c751e8b465ee728b)  -> (artifact id: '019a79d31f991020c764a1126aa8ee3e') in 0.032782 seconds 
========================================================================
Received Import Request.
  Time since last request: 3.363365 seconds.
  path: Assets/Oculus/Interaction/Samples/Objects/Props/CoffeeCup/CoffeeCupMat.fbx
  artifactKey: Guid(c703a789a976640a0bb1213664b73ebe) Importer(815301076,1909f56bfc062723c751e8b465ee728b)
Start importing Assets/Oculus/Interaction/Samples/Objects/Props/CoffeeCup/CoffeeCupMat.fbx using Guid(c703a789a976640a0bb1213664b73ebe) Importer(815301076,1909f56bfc062723c751e8b465ee728b)  -> (artifact id: 'a2f51455e8c4bf5e98d024faf197ff6f') in 0.088859 seconds 
========================================================================
Received Import Request.
  Time since last request: 0.000058 seconds.
  path: Assets/vegetables/Ambient-Occlusion/Materials/cucumberfruit_lod0-Vegetables.mat
  artifactKey: Guid(2140519ce1c0ea24c89fc5de29d60710) Importer(815301076,1909f56bfc062723c751e8b465ee728b)
Start importing Assets/vegetables/Ambient-Occlusion/Materials/cucumberfruit_lod0-Vegetables.mat using Guid(2140519ce1c0ea24c89fc5de29d60710) Importer(815301076,1909f56bfc062723c751e8b465ee728b)  -> (artifact id: '4191fddbb7551343ab882f30ff4545ed') in 0.052540 seconds 
========================================================================
Received Import Request.
  Time since last request: 0.000053 seconds.
  path: Assets/ANIMALS FULL PACK/Deers/Deer Family/Deer_Calf/Materials/Deer_calf_Color.mat
  artifactKey: Guid(9c9d5e114024a3841acfe16ae5faef5a) Importer(815301076,1909f56bfc062723c751e8b465ee728b)
Start importing Assets/ANIMALS FULL PACK/Deers/Deer Family/Deer_Calf/Materials/Deer_calf_Color.mat using Guid(9c9d5e114024a3841acfe16ae5faef5a) Importer(815301076,1909f56bfc062723c751e8b465ee728b)  -> (artifact id: '99d76cfc01c13e6c7140e314e0189ae7') in 0.046553 seconds 
========================================================================
Received Import Request.
  Time since last request: 0.000180 seconds.
  path: Assets/vegetables/Ambient-Occlusion/Materials/corn_fruit_lod0-Vegetables.mat
  artifactKey: Guid(44ace0b0983c53b4fb20c188ac190286) Importer(815301076,1909f56bfc062723c751e8b465ee728b)
Start importing Assets/vegetables/Ambient-Occlusion/Materials/corn_fruit_lod0-Vegetables.mat using Guid(44ace0b0983c53b4fb20c188ac190286) Importer(815301076,1909f56bfc062723c751e8b465ee728b)  -> (artifact id: 'b216e6e98edb65d857450aea943d40e7') in 0.005766 seconds 
========================================================================
Received Import Request.
  Time since last request: 0.000042 seconds.
  path: Assets/vegetables/Ambient-Occlusion/Materials/cucumberfruit_lod1-Vegetables.mat
  artifactKey: Guid(973c32856c4f4fe4588703126ef1aca4) Importer(815301076,1909f56bfc062723c751e8b465ee728b)
Start importing Assets/vegetables/Ambient-Occlusion/Materials/cucumberfruit_lod1-Vegetables.mat using Guid(973c32856c4f4fe4588703126ef1aca4) Importer(815301076,1909f56bfc062723c751e8b465ee728b)  -> (artifact id: '3211f56ee3a933b86523c93b8c671a82') in 0.005481 seconds 
========================================================================
Received Import Request.
  Time since last request: 0.000056 seconds.
  path: Assets/Visual Design Cafe/Nature Renderer Demo/Realistic/Art/Trees/Source Assets/Materials/Cypress_Forest_Desktop.mat
  artifactKey: Guid(13209affabf96cd4ca2d4ca465caac92) Importer(815301076,1909f56bfc062723c751e8b465ee728b)
Start importing Assets/Visual Design Cafe/Nature Renderer Demo/Realistic/Art/Trees/Source Assets/Materials/Cypress_Forest_Desktop.mat using Guid(13209affabf96cd4ca2d4ca465caac92) Importer(815301076,1909f56bfc062723c751e8b465ee728b)  -> (artifact id: '06ce98ab42b7a75fa92738077e45619b') in 0.014595 seconds 
========================================================================
Received Import Request.
  Time since last request: 0.000065 seconds.
  path: Assets/Visual Design Cafe/Nature Renderer Demo/Realistic/Art/Trees/Source Assets/Conifer_Cap.mat
  artifactKey: Guid(869de798d1018874785f1dfbb10a01a7) Importer(815301076,1909f56bfc062723c751e8b465ee728b)
Start importing Assets/Visual Design Cafe/Nature Renderer Demo/Realistic/Art/Trees/Source Assets/Conifer_Cap.mat using Guid(869de798d1018874785f1dfbb10a01a7) Importer(815301076,1909f56bfc062723c751e8b465ee728b)  -> (artifact id: 'd6d99943b38f22ef819c8b31ee9c42ec') in 0.226397 seconds 
========================================================================
Received Import Request.
  Time since last request: 0.000060 seconds.
  path: Assets/Oculus/SampleFramework/Core/HandsInteraction/Materials/DefaultHandMaterial.mat
  artifactKey: Guid(8f92ce6a2e9e04e458f46e6a635b1d62) Importer(815301076,1909f56bfc062723c751e8b465ee728b)
Start importing Assets/Oculus/SampleFramework/Core/HandsInteraction/Materials/DefaultHandMaterial.mat using Guid(8f92ce6a2e9e04e458f46e6a635b1d62) Importer(815301076,1909f56bfc062723c751e8b465ee728b)  -> (artifact id: 'a9177b075b376a84009d61c2fac1de00') in 0.066157 seconds 
========================================================================
Received Import Request.
  Time since last request: 0.000046 seconds.
  path: Assets/Visual Design Cafe/Nature Renderer Demo/Realistic/Art/Trees/Source Assets/Materials/Conifer_Branches.mat
  artifactKey: Guid(6ed8d863fa4e4ee4db27ac197ce98d99) Importer(815301076,1909f56bfc062723c751e8b465ee728b)
Start importing Assets/Visual Design Cafe/Nature Renderer Demo/Realistic/Art/Trees/Source Assets/Materials/Conifer_Branches.mat using Guid(6ed8d863fa4e4ee4db27ac197ce98d99) Importer(815301076,1909f56bfc062723c751e8b465ee728b)  -> (artifact id: 'dfdba6dab38d94e95c822727a6078d5c') in 0.014534 seconds 
========================================================================
Received Import Request.
  Time since last request: 0.000049 seconds.
  path: Assets/Visual Design Cafe/Nature Renderer Demo/Realistic/Art/Trees/Source Assets/Conifer_Branches.mat
  artifactKey: Guid(2d8f43f89265fc742ae7f01886320b95) Importer(815301076,1909f56bfc062723c751e8b465ee728b)
Start importing Assets/Visual Design Cafe/Nature Renderer Demo/Realistic/Art/Trees/Source Assets/Conifer_Branches.mat using Guid(2d8f43f89265fc742ae7f01886320b95) Importer(815301076,1909f56bfc062723c751e8b465ee728b)  -> (artifact id: '4f9aa60682e4d6aa3ecf11e34ed76a88') in 0.527998 seconds 
========================================================================
Received Import Request.
  Time since last request: 2.147089 seconds.
  path: Assets/Models/Feather plane.blend
  artifactKey: Guid(f676754744a384e278e7a32361a05944) Importer(815301076,1909f56bfc062723c751e8b465ee728b)
Start importing Assets/Models/Feather plane.blend using Guid(f676754744a384e278e7a32361a05944) Importer(815301076,1909f56bfc062723c751e8b465ee728b)  -> (artifact id: '3f745be1c38d12c6d0f41f1284e20fbb') in 0.011958 seconds 
========================================================================
Received Import Request.
  Time since last request: 20.528275 seconds.
  path: Assets/Oculus/Interaction/Samples/Objects/Props/WaterParticles/BubblePopParticle.fbx
  artifactKey: Guid(72c78ce3c437b6146a8939d3c0881f50) Importer(815301076,1909f56bfc062723c751e8b465ee728b)
Start importing Assets/Oculus/Interaction/Samples/Objects/Props/WaterParticles/BubblePopParticle.fbx using Guid(72c78ce3c437b6146a8939d3c0881f50) Importer(815301076,1909f56bfc062723c751e8b465ee728b)  -> (artifact id: '22a160776f14c8049d37f438d030f6f4') in 0.016537 seconds 
========================================================================
Received Import Request.
  Time since last request: 0.000061 seconds.
  path: Assets/Oculus/Interaction/Samples/Objects/Props/Materials/CubeMaterialGreen.mat
  artifactKey: Guid(2cc7f2461925b5c45a164db3cf15d942) Importer(815301076,1909f56bfc062723c751e8b465ee728b)
Start importing Assets/Oculus/Interaction/Samples/Objects/Props/Materials/CubeMaterialGreen.mat using Guid(2cc7f2461925b5c45a164db3cf15d942) Importer(815301076,1909f56bfc062723c751e8b465ee728b)  -> (artifact id: '929d5530e993a13e93be552b38b80d54') in 0.007548 seconds 
========================================================================
Received Import Request.
  Time since last request: 0.000054 seconds.
  path: Assets/Oculus/Interaction/Runtime/Materials/CrossMaterial.mat
  artifactKey: Guid(23530cc4d61a63f4c946ccd1b0315b38) Importer(815301076,1909f56bfc062723c751e8b465ee728b)
Start importing Assets/Oculus/Interaction/Runtime/Materials/CrossMaterial.mat using Guid(23530cc4d61a63f4c946ccd1b0315b38) Importer(815301076,1909f56bfc062723c751e8b465ee728b)  -> (artifact id: '2f6d2696f3b25f92590a403a8ea5395c') in 0.045830 seconds 
========================================================================
Received Import Request.
  Time since last request: 0.000065 seconds.
  path: Assets/DynamicStarrySky/Demos/Space/Materials/Earth1kMaterial.mat
  artifactKey: Guid(ddb0556055b89a04b94d593283b8daf5) Importer(815301076,1909f56bfc062723c751e8b465ee728b)
Start importing Assets/DynamicStarrySky/Demos/Space/Materials/Earth1kMaterial.mat using Guid(ddb0556055b89a04b94d593283b8daf5) Importer(815301076,1909f56bfc062723c751e8b465ee728b)  -> (artifact id: '1e58b8cdbd63456d888200c586fd3439') in 0.195646 seconds 
========================================================================
Received Import Request.
  Time since last request: 0.000054 seconds.
  path: Assets/TextMesh Pro/Fonts/LiberationSans.ttf
  artifactKey: Guid(e3265ab4bf004d28a9537516768c1c75) Importer(815301076,1909f56bfc062723c751e8b465ee728b)
Start importing Assets/TextMesh Pro/Fonts/LiberationSans.ttf using Guid(e3265ab4bf004d28a9537516768c1c75) Importer(815301076,1909f56bfc062723c751e8b465ee728b)  -> (artifact id: 'a3e3a3c4bcda7e23f6465b0d3ac5007d') in 1.074828 seconds 
========================================================================
Received Import Request.
  Time since last request: 0.000064 seconds.
  path: Assets/Oculus/Interaction/Samples/Objects/Environment/Screen/Materials/FrameMaterial.mat
  artifactKey: Guid(66ad1818cc27f3840b0350726d52fa3d) Importer(815301076,1909f56bfc062723c751e8b465ee728b)
Start importing Assets/Oculus/Interaction/Samples/Objects/Environment/Screen/Materials/FrameMaterial.mat using Guid(66ad1818cc27f3840b0350726d52fa3d) Importer(815301076,1909f56bfc062723c751e8b465ee728b)  -> (artifact id: '9f5e789c6d95744aab24d7a28a90dbe8') in 0.006824 seconds 
========================================================================
Received Import Request.
  Time since last request: 0.000066 seconds.
  path: Assets/Oculus/Interaction/Samples/Objects/Props/Cube/Materials/CubeMaterialWhite.mat
  artifactKey: Guid(00ec3138fe73b8748b19403e06357e71) Importer(815301076,1909f56bfc062723c751e8b465ee728b)
Start importing Assets/Oculus/Interaction/Samples/Objects/Props/Cube/Materials/CubeMaterialWhite.mat using Guid(00ec3138fe73b8748b19403e06357e71) Importer(815301076,1909f56bfc062723c751e8b465ee728b)  -> (artifact id: 'b1e4027f246f4cc1897d9dfaeb971880') in 0.006472 seconds 
========================================================================
Received Import Request.
  Time since last request: 2.719623 seconds.
  path: Assets/vegetables/Ambient-Occlusion/Materials/Chilismall_lod2-Dirt.mat
  artifactKey: Guid(bedb4a6ef3ca4114097bc2a22b87970d) Importer(815301076,1909f56bfc062723c751e8b465ee728b)
Start importing Assets/vegetables/Ambient-Occlusion/Materials/Chilismall_lod2-Dirt.mat using Guid(bedb4a6ef3ca4114097bc2a22b87970d) Importer(815301076,1909f56bfc062723c751e8b465ee728b)  -> (artifact id: '67b5b3c2bfd64183c9f7e324adf88c75') in 0.009266 seconds 
========================================================================
Received Import Request.
  Time since last request: 2.986951 seconds.
  path: Assets/Models/match.blend
  artifactKey: Guid(ca92f432553a94d0a9bbe6e30b97a745) Importer(815301076,1909f56bfc062723c751e8b465ee728b)
Start importing Assets/Models/match.blend using Guid(ca92f432553a94d0a9bbe6e30b97a745) Importer(815301076,1909f56bfc062723c751e8b465ee728b)  -> (artifact id: 'c261a63f909073a247dc9988250a1fd7') in 0.013904 seconds 
========================================================================
Received Import Request.
  Time since last request: 29.746605 seconds.
  path: Assets/vegetables/Ambient-Occlusion/Materials/carrot-Vegetables.mat
  artifactKey: Guid(e289e5fe1d2c7d242b41add7e659f712) Importer(815301076,1909f56bfc062723c751e8b465ee728b)
Start importing Assets/vegetables/Ambient-Occlusion/Materials/carrot-Vegetables.mat using Guid(e289e5fe1d2c7d242b41add7e659f712) Importer(815301076,1909f56bfc062723c751e8b465ee728b)  -> (artifact id: '0625a0edd7bd523c16b3f2fda403cc61') in 0.007719 seconds 
========================================================================
Received Import Request.
  Time since last request: 0.000062 seconds.
  path: Assets/AllSkyFree/Cartoon Base NightSky/Materials/Cartoon Base NightSky Equirect.mat
  artifactKey: Guid(6ec296cedfd28824493703cccd4ad418) Importer(815301076,1909f56bfc062723c751e8b465ee728b)
Start importing Assets/AllSkyFree/Cartoon Base NightSky/Materials/Cartoon Base NightSky Equirect.mat using Guid(6ec296cedfd28824493703cccd4ad418) Importer(815301076,1909f56bfc062723c751e8b465ee728b)  -> (artifact id: '17982509b14bc11404062591e1f991eb') in 0.020946 seconds 
========================================================================
Received Import Request.
  Time since last request: 2.707617 seconds.
  path: Assets/Models/Matches.blend
  artifactKey: Guid(33b30ed33bd204d2786bcab022fe535f) Importer(815301076,1909f56bfc062723c751e8b465ee728b)
Start importing Assets/Models/Matches.blend using Guid(33b30ed33bd204d2786bcab022fe535f) Importer(815301076,1909f56bfc062723c751e8b465ee728b)  -> (artifact id: 'bfcf0cef6afe618411050e4581c85d96') in 0.051570 seconds 
========================================================================
Received Import Request.
  Time since last request: 17.443681 seconds.
  path: Assets/Models/Matches.blend
  artifactKey: Guid(33b30ed33bd204d2786bcab022fe535f) Importer(815301076,1909f56bfc062723c751e8b465ee728b)
Start importing Assets/Models/Matches.blend using Guid(33b30ed33bd204d2786bcab022fe535f) Importer(815301076,1909f56bfc062723c751e8b465ee728b)  -> (artifact id: 'c90ea429fedf534b551789400747b7c6') in 0.066887 seconds 
========================================================================
Received Import Request.
  Time since last request: 7.628071 seconds.
  path: Assets/Models/Matches.blend
  artifactKey: Guid(33b30ed33bd204d2786bcab022fe535f) Importer(815301076,1909f56bfc062723c751e8b465ee728b)
Start importing Assets/Models/Matches.blend using Guid(33b30ed33bd204d2786bcab022fe535f) Importer(815301076,1909f56bfc062723c751e8b465ee728b)  -> (artifact id: 'ec7a10148745159bd79d9a154846f9e6') in 0.049347 seconds 
========================================================================
Received Import Request.
  Time since last request: 1.606137 seconds.
  path: Assets/Oculus/SampleFramework/Usage/Locomotion/Materials/MAT_floor_tile_01.mat
  artifactKey: Guid(5c3d5738fa2d6483bb8a2af0a6f50a66) Importer(815301076,1909f56bfc062723c751e8b465ee728b)
Start importing Assets/Oculus/SampleFramework/Usage/Locomotion/Materials/MAT_floor_tile_01.mat using Guid(5c3d5738fa2d6483bb8a2af0a6f50a66) Importer(815301076,1909f56bfc062723c751e8b465ee728b)  -> (artifact id: 'aa3881f45efd25db5bdad76832d04658') in 0.014930 seconds 
========================================================================
Received Import Request.
  Time since last request: 0.000058 seconds.
  path: Assets/Oculus/Interaction/Samples/Objects/Props/Locomotion/Materials/MetaLocoTutorialUIMat.mat
  artifactKey: Guid(b458680bd9803bc44b42ff539bff31a9) Importer(815301076,1909f56bfc062723c751e8b465ee728b)
Start importing Assets/Oculus/Interaction/Samples/Objects/Props/Locomotion/Materials/MetaLocoTutorialUIMat.mat using Guid(b458680bd9803bc44b42ff539bff31a9) Importer(815301076,1909f56bfc062723c751e8b465ee728b)  -> (artifact id: 'ba9f656fdd43e4490689e07a708eb8c0') in 0.009108 seconds 
========================================================================
Received Import Request.
  Time since last request: 0.000049 seconds.
  path: Assets/Oculus/SampleFramework/Usage/Locomotion/Materials/MAT_grid_01_light.mat
  artifactKey: Guid(1c0889e6c85aa489ca9303bf392110ed) Importer(815301076,1909f56bfc062723c751e8b465ee728b)
Start importing Assets/Oculus/SampleFramework/Usage/Locomotion/Materials/MAT_grid_01_light.mat using Guid(1c0889e6c85aa489ca9303bf392110ed) Importer(815301076,1909f56bfc062723c751e8b465ee728b)  -> (artifact id: '379622d2764a17317036e9fd6150e7ea') in 0.008559 seconds 
========================================================================
Received Import Request.
  Time since last request: 0.000053 seconds.
  path: Assets/Oculus/SampleFramework/Usage/Passthrough/Materials/MenuBackground.mat
  artifactKey: Guid(cd0bb29d1f8a53e4b9356e3da1632421) Importer(815301076,1909f56bfc062723c751e8b465ee728b)
Start importing Assets/Oculus/SampleFramework/Usage/Passthrough/Materials/MenuBackground.mat using Guid(cd0bb29d1f8a53e4b9356e3da1632421) Importer(815301076,1909f56bfc062723c751e8b465ee728b)  -> (artifact id: 'e2d03200bb38f737401170cd68476d8d') in 0.015362 seconds 
========================================================================
Received Import Request.
  Time since last request: 0.000064 seconds.
  path: Assets/Oculus/SampleFramework/Usage/DistanceGrab/Materials/MAT_watergun_black.mat
  artifactKey: Guid(5241aafd0a8b14f2e8f9fbc6439cff9b) Importer(815301076,1909f56bfc062723c751e8b465ee728b)
Start importing Assets/Oculus/SampleFramework/Usage/DistanceGrab/Materials/MAT_watergun_black.mat using Guid(5241aafd0a8b14f2e8f9fbc6439cff9b) Importer(815301076,1909f56bfc062723c751e8b465ee728b)  -> (artifact id: '31b52bceb75d0b7ea170c12296c0e374') in 0.007066 seconds 
========================================================================
Received Import Request.
  Time since last request: 0.000064 seconds.
  path: Assets/Oculus/SampleFramework/Usage/DistanceGrab/Materials/MAT_watergun_01.mat
  artifactKey: Guid(b72f20b13269b4be29ec790ecc04a34b) Importer(815301076,1909f56bfc062723c751e8b465ee728b)
Start importing Assets/Oculus/SampleFramework/Usage/DistanceGrab/Materials/MAT_watergun_01.mat using Guid(b72f20b13269b4be29ec790ecc04a34b) Importer(815301076,1909f56bfc062723c751e8b465ee728b)  -> (artifact id: '1025c227c5cf193658f0b616c6a4edf4') in 0.024040 seconds 
========================================================================
Received Import Request.
  Time since last request: 0.000042 seconds.
  path: Assets/Oculus/VR/Meshes/MetaQuestTouchPro/Materials/MetaQuestProRight_Material.mat
  artifactKey: Guid(dfee80e1d2a38ea45a01698af1c06034) Importer(815301076,1909f56bfc062723c751e8b465ee728b)
Start importing Assets/Oculus/VR/Meshes/MetaQuestTouchPro/Materials/MetaQuestProRight_Material.mat using Guid(dfee80e1d2a38ea45a01698af1c06034) Importer(815301076,1909f56bfc062723c751e8b465ee728b)  -> (artifact id: '13337598f1e38da24de18ddd5b262755') in 0.086879 seconds 
========================================================================
Received Import Request.
  Time since last request: 12.644468 seconds.
  path: Assets/Models/Matches.blend
  artifactKey: Guid(33b30ed33bd204d2786bcab022fe535f) Importer(815301076,1909f56bfc062723c751e8b465ee728b)
Start importing Assets/Models/Matches.blend using Guid(33b30ed33bd204d2786bcab022fe535f) Importer(815301076,1909f56bfc062723c751e8b465ee728b)  -> (artifact id: '957433df55095d8638066d0ac16d2102') in 0.038135 seconds 
========================================================================
Received Import Request.
  Time since last request: 10.730500 seconds.
  path: Assets/Oculus/SampleFramework/Usage/Passthrough/Materials/BrushRing.mat
  artifactKey: Guid(fc831064da805784e84a86149c3671bb) Importer(815301076,1909f56bfc062723c751e8b465ee728b)
Start importing Assets/Oculus/SampleFramework/Usage/Passthrough/Materials/BrushRing.mat using Guid(fc831064da805784e84a86149c3671bb) Importer(815301076,1909f56bfc062723c751e8b465ee728b)  -> (artifact id: 'd8ae391e62e676d81644f7f3a9732ffa') in 0.012391 seconds 
========================================================================
Received Import Request.
  Time since last request: 0.254886 seconds.
  path: Assets/Visual Design Cafe/Nature Renderer Demo/Realistic/Art/Grass/Source Assets/Detailed Grass 01 LOD0.mat
  artifactKey: Guid(ecbc095465bcd0948b9ae5c6a7504ad9) Importer(815301076,1909f56bfc062723c751e8b465ee728b)
Start importing Assets/Visual Design Cafe/Nature Renderer Demo/Realistic/Art/Grass/Source Assets/Detailed Grass 01 LOD0.mat using Guid(ecbc095465bcd0948b9ae5c6a7504ad9) Importer(815301076,1909f56bfc062723c751e8b465ee728b)  -> (artifact id: '554c0552c8597201d3c4371c25740ad0') in 0.644811 seconds 
========================================================================
Received Import Request.
  Time since last request: 5.080607 seconds.
  path: Assets/Models/sweetgrass.blend
  artifactKey: Guid(3a28dc3b0d0774936ac9f266aa909290) Importer(815301076,1909f56bfc062723c751e8b465ee728b)
Start importing Assets/Models/sweetgrass.blend using Guid(3a28dc3b0d0774936ac9f266aa909290) Importer(815301076,1909f56bfc062723c751e8b465ee728b)  -> (artifact id: '6913a0039f6dcb7958a1e874c465899c') in 0.047687 seconds 
========================================================================
Received Import Request.
  Time since last request: 25.935280 seconds.
  path: Assets/Models/abalone.blend
  artifactKey: Guid(e730c1bce76594874a74ecb8d3f0a41e) Importer(815301076,1909f56bfc062723c751e8b465ee728b)
Start importing Assets/Models/abalone.blend using Guid(e730c1bce76594874a74ecb8d3f0a41e) Importer(815301076,1909f56bfc062723c751e8b465ee728b)  -> (artifact id: '0a72bea47c359bab28e137e403b06167') in 0.091497 seconds 
========================================================================
Received Prepare
Registering precompiled user dll's ...
Registered in 0.041298 seconds.
Begin MonoManager ReloadAssembly
Thread 0x2e8887000 may have been prematurely finalized
Symbol file LoadedFromMemory doesn't match image /Users/vivian/Documents/GitHub/smudge-vr-2/Library/PackageCache/com.unity.visualscripting@1.7.8/Editor/VisualScripting.Core/Dependencies/DotNetZip/Unity.VisualScripting.IonicZip.dll
Symbol file LoadedFromMemory doesn't match image /Users/vivian/Documents/GitHub/smudge-vr-2/Library/PackageCache/com.unity.visualscripting@1.7.8/Editor/VisualScripting.Core/Dependencies/YamlDotNet/Unity.VisualScripting.YamlDotNet.dll
Native extension for iOS target not found
Native extension for Android target not found
Native extension for OSXStandalone target not found
Refreshing native plugins compatible for Editor in 307.09 ms, found 5 plugins.
Preloading 1 native plugins for Editor in 0.94 ms.
[Package Manager] Server::EnsureServerProcessIsRunning -- launch failed, reason: Unity was launched with the -noUpm command-line argument
[Package Manager] UpmClient::Send -- Unable to send message (not connected to UPM process).
[Package Manager] Cannot connect to Unity Package Manager local server
[Package Manager] Server::EnsureServerProcessIsRunning -- launch failed, reason: Unity was launched with the -noUpm command-line argument
[Package Manager] UpmClient::Send -- Unable to send message (not connected to UPM process).
[Package Manager] Cannot connect to Unity Package Manager local server
Mono: successfully reloaded assembly
[Package Manager] Server::EnsureServerProcessIsRunning -- launch failed, reason: Unity was launched with the -noUpm command-line argument
[Package Manager] UpmClient::Send -- Unable to send message (not connected to UPM process).
[Package Manager] Cannot connect to Unity Package Manager local server
- Completed reload, in  3.633 seconds
Domain Reload Profiling:
	ReloadAssembly (3634ms)
		BeginReloadAssembly (340ms)
			ExecutionOrderSort (0ms)
			DisableScriptedObjects (18ms)
			BackupInstance (0ms)
			ReleaseScriptingObjects (0ms)
			CreateAndSetChildDomain (172ms)
		EndReloadAssembly (3059ms)
			LoadAssemblies (237ms)
			RebuildTransferFunctionScriptingTraits (0ms)
			SetupTypeCache (973ms)
				TypeCache.Initialize (924ms)
					TypeCache.ScanAssembly (917ms)
				ResolveRequiredComponents (49ms)
			ReleaseScriptCaches (4ms)
			RebuildScriptCaches (114ms)
			SetupLoadedEditorAssemblies (1381ms)
				LogAssemblyErrors (0ms)
				InitializePlatformSupportModulesInManaged (42ms)
				SetLoadedEditorAssemblies (16ms)
				RefreshPlugins (308ms)
				BeforeProcessingInitializeOnLoad (113ms)
				ProcessInitializeOnLoadAttributes (652ms)
				ProcessInitializeOnLoadMethodAttributes (242ms)
				AfterProcessingInitializeOnLoad (8ms)
				EditorAssembliesLoaded (0ms)
			ExecutionOrderSort2 (0ms)
			AwakeInstancesAfterBackupRestoration (6ms)
Platform modules already initialized, skipping
Shader 'Universal Render Pipeline/Nature/SpeedTree7': dependency 'BillboardShader' shader 'Universal Render Pipeline/Nature/SpeedTree7 Billboard' not found
Shader 'Universal Render Pipeline/Baked Lit': fallback shader 'Universal Render Pipeline/Unlit' not found
Shader 'Universal Render Pipeline/Simple Lit': fallback shader 'Hidden/Universal Render Pipeline/FallbackError' not found
Shader 'Universal Render Pipeline/Terrain/Lit': fallback shader 'Hidden/Universal Render Pipeline/FallbackError' not found
Shader 'Universal Render Pipeline/Terrain/Lit': dependency 'AddPassShader' shader 'Hidden/Universal Render Pipeline/Terrain/Lit (Add Pass)' not found
Shader 'Universal Render Pipeline/Terrain/Lit': dependency 'BaseMapShader' shader 'Hidden/Universal Render Pipeline/Terrain/Lit (Base Pass)' not found
Shader 'Universal Render Pipeline/Terrain/Lit': dependency 'BaseMapGenShader' shader 'Hidden/Universal Render Pipeline/Terrain/Lit (Basemap Gen)' not found
Shader 'Hidden/Universal Render Pipeline/Terrain/Lit (Add Pass)': fallback shader 'Hidden/Universal Render Pipeline/FallbackError' not found
Shader 'Hidden/Universal Render Pipeline/Terrain/Lit (Base Pass)': fallback shader 'Hidden/Universal Render Pipeline/FallbackError' not found
Shader 'Oculus/OVRMRCameraFrameLit': fallback shader 'Alpha-Diffuse' not found
Refreshing native plugins compatible for Editor in 19.10 ms, found 5 plugins.
Preloading 1 native plugins for Editor in 0.99 ms.
Unloading 7493 Unused Serialized files (Serialized files now loaded: 0)
Unloading 164 unused Assets / (7.7 MB). Loaded Objects now: 8095.
Memory consumption went from 1.45 GB to 1.44 GB.
Total: 28.113250 ms (FindLiveObjects: 0.474791 ms CreateObjectMapping: 0.253458 ms MarkObjects: 21.358500 ms  DeleteObjects: 6.025334 ms)

AssetImportParameters requested are different than current active one (requested -> active):
  custom:video-decoder-ogg-theora: a1e56fd34408186e4bbccfd4996cb3dc -> 
  custom:container-muxer-webm: aa71ff27fc2769a1b78a27578f13a17b -> 
  custom:container-demuxer-webm: 4f35f7cbe854078d1ac9338744f61a02 -> 
  custom:video-encoder-webm-vp8: eb34c28f22e8b96e1ab97ce403110664 -> 
  custom:framework-osx-AVFoundation: e770b220cccbd017edd2c1fefb359320 -> 
  custom:audio-encoder-webm-vorbis: bf7c407c2cedff20999df2af8eb42d56 -> 
  custom:container-demuxer-ogg: 62fdf1f143b41e24485cea50d1cbac27 -> 
  custom:video-decoder-webm-vp8: 9c59270c3fd7afecdb556c50c9e8de78 -> 
  custom:audio-decoder-ogg-vorbis: bf7c407c2cedff20999df2af8eb42d56 -> 
========================================================================
Received Import Request.
  Time since last request: 156.555456 seconds.
  path: Assets/Materials/shell.shadergraph
  artifactKey: Guid(02af435f409004cb19ab35e3d7bc3304) Importer(815301076,1909f56bfc062723c751e8b465ee728b)
Start importing Assets/Materials/shell.shadergraph using Guid(02af435f409004cb19ab35e3d7bc3304) Importer(815301076,1909f56bfc062723c751e8b465ee728b)  -> (artifact id: '510d0e3db4556d79918627058b084b09') in 0.709936 seconds 
========================================================================
Received Import Request.
  Time since last request: 2.422586 seconds.
  path: Assets/Models/abalone.blend
  artifactKey: Guid(e730c1bce76594874a74ecb8d3f0a41e) Importer(815301076,1909f56bfc062723c751e8b465ee728b)
Start importing Assets/Models/abalone.blend using Guid(e730c1bce76594874a74ecb8d3f0a41e) Importer(815301076,1909f56bfc062723c751e8b465ee728b)  -> (artifact id: '1c1f9c2b08ea4283a7005b71f59e4e0d') in 0.066851 seconds 
========================================================================
Received Import Request.
  Time since last request: 0.000057 seconds.
  path: Assets/Models/Matches.blend
  artifactKey: Guid(33b30ed33bd204d2786bcab022fe535f) Importer(815301076,1909f56bfc062723c751e8b465ee728b)
Start importing Assets/Models/Matches.blend using Guid(33b30ed33bd204d2786bcab022fe535f) Importer(815301076,1909f56bfc062723c751e8b465ee728b)  -> (artifact id: 'f342982cf45a2b331ea8fcec0af19d48') in 0.050115 seconds 
========================================================================
Received Import Request.
  Time since last request: 0.000051 seconds.
  path: Assets/Models/sweetgrass.blend
  artifactKey: Guid(3a28dc3b0d0774936ac9f266aa909290) Importer(815301076,1909f56bfc062723c751e8b465ee728b)
Start importing Assets/Models/sweetgrass.blend using Guid(3a28dc3b0d0774936ac9f266aa909290) Importer(815301076,1909f56bfc062723c751e8b465ee728b)  -> (artifact id: '321f01183e1d81ff1aafe562e1912a92') in 0.063557 seconds 
========================================================================
Received Import Request.
  Time since last request: 0.000064 seconds.
  path: Assets/Models/Feather plane.blend
  artifactKey: Guid(f676754744a384e278e7a32361a05944) Importer(815301076,1909f56bfc062723c751e8b465ee728b)
Start importing Assets/Models/Feather plane.blend using Guid(f676754744a384e278e7a32361a05944) Importer(815301076,1909f56bfc062723c751e8b465ee728b)  -> (artifact id: '5e9d5d9e7a6d5c2ec14320a0441be249') in 0.021836 seconds 
========================================================================
Received Import Request.
  Time since last request: 0.000051 seconds.
  path: Assets/Models/Compas.blend
  artifactKey: Guid(18cb5170dc5a2458d92b30eb02090ad2) Importer(815301076,1909f56bfc062723c751e8b465ee728b)
Start importing Assets/Models/Compas.blend using Guid(18cb5170dc5a2458d92b30eb02090ad2) Importer(815301076,1909f56bfc062723c751e8b465ee728b)  -> (artifact id: '678f099bbab451991b6123af46bbf65e') in 0.071309 seconds 
========================================================================
Received Import Request.
  Time since last request: 0.000067 seconds.
  path: Assets/Models/match.blend
  artifactKey: Guid(ca92f432553a94d0a9bbe6e30b97a745) Importer(815301076,1909f56bfc062723c751e8b465ee728b)
Start importing Assets/Models/match.blend using Guid(ca92f432553a94d0a9bbe6e30b97a745) Importer(815301076,1909f56bfc062723c751e8b465ee728b)  -> (artifact id: '5056ebaae429af3ea486f69fdda87025') in 0.011174 seconds 
========================================================================
Received Import Request.
  Time since last request: 0.000046 seconds.
  path: Assets/Models/Basket.blend
  artifactKey: Guid(1597e0b1a631440a0bfca058068bd3f6) Importer(815301076,1909f56bfc062723c751e8b465ee728b)
Start importing Assets/Models/Basket.blend using Guid(1597e0b1a631440a0bfca058068bd3f6) Importer(815301076,1909f56bfc062723c751e8b465ee728b)  -> (artifact id: '8d24b08d1f2533909e820d3128de6823') in 0.029430 seconds 
========================================================================
Received Import Request.
  Time since last request: 2.858094 seconds.
  path: Assets/Oculus/VR/Meshes/OculusTouchForRift/left_touch_controller_model_skel.fbx
  artifactKey: Guid(c3ba18e9fa5e9104098cbdbb3e23a5b4) Importer(815301076,1909f56bfc062723c751e8b465ee728b)
Start importing Assets/Oculus/VR/Meshes/OculusTouchForRift/left_touch_controller_model_skel.fbx using Guid(c3ba18e9fa5e9104098cbdbb3e23a5b4) Importer(815301076,1909f56bfc062723c751e8b465ee728b)  -> (artifact id: 'd565c56b177636065f61578dd8e9fa6a') in 0.191359 seconds 
========================================================================
Received Import Request.
  Time since last request: 0.000177 seconds.
  path: Assets/Water_FX_Collection/Fire_Hose/FBX/Materials/phong14.mat
  artifactKey: Guid(3fb16f21f223cdb4388b6c0361a8a7cb) Importer(815301076,1909f56bfc062723c751e8b465ee728b)
Start importing Assets/Water_FX_Collection/Fire_Hose/FBX/Materials/phong14.mat using Guid(3fb16f21f223cdb4388b6c0361a8a7cb) Importer(815301076,1909f56bfc062723c751e8b465ee728b)  -> (artifact id: '08ade9000770f70d683d6b2b8a0c2000') in 0.053036 seconds 
========================================================================
Received Import Request.
  Time since last request: 7.024319 seconds.
  path: Assets/Models/abalone.blend
  artifactKey: Guid(e730c1bce76594874a74ecb8d3f0a41e) Importer(815301076,1909f56bfc062723c751e8b465ee728b)
Start importing Assets/Models/abalone.blend using Guid(e730c1bce76594874a74ecb8d3f0a41e) Importer(815301076,1909f56bfc062723c751e8b465ee728b)  -> (artifact id: 'cfa62418ea56fdeaf7edc0755391561f') in 0.044920 seconds 
