Unity Editor version:    2022.1.22f1 (6b6e9fc2adda)
Branch:                  2022.1/staging
Build type:              Release
Batch mode:              YES
macOS version:           Version 13.3.1 (Build 22E261)
Darwin version:          22.4.0
Architecture:            arm64
Running under Rosetta:   NO
Available memory:        32768 MB
Using pre-set license
Pro License: YES

COMMAND LINE ARGUMENTS:
/Applications/Unity/Hub/Editor/2022.1.22f1/Unity.app/Contents/MacOS/Unity
-adb2
-batchMode
-noUpm
-name
AssetImportWorker15
-projectPath
/Users/vivian/Documents/GitHub/smudge-vr-2
-logFile
Logs/AssetImportWorker15.log
-srvPort
58942
Successfully changed project path to: /Users/vivian/Documents/GitHub/smudge-vr-2
/Users/vivian/Documents/GitHub/smudge-vr-2
[UnityMemory] Configuration Parameters - Can be set up in boot.config
    "memorysetup-bucket-allocator-granularity=16"
    "memorysetup-bucket-allocator-bucket-count=8"
    "memorysetup-bucket-allocator-block-size=33554432"
    "memorysetup-bucket-allocator-block-count=8"
    "memorysetup-main-allocator-block-size=16777216"
    "memorysetup-thread-allocator-block-size=16777216"
    "memorysetup-gfx-main-allocator-block-size=16777216"
    "memorysetup-gfx-thread-allocator-block-size=16777216"
    "memorysetup-cache-allocator-block-size=4194304"
    "memorysetup-typetree-allocator-block-size=2097152"
    "memorysetup-profiler-bucket-allocator-granularity=16"
    "memorysetup-profiler-bucket-allocator-bucket-count=8"
    "memorysetup-profiler-bucket-allocator-block-size=33554432"
    "memorysetup-profiler-bucket-allocator-block-count=8"
    "memorysetup-profiler-allocator-block-size=16777216"
    "memorysetup-profiler-editor-allocator-block-size=1048576"
    "memorysetup-temp-allocator-size-main=16777216"
    "memorysetup-job-temp-allocator-block-size=2097152"
    "memorysetup-job-temp-allocator-block-size-background=1048576"
    "memorysetup-job-temp-allocator-reduction-small-platforms=262144"
    "memorysetup-temp-allocator-size-background-worker=32768"
    "memorysetup-temp-allocator-size-job-worker=262144"
    "memorysetup-temp-allocator-size-preload-manager=33554432"
    "memorysetup-temp-allocator-size-nav-mesh-worker=65536"
    "memorysetup-temp-allocator-size-audio-worker=65536"
    "memorysetup-temp-allocator-size-cloud-worker=32768"
    "memorysetup-temp-allocator-size-gi-baking-worker=262144"
    "memorysetup-temp-allocator-size-gfx=262144"
Refreshing native plugins compatible for Editor in 177.72 ms, found 5 plugins.
Preloading 1 native plugins for Editor in 5.03 ms.
Initialize engine version: 2022.1.22f1 (6b6e9fc2adda)
[Subsystems] Discovering subsystems at path /Applications/Unity/Hub/Editor/2022.1.22f1/Unity.app/Contents/Resources/UnitySubsystems
[Subsystems] Discovering subsystems at path /Users/vivian/Documents/GitHub/smudge-vr-2/Assets
GfxDevice: creating device client; threaded=0; jobified=0
 preferred device: Apple M1 Max (high power)
Metal devices available: 1
0: Apple M1 Max (high power)
Using device Apple M1 Max (high power)
Initializing Metal device caps: Apple M1 Max
Shader 'Oculus/OVRMRCameraFrameLit': fallback shader 'Alpha-Diffuse' not found
Initialize mono
Mono path[0] = '/Applications/Unity/Hub/Editor/2022.1.22f1/Unity.app/Contents/Managed'
Mono path[1] = '/Applications/Unity/Hub/Editor/2022.1.22f1/Unity.app/Contents/MonoBleedingEdge/lib/mono/unityjit-macos'
Mono config path = '/Applications/Unity/Hub/Editor/2022.1.22f1/Unity.app/Contents/MonoBleedingEdge/etc'
Using monoOptions --debugger-agent=transport=dt_socket,embedding=1,server=y,suspend=n,address=127.0.0.1:56944
Begin MonoManager ReloadAssembly
Registering precompiled unity dll's ...
Register platform support module: /Applications/Unity/Hub/Editor/2022.1.22f1/Unity.app/Contents/PlaybackEngines/MacStandaloneSupport/UnityEditor.OSXStandalone.Extensions.dll
Register platform support module: /Applications/Unity/Hub/Editor/2022.1.22f1/PlaybackEngines/AndroidPlayer/UnityEditor.Android.Extensions.dll
Register platform support module: /Applications/Unity/Hub/Editor/2022.1.22f1/PlaybackEngines/iOSSupport/UnityEditor.iOS.Extensions.dll
Registered in 0.003878 seconds.
[usbmuxd] Start listen thread
[usbmuxd] Listen thread started
[usbmuxd] Send listen message
Native extension for iOS target not found
Native extension for Android target not found
Native extension for OSXStandalone target not found
Refreshing native plugins compatible for Editor in 158.77 ms, found 5 plugins.
Preloading 1 native plugins for Editor in 0.77 ms.
Mono: successfully reloaded assembly
- Completed reload, in  0.660 seconds
Domain Reload Profiling:
	ReloadAssembly (661ms)
		BeginReloadAssembly (60ms)
			ExecutionOrderSort (0ms)
			DisableScriptedObjects (0ms)
			BackupInstance (0ms)
			ReleaseScriptingObjects (0ms)
			CreateAndSetChildDomain (0ms)
		EndReloadAssembly (519ms)
			LoadAssemblies (60ms)
			RebuildTransferFunctionScriptingTraits (0ms)
			SetupTypeCache (96ms)
				TypeCache.Initialize (96ms)
					TypeCache.ScanAssembly (95ms)
				ResolveRequiredComponents (0ms)
			ReleaseScriptCaches (0ms)
			RebuildScriptCaches (26ms)
			SetupLoadedEditorAssemblies (362ms)
				LogAssemblyErrors (0ms)
				InitializePlatformSupportModulesInManaged (97ms)
				SetLoadedEditorAssemblies (7ms)
				RefreshPlugins (160ms)
				BeforeProcessingInitializeOnLoad (1ms)
				ProcessInitializeOnLoadAttributes (69ms)
				ProcessInitializeOnLoadMethodAttributes (28ms)
				AfterProcessingInitializeOnLoad (0ms)
				EditorAssembliesLoaded (0ms)
			ExecutionOrderSort2 (0ms)
			AwakeInstancesAfterBackupRestoration (0ms)
Platform modules already initialized, skipping
Registering precompiled user dll's ...
Registered in 0.006417 seconds.
Unable to list connected devices. 
rosetta error: Attachment of code signature supplement failed: 1 
 /var/db/oah/7dd20abbc0f4eef66176976a1757c1346ebae690e6ef43fd40842e686bf971f7/54c51c97e8818f3f78558928e826bdd528f19b584c586bfb43403663eef5bdd7/adb.aot

UnityEditor.Android.CommandInvokationFailure: Unable to list connected devices. 
/Applications/Unity/Hub/Editor/2022.1.22f1/PlaybackEngines/AndroidPlayer/SDK/platform-tools/adb devices

stderr[
rosetta error: Attachment of code signature supplement failed: 1 
 /var/db/oah/7dd20abbc0f4eef66176976a1757c1346ebae690e6ef43fd40842e686bf971f7/54c51c97e8818f3f78558928e826bdd528f19b584c586bfb43403663eef5bdd7/adb.aot
]
stdout[

]
exit code: 134
  at UnityEditor.Android.Command.WaitForProgramToRun (UnityEditor.Utils.Program p, UnityEditor.Android.Command+WaitingForProcessToExit waitingForProcessToExit, System.String errorMsg) [0x00033] in <6162151c9ea2435da0e0af8ed61b48cb>:0 
  at UnityEditor.Android.Command.Run (System.Diagnostics.ProcessStartInfo psi, UnityEditor.Android.Command+WaitingForProcessToExit waitingForProcessToExit, System.String errorMsg) [0x0002d] in <6162151c9ea2435da0e0af8ed61b48cb>:0 
  at UnityEditor.Android.Command.Run (System.String command, System.String args, System.String workingdir, UnityEditor.Android.Command+WaitingForProcessToExit waitingForProcessToExit, System.String errorMsg) [0x0000a] in <6162151c9ea2435da0e0af8ed61b48cb>:0 
  at UnityEditor.Android.ADB.RunInternal (System.String[] command, UnityEditor.Android.Command+WaitingForProcessToExit waitingForProcessToExit, System.String errorMsg) [0x0001e] in <6162151c9ea2435da0e0af8ed61b48cb>:0 
  at UnityEditor.Android.ADB.Run (System.String[] command, UnityEditor.Android.Command+WaitingForProcessToExit waitingForProcessToExit, System.String errorMsg) [0x00013] in <6162151c9ea2435da0e0af8ed61b48cb>:0 
  at UnityEditor.Android.AndroidDeploymentTargetsExtension.GetKnownTargets (UnityEditor.DeploymentTargets.IDeploymentTargetsMainThreadContext context, UnityEditor.ProgressHandler progressHandler) [0x0013b] in <6162151c9ea2435da0e0af8ed61b48cb>:0 
UnityEngine.StackTraceUtility:ExtractStackTrace () (at /Users/bokken/build/output/unity/unity/Runtime/Export/Scripting/StackTrace.cs:37)
UnityEngine.DebugLogHandler:LogFormat (UnityEngine.LogType,UnityEngine.Object,string,object[])
UnityEngine.Logger:Log (UnityEngine.LogType,object)
UnityEngine.Debug:LogWarning (object)
UnityEditor.Android.AndroidDeploymentTargetsExtension:GetKnownTargets (UnityEditor.DeploymentTargets.IDeploymentTargetsMainThreadContext,UnityEditor.ProgressHandler)
UnityEditor.Android.TargetScanWorker:DoScan (UnityEditor.DeploymentTargets.IDeploymentTargetsExtension,UnityEditor.DeploymentTargets.IDeploymentTargetsMainThreadContext,System.Threading.CancellationToken)
UnityEditor.Android.TargetScanWorker/<>c__DisplayClass8_0:<Scan>b__0 ()
System.Threading.Tasks.Task:InnerInvoke ()
System.Threading.Tasks.Task:Execute ()
System.Threading.Tasks.Task:ExecutionContextCallback (object)
System.Threading.ExecutionContext:RunInternal (System.Threading.ExecutionContext,System.Threading.ContextCallback,object,bool)
System.Threading.ExecutionContext:Run (System.Threading.ExecutionContext,System.Threading.ContextCallback,object,bool)
System.Threading.Tasks.Task:ExecuteWithThreadLocal (System.Threading.Tasks.Task&)
System.Threading.Tasks.Task:ExecuteEntry (bool)
System.Threading.Tasks.Task:System.Threading.IThreadPoolWorkItem.ExecuteWorkItem ()
System.Threading.ThreadPoolWorkQueue:Dispatch ()
System.Threading._ThreadPoolWaitCallback:PerformWaitCallback ()

Unable to list connected devices. 
rosetta error: Attachment of code signature supplement failed: 1 
 /var/db/oah/7dd20abbc0f4eef66176976a1757c1346ebae690e6ef43fd40842e686bf971f7/54c51c97e8818f3f78558928e826bdd528f19b584c586bfb43403663eef5bdd7/adb.aot

UnityEditor.Android.CommandInvokationFailure: Unable to list connected devices. 
/Applications/Unity/Hub/Editor/2022.1.22f1/PlaybackEngines/AndroidPlayer/SDK/platform-tools/adb devices

stderr[
rosetta error: Attachment of code signature supplement failed: 1 
 /var/db/oah/7dd20abbc0f4eef66176976a1757c1346ebae690e6ef43fd40842e686bf971f7/54c51c97e8818f3f78558928e826bdd528f19b584c586bfb43403663eef5bdd7/adb.aot
]
stdout[

]
exit code: 134
  at UnityEditor.Android.Command.WaitForProgramToRun (UnityEditor.Utils.Program p, UnityEditor.Android.Command+WaitingForProcessToExit waitingForProcessToExit, System.String errorMsg) [0x00033] in <6162151c9ea2435da0e0af8ed61b48cb>:0 
  at UnityEditor.Android.Command.Run (System.Diagnostics.ProcessStartInfo psi, UnityEditor.Android.Command+WaitingForProcessToExit waitingForProcessToExit, System.String errorMsg) [0x0002d] in <6162151c9ea2435da0e0af8ed61b48cb>:0 
  at UnityEditor.Android.Command.Run (System.String command, System.String args, System.String workingdir, UnityEditor.Android.Command+WaitingForProcessToExit waitingForProcessToExit, System.String errorMsg) [0x0000a] in <6162151c9ea2435da0e0af8ed61b48cb>:0 
  at UnityEditor.Android.ADB.RunInternal (System.String[] command, UnityEditor.Android.Command+WaitingForProcessToExit waitingForProcessToExit, System.String errorMsg) [0x0001e] in <6162151c9ea2435da0e0af8ed61b48cb>:0 
  at UnityEditor.Android.ADB.Run (System.String[] command, UnityEditor.Android.Command+WaitingForProcessToExit waitingForProcessToExit, System.String errorMsg) [0x00013] in <6162151c9ea2435da0e0af8ed61b48cb>:0 
  at UnityEditor.Android.AndroidDeploymentTargetsExtension.GetKnownTargets (UnityEditor.DeploymentTargets.IDeploymentTargetsMainThreadContext context, UnityEditor.ProgressHandler progressHandler) [0x0013b] in <6162151c9ea2435da0e0af8ed61b48cb>:0 
UnityEngine.StackTraceUtility:ExtractStackTrace () (at /Users/bokken/build/output/unity/unity/Runtime/Export/Scripting/StackTrace.cs:37)
UnityEngine.DebugLogHandler:LogFormat (UnityEngine.LogType,UnityEngine.Object,string,object[])
UnityEngine.Logger:Log (UnityEngine.LogType,object)
UnityEngine.Debug:LogWarning (object)
UnityEditor.Android.AndroidDeploymentTargetsExtension:GetKnownTargets (UnityEditor.DeploymentTargets.IDeploymentTargetsMainThreadContext,UnityEditor.ProgressHandler)
UnityEditor.Android.TargetScanWorker:DoScan (UnityEditor.DeploymentTargets.IDeploymentTargetsExtension,UnityEditor.DeploymentTargets.IDeploymentTargetsMainThreadContext,System.Threading.CancellationToken)
UnityEditor.Android.TargetScanWorker/<>c__DisplayClass8_0:<Scan>b__0 ()
System.Threading.Tasks.Task:InnerInvoke ()
System.Threading.Tasks.Task:Execute ()
System.Threading.Tasks.Task:ExecutionContextCallback (object)
System.Threading.ExecutionContext:RunInternal (System.Threading.ExecutionContext,System.Threading.ContextCallback,object,bool)
System.Threading.ExecutionContext:Run (System.Threading.ExecutionContext,System.Threading.ContextCallback,object,bool)
System.Threading.Tasks.Task:ExecuteWithThreadLocal (System.Threading.Tasks.Task&)
System.Threading.Tasks.Task:ExecuteEntry (bool)
System.Threading.Tasks.Task:System.Threading.IThreadPoolWorkItem.ExecuteWorkItem ()
System.Threading.ThreadPoolWorkQueue:Dispatch ()
System.Threading._ThreadPoolWaitCallback:PerformWaitCallback ()

Unable to list connected devices. 
rosetta error: Attachment of code signature supplement failed: 1 
 /var/db/oah/7dd20abbc0f4eef66176976a1757c1346ebae690e6ef43fd40842e686bf971f7/54c51c97e8818f3f78558928e826bdd528f19b584c586bfb43403663eef5bdd7/adb.aot

UnityEditor.Android.CommandInvokationFailure: Unable to list connected devices. 
/Applications/Unity/Hub/Editor/2022.1.22f1/PlaybackEngines/AndroidPlayer/SDK/platform-tools/adb devices

stderr[
rosetta error: Attachment of code signature supplement failed: 1 
 /var/db/oah/7dd20abbc0f4eef66176976a1757c1346ebae690e6ef43fd40842e686bf971f7/54c51c97e8818f3f78558928e826bdd528f19b584c586bfb43403663eef5bdd7/adb.aot
]
stdout[

]
exit code: 134
  at UnityEditor.Android.Command.WaitForProgramToRun (UnityEditor.Utils.Program p, UnityEditor.Android.Command+WaitingForProcessToExit waitingForProcessToExit, System.String errorMsg) [0x00033] in <6162151c9ea2435da0e0af8ed61b48cb>:0 
  at UnityEditor.Android.Command.Run (System.Diagnostics.ProcessStartInfo psi, UnityEditor.Android.Command+WaitingForProcessToExit waitingForProcessToExit, System.String errorMsg) [0x0002d] in <6162151c9ea2435da0e0af8ed61b48cb>:0 
  at UnityEditor.Android.Command.Run (System.String command, System.String args, System.String workingdir, UnityEditor.Android.Command+WaitingForProcessToExit waitingForProcessToExit, System.String errorMsg) [0x0000a] in <6162151c9ea2435da0e0af8ed61b48cb>:0 
  at UnityEditor.Android.ADB.RunInternal (System.String[] command, UnityEditor.Android.Command+WaitingForProcessToExit waitingForProcessToExit, System.String errorMsg) [0x0001e] in <6162151c9ea2435da0e0af8ed61b48cb>:0 
  at UnityEditor.Android.ADB.Run (System.String[] command, UnityEditor.Android.Command+WaitingForProcessToExit waitingForProcessToExit, System.String errorMsg) [0x00013] in <6162151c9ea2435da0e0af8ed61b48cb>:0 
  at UnityEditor.Android.AndroidDeploymentTargetsExtension.GetKnownTargets (UnityEditor.DeploymentTargets.IDeploymentTargetsMainThreadContext context, UnityEditor.ProgressHandler progressHandler) [0x0013b] in <6162151c9ea2435da0e0af8ed61b48cb>:0 
UnityEngine.StackTraceUtility:ExtractStackTrace () (at /Users/bokken/build/output/unity/unity/Runtime/Export/Scripting/StackTrace.cs:37)
UnityEngine.DebugLogHandler:LogFormat (UnityEngine.LogType,UnityEngine.Object,string,object[])
UnityEngine.Logger:Log (UnityEngine.LogType,object)
UnityEngine.Debug:LogWarning (object)
UnityEditor.Android.AndroidDeploymentTargetsExtension:GetKnownTargets (UnityEditor.DeploymentTargets.IDeploymentTargetsMainThreadContext,UnityEditor.ProgressHandler)
UnityEditor.Android.TargetScanWorker:DoScan (UnityEditor.DeploymentTargets.IDeploymentTargetsExtension,UnityEditor.DeploymentTargets.IDeploymentTargetsMainThreadContext,System.Threading.CancellationToken)
UnityEditor.Android.TargetScanWorker/<>c__DisplayClass8_0:<Scan>b__0 ()
System.Threading.Tasks.Task:InnerInvoke ()
System.Threading.Tasks.Task:Execute ()
System.Threading.Tasks.Task:ExecutionContextCallback (object)
System.Threading.ExecutionContext:RunInternal (System.Threading.ExecutionContext,System.Threading.ContextCallback,object,bool)
System.Threading.ExecutionContext:Run (System.Threading.ExecutionContext,System.Threading.ContextCallback,object,bool)
System.Threading.Tasks.Task:ExecuteWithThreadLocal (System.Threading.Tasks.Task&)
System.Threading.Tasks.Task:ExecuteEntry (bool)
System.Threading.Tasks.Task:System.Threading.IThreadPoolWorkItem.ExecuteWorkItem ()
System.Threading.ThreadPoolWorkQueue:Dispatch ()
System.Threading._ThreadPoolWaitCallback:PerformWaitCallback ()

Unable to list connected devices. 
rosetta error: Attachment of code signature supplement failed: 1 
 /var/db/oah/7dd20abbc0f4eef66176976a1757c1346ebae690e6ef43fd40842e686bf971f7/54c51c97e8818f3f78558928e826bdd528f19b584c586bfb43403663eef5bdd7/adb.aot

UnityEditor.Android.CommandInvokationFailure: Unable to list connected devices. 
/Applications/Unity/Hub/Editor/2022.1.22f1/PlaybackEngines/AndroidPlayer/SDK/platform-tools/adb devices

stderr[
rosetta error: Attachment of code signature supplement failed: 1 
 /var/db/oah/7dd20abbc0f4eef66176976a1757c1346ebae690e6ef43fd40842e686bf971f7/54c51c97e8818f3f78558928e826bdd528f19b584c586bfb43403663eef5bdd7/adb.aot
]
stdout[

]
exit code: 134
  at UnityEditor.Android.Command.WaitForProgramToRun (UnityEditor.Utils.Program p, UnityEditor.Android.Command+WaitingForProcessToExit waitingForProcessToExit, System.String errorMsg) [0x00033] in <6162151c9ea2435da0e0af8ed61b48cb>:0 
  at UnityEditor.Android.Command.Run (System.Diagnostics.ProcessStartInfo psi, UnityEditor.Android.Command+WaitingForProcessToExit waitingForProcessToExit, System.String errorMsg) [0x0002d] in <6162151c9ea2435da0e0af8ed61b48cb>:0 
  at UnityEditor.Android.Command.Run (System.String command, System.String args, System.String workingdir, UnityEditor.Android.Command+WaitingForProcessToExit waitingForProcessToExit, System.String errorMsg) [0x0000a] in <6162151c9ea2435da0e0af8ed61b48cb>:0 
  at UnityEditor.Android.ADB.RunInternal (System.String[] command, UnityEditor.Android.Command+WaitingForProcessToExit waitingForProcessToExit, System.String errorMsg) [0x0001e] in <6162151c9ea2435da0e0af8ed61b48cb>:0 
  at UnityEditor.Android.ADB.Run (System.String[] command, UnityEditor.Android.Command+WaitingForProcessToExit waitingForProcessToExit, System.String errorMsg) [0x00013] in <6162151c9ea2435da0e0af8ed61b48cb>:0 
  at UnityEditor.Android.AndroidDeploymentTargetsExtension.GetKnownTargets (UnityEditor.DeploymentTargets.IDeploymentTargetsMainThreadContext context, UnityEditor.ProgressHandler progressHandler) [0x0013b] in <6162151c9ea2435da0e0af8ed61b48cb>:0 
UnityEngine.StackTraceUtility:ExtractStackTrace () (at /Users/bokken/build/output/unity/unity/Runtime/Export/Scripting/StackTrace.cs:37)
UnityEngine.DebugLogHandler:LogFormat (UnityEngine.LogType,UnityEngine.Object,string,object[])
UnityEngine.Logger:Log (UnityEngine.LogType,object)
UnityEngine.Debug:LogWarning (object)
UnityEditor.Android.AndroidDeploymentTargetsExtension:GetKnownTargets (UnityEditor.DeploymentTargets.IDeploymentTargetsMainThreadContext,UnityEditor.ProgressHandler)
UnityEditor.Android.TargetScanWorker:DoScan (UnityEditor.DeploymentTargets.IDeploymentTargetsExtension,UnityEditor.DeploymentTargets.IDeploymentTargetsMainThreadContext,System.Threading.CancellationToken)
UnityEditor.Android.TargetScanWorker/<>c__DisplayClass8_0:<Scan>b__0 ()
System.Threading.Tasks.Task:InnerInvoke ()
System.Threading.Tasks.Task:Execute ()
System.Threading.Tasks.Task:ExecutionContextCallback (object)
System.Threading.ExecutionContext:RunInternal (System.Threading.ExecutionContext,System.Threading.ContextCallback,object,bool)
System.Threading.ExecutionContext:Run (System.Threading.ExecutionContext,System.Threading.ContextCallback,object,bool)
System.Threading.Tasks.Task:ExecuteWithThreadLocal (System.Threading.Tasks.Task&)
System.Threading.Tasks.Task:ExecuteEntry (bool)
System.Threading.Tasks.Task:System.Threading.IThreadPoolWorkItem.ExecuteWorkItem ()
System.Threading.ThreadPoolWorkQueue:Dispatch ()
System.Threading._ThreadPoolWaitCallback:PerformWaitCallback ()

Begin MonoManager ReloadAssembly
Symbol file LoadedFromMemory doesn't match image /Users/vivian/Documents/GitHub/smudge-vr-2/Library/PackageCache/com.unity.visualscripting@1.7.8/Editor/VisualScripting.Core/Dependencies/DotNetZip/Unity.VisualScripting.IonicZip.dll
Symbol file LoadedFromMemory doesn't match image /Users/vivian/Documents/GitHub/smudge-vr-2/Library/PackageCache/com.unity.visualscripting@1.7.8/Editor/VisualScripting.Core/Dependencies/YamlDotNet/Unity.VisualScripting.YamlDotNet.dll
Native extension for iOS target not found
Native extension for Android target not found
Native extension for OSXStandalone target not found
Refreshing native plugins compatible for Editor in 147.67 ms, found 5 plugins.
Preloading 1 native plugins for Editor in 0.38 ms.
Package Manager log level set to [2]
[Package Manager] Server::EnsureServerProcessIsRunning -- launch failed, reason: Unity was launched with the -noUpm command-line argument
[Package Manager] UpmClient::Send -- Unable to send message (not connected to UPM process).
[Package Manager] Cannot connect to Unity Package Manager local server
[Package Manager] Server::EnsureServerProcessIsRunning -- launch failed, reason: Unity was launched with the -noUpm command-line argument
[Package Manager] UpmClient::Send -- Unable to send message (not connected to UPM process).
[Package Manager] Cannot connect to Unity Package Manager local server
Mono: successfully reloaded assembly
[Package Manager] Server::EnsureServerProcessIsRunning -- launch failed, reason: Unity was launched with the -noUpm command-line argument
[Package Manager] UpmClient::Send -- Unable to send message (not connected to UPM process).
[Package Manager] Cannot connect to Unity Package Manager local server
[Package Manager] Server::EnsureServerProcessIsRunning -- launch failed, reason: Unity was launched with the -noUpm command-line argument
[Package Manager] UpmClient::Send -- Unable to send message (not connected to UPM process).
[Package Manager] Cannot connect to Unity Package Manager local server
- Completed reload, in  1.543 seconds
Domain Reload Profiling:
	ReloadAssembly (1543ms)
		BeginReloadAssembly (168ms)
			ExecutionOrderSort (0ms)
			DisableScriptedObjects (3ms)
			BackupInstance (0ms)
			ReleaseScriptingObjects (0ms)
			CreateAndSetChildDomain (120ms)
		EndReloadAssembly (1295ms)
			LoadAssemblies (110ms)
			RebuildTransferFunctionScriptingTraits (0ms)
			SetupTypeCache (292ms)
				TypeCache.Initialize (276ms)
					TypeCache.ScanAssembly (272ms)
				ResolveRequiredComponents (17ms)
			ReleaseScriptCaches (7ms)
			RebuildScriptCaches (87ms)
			SetupLoadedEditorAssemblies (663ms)
				LogAssemblyErrors (0ms)
				InitializePlatformSupportModulesInManaged (14ms)
				SetLoadedEditorAssemblies (6ms)
				RefreshPlugins (148ms)
				BeforeProcessingInitializeOnLoad (102ms)
				ProcessInitializeOnLoadAttributes (330ms)
				ProcessInitializeOnLoadMethodAttributes (62ms)
				AfterProcessingInitializeOnLoad (1ms)
				EditorAssembliesLoaded (0ms)
			ExecutionOrderSort2 (0ms)
			AwakeInstancesAfterBackupRestoration (2ms)
Platform modules already initialized, skipping
========================================================================
Worker process is ready to serve import requests
Shader 'Oculus/OVRMRCameraFrameLit': fallback shader 'Alpha-Diffuse' not found
Launching external process: /Applications/Unity/Hub/Editor/2022.1.22f1/Unity.app/Contents/Tools/UnityShaderCompiler
Launched and connected shader compiler UnityShaderCompiler after 0.05 seconds
Refreshing native plugins compatible for Editor in 1.22 ms, found 5 plugins.
Preloading 1 native plugins for Editor in 0.44 ms.
Unloading 7824 Unused Serialized files (Serialized files now loaded: 0)
Unloading 120 unused Assets / (4.4 MB). Loaded Objects now: 8258.
Memory consumption went from 1.20 GB to 1.19 GB.
Total: 4.179125 ms (FindLiveObjects: 0.306166 ms CreateObjectMapping: 0.108125 ms MarkObjects: 3.118458 ms  DeleteObjects: 0.645542 ms)

AssetImportParameters requested are different than current active one (requested -> active):
  custom:video-decoder-ogg-theora: a1e56fd34408186e4bbccfd4996cb3dc -> 
  custom:container-muxer-webm: aa71ff27fc2769a1b78a27578f13a17b -> 
  custom:container-demuxer-webm: 4f35f7cbe854078d1ac9338744f61a02 -> 
  custom:video-encoder-webm-vp8: eb34c28f22e8b96e1ab97ce403110664 -> 
  custom:framework-osx-AVFoundation: e770b220cccbd017edd2c1fefb359320 -> 
  custom:audio-encoder-webm-vorbis: bf7c407c2cedff20999df2af8eb42d56 -> 
  custom:container-demuxer-ogg: 62fdf1f143b41e24485cea50d1cbac27 -> 
  custom:video-decoder-webm-vp8: 9c59270c3fd7afecdb556c50c9e8de78 -> 
  custom:audio-decoder-ogg-vorbis: bf7c407c2cedff20999df2af8eb42d56 -> 
========================================================================
Received Import Request.
  Time since last request: 3163625.742933 seconds.
  path: Assets/Materials/Cedar.mat
  artifactKey: Guid(79ebc01f4bcf94f74afb0cd6c48fe263) Importer(815301076,1909f56bfc062723c751e8b465ee728b)
Start importing Assets/Materials/Cedar.mat using Guid(79ebc01f4bcf94f74afb0cd6c48fe263) Importer(815301076,1909f56bfc062723c751e8b465ee728b)  -> (artifact id: '0a8cad7631d2e2cb570e2d7af103a953') in 0.184446 seconds 
========================================================================
Received Import Request.
  Time since last request: 100.843610 seconds.
  path: Assets/Models/Cedar.fbx
  artifactKey: Guid(bc51d244e8094470c8fc57e68ee613a7) Importer(815301076,1909f56bfc062723c751e8b465ee728b)
Start importing Assets/Models/Cedar.fbx using Guid(bc51d244e8094470c8fc57e68ee613a7) Importer(815301076,1909f56bfc062723c751e8b465ee728b)  -> (artifact id: '94338fd2ea7eef7009579f3acf05b4be') in 0.227829 seconds 
========================================================================
Received Import Request.
  Time since last request: 1.761987 seconds.
  path: Assets/Models/vegetables
  artifactKey: Guid(c9327e11e5ff0f5468989f7ddc99d3c5) Importer(815301076,1909f56bfc062723c751e8b465ee728b)
Start importing Assets/Models/vegetables using Guid(c9327e11e5ff0f5468989f7ddc99d3c5) Importer(815301076,1909f56bfc062723c751e8b465ee728b)  -> (artifact id: '2e3547a107190a8911fd480b3d9ce208') in 0.001077 seconds 
========================================================================
Received Import Request.
  Time since last request: 1.592952 seconds.
  path: Assets/Models/vegetables/Ambient-Occlusion
  artifactKey: Guid(00fc93eef1df61346b0618058a418189) Importer(815301076,1909f56bfc062723c751e8b465ee728b)
Start importing Assets/Models/vegetables/Ambient-Occlusion using Guid(00fc93eef1df61346b0618058a418189) Importer(815301076,1909f56bfc062723c751e8b465ee728b)  -> (artifact id: 'd35af8770cc73f91d4488efdc46a2bcb') in 0.000679 seconds 
========================================================================
Received Import Request.
  Time since last request: 0.052393 seconds.
  path: Assets/Models/vegetables/Ambient-Occlusion/Aubergine2_lod0.fbx
  artifactKey: Guid(1cdb94c52f97bd94c99a9ae975269ce2) Importer(815301076,1909f56bfc062723c751e8b465ee728b)
Start importing Assets/Models/vegetables/Ambient-Occlusion/Aubergine2_lod0.fbx using Guid(1cdb94c52f97bd94c99a9ae975269ce2) Importer(815301076,1909f56bfc062723c751e8b465ee728b)  -> (artifact id: 'f2fcc9ded3310a9ad7fc605e518bbda0') in 0.022514 seconds 
========================================================================
Received Import Request.
  Time since last request: 0.000069 seconds.
  path: Assets/Models/vegetables/Ambient-Occlusion/corn_fruit_lod0.fbx
  artifactKey: Guid(17899f5eb55dbab4d9d816a490983b4a) Importer(815301076,1909f56bfc062723c751e8b465ee728b)
Start importing Assets/Models/vegetables/Ambient-Occlusion/corn_fruit_lod0.fbx using Guid(17899f5eb55dbab4d9d816a490983b4a) Importer(815301076,1909f56bfc062723c751e8b465ee728b)  -> (artifact id: '398a0cb42170fece29afc21e69e68b29') in 0.012445 seconds 
========================================================================
Received Import Request.
  Time since last request: 0.000092 seconds.
  path: Assets/Models/vegetables/Ambient-Occlusion/carrot.fbx
  artifactKey: Guid(910612d856e12cc429111d06195a6d46) Importer(815301076,1909f56bfc062723c751e8b465ee728b)
Start importing Assets/Models/vegetables/Ambient-Occlusion/carrot.fbx using Guid(910612d856e12cc429111d06195a6d46) Importer(815301076,1909f56bfc062723c751e8b465ee728b)  -> (artifact id: '3d1c0853330414c0c3ed024259acba8a') in 0.012272 seconds 
========================================================================
Received Import Request.
  Time since last request: 0.000062 seconds.
  path: Assets/Models/vegetables/Ambient-Occlusion/Leek_lod1.fbx
  artifactKey: Guid(8cc71e2801d2e7b44b97059c533b1e98) Importer(815301076,1909f56bfc062723c751e8b465ee728b)
Start importing Assets/Models/vegetables/Ambient-Occlusion/Leek_lod1.fbx using Guid(8cc71e2801d2e7b44b97059c533b1e98) Importer(815301076,1909f56bfc062723c751e8b465ee728b)  -> (artifact id: 'cf48adcd82c90ec1f768653ab6a6160a') in 0.011630 seconds 
========================================================================
Received Import Request.
  Time since last request: 0.000039 seconds.
  path: Assets/Models/vegetables/Ambient-Occlusion/Leek_lod0_High.fbx
  artifactKey: Guid(4756c23ab23260e4fa2138639ea2bec6) Importer(815301076,1909f56bfc062723c751e8b465ee728b)
Start importing Assets/Models/vegetables/Ambient-Occlusion/Leek_lod0_High.fbx using Guid(4756c23ab23260e4fa2138639ea2bec6) Importer(815301076,1909f56bfc062723c751e8b465ee728b)  -> (artifact id: '5a87ffb961868c0aa4d507163e6bb956') in 0.011121 seconds 
========================================================================
Received Import Request.
  Time since last request: 0.000053 seconds.
  path: Assets/Models/vegetables/Ambient-Occlusion/lettuce_lod0.fbx
  artifactKey: Guid(e9194c0d9287af04388d612124124db7) Importer(815301076,1909f56bfc062723c751e8b465ee728b)
Start importing Assets/Models/vegetables/Ambient-Occlusion/lettuce_lod0.fbx using Guid(e9194c0d9287af04388d612124124db7) Importer(815301076,1909f56bfc062723c751e8b465ee728b)  -> (artifact id: '6df68f53b8110467b6c4a6c401a188a1') in 0.011815 seconds 
========================================================================
Received Import Request.
  Time since last request: 0.001121 seconds.
  path: Assets/Models/vegetables/Ambient-Occlusion/Aubergine_lod2.fbx
  artifactKey: Guid(cc76ea83b08f0934a9231f62a1546a06) Importer(815301076,1909f56bfc062723c751e8b465ee728b)
Start importing Assets/Models/vegetables/Ambient-Occlusion/Aubergine_lod2.fbx using Guid(cc76ea83b08f0934a9231f62a1546a06) Importer(815301076,1909f56bfc062723c751e8b465ee728b)  -> (artifact id: '85c31dbc568e4d64048080c6776f651e') in 0.013442 seconds 
========================================================================
Received Import Request.
  Time since last request: 0.000064 seconds.
  path: Assets/Models/vegetables/Ambient-Occlusion/ChiliLg_lod0_High.fbx
  artifactKey: Guid(aee5d8b721f203a4e9ecbec6b9f30c64) Importer(815301076,1909f56bfc062723c751e8b465ee728b)
Start importing Assets/Models/vegetables/Ambient-Occlusion/ChiliLg_lod0_High.fbx using Guid(aee5d8b721f203a4e9ecbec6b9f30c64) Importer(815301076,1909f56bfc062723c751e8b465ee728b)  -> (artifact id: 'c464828d050ac2364512cc264d26a134') in 0.014284 seconds 
========================================================================
Received Import Request.
  Time since last request: 0.000059 seconds.
  path: Assets/Models/vegetables/Ambient-Occlusion/Aubergine_lod0_High.fbx
  artifactKey: Guid(0f42357a966d1ae42a67faff9012a6c8) Importer(815301076,1909f56bfc062723c751e8b465ee728b)
Start importing Assets/Models/vegetables/Ambient-Occlusion/Aubergine_lod0_High.fbx using Guid(0f42357a966d1ae42a67faff9012a6c8) Importer(815301076,1909f56bfc062723c751e8b465ee728b)  -> (artifact id: '5523f2941fbcb4515667dc3e83f2f43c') in 0.017044 seconds 
========================================================================
Received Import Request.
  Time since last request: 0.000058 seconds.
  path: Assets/Models/vegetables/Ambient-Occlusion/Lettuce3_lod2.fbx
  artifactKey: Guid(836f169e29016c044855499ab8ce653f) Importer(815301076,1909f56bfc062723c751e8b465ee728b)
Start importing Assets/Models/vegetables/Ambient-Occlusion/Lettuce3_lod2.fbx using Guid(836f169e29016c044855499ab8ce653f) Importer(815301076,1909f56bfc062723c751e8b465ee728b)  -> (artifact id: '100365d74e2bd49b3fe8224d072277e2') in 0.011448 seconds 
========================================================================
Received Import Request.
  Time since last request: 0.000071 seconds.
  path: Assets/Models/vegetables/Ambient-Occlusion/chillismall_lod1.fbx
  artifactKey: Guid(461e82d78471bd841a613035fc3b581e) Importer(815301076,1909f56bfc062723c751e8b465ee728b)
Start importing Assets/Models/vegetables/Ambient-Occlusion/chillismall_lod1.fbx using Guid(461e82d78471bd841a613035fc3b581e) Importer(815301076,1909f56bfc062723c751e8b465ee728b)  -> (artifact id: '6a397cc766b9d296902c94c66c8ec354') in 0.011740 seconds 
========================================================================
Received Import Request.
  Time since last request: 0.000056 seconds.
  path: Assets/Models/vegetables/Ambient-Occlusion/cucumberfruit_lod0.fbx
  artifactKey: Guid(88bee82eefd284347afdfdc6e2557b86) Importer(815301076,1909f56bfc062723c751e8b465ee728b)
Start importing Assets/Models/vegetables/Ambient-Occlusion/cucumberfruit_lod0.fbx using Guid(88bee82eefd284347afdfdc6e2557b86) Importer(815301076,1909f56bfc062723c751e8b465ee728b)  -> (artifact id: '588ef1659b5ec33f90b1d299d277aa12') in 0.010627 seconds 
========================================================================
Received Import Request.
  Time since last request: 0.000063 seconds.
  path: Assets/Models/vegetables/Ambient-Occlusion/aubergine_fruit_lod0.l.fbx
  artifactKey: Guid(ec0e1f64eebce154490793fd9a3a3c1b) Importer(815301076,1909f56bfc062723c751e8b465ee728b)
Start importing Assets/Models/vegetables/Ambient-Occlusion/aubergine_fruit_lod0.l.fbx using Guid(ec0e1f64eebce154490793fd9a3a3c1b) Importer(815301076,1909f56bfc062723c751e8b465ee728b)  -> (artifact id: '2492f5ce9d341ff0f24cb1488398a52c') in 0.011955 seconds 
========================================================================
Received Import Request.
  Time since last request: 0.000059 seconds.
  path: Assets/Models/vegetables/Ambient-Occlusion/Lettuce2_lod1.fbx
  artifactKey: Guid(a209da4cd309d774688c33526b28d8cb) Importer(815301076,1909f56bfc062723c751e8b465ee728b)
Start importing Assets/Models/vegetables/Ambient-Occlusion/Lettuce2_lod1.fbx using Guid(a209da4cd309d774688c33526b28d8cb) Importer(815301076,1909f56bfc062723c751e8b465ee728b)  -> (artifact id: 'eaee3b4508c94626b41d5a052bd2e6be') in 0.010796 seconds 
========================================================================
Received Import Request.
  Time since last request: 0.000039 seconds.
  path: Assets/Models/vegetables/Ambient-Occlusion/Lettuce1_lod2.fbx
  artifactKey: Guid(7882eda0ffb5985458ee0bdc61a277d4) Importer(815301076,1909f56bfc062723c751e8b465ee728b)
Start importing Assets/Models/vegetables/Ambient-Occlusion/Lettuce1_lod2.fbx using Guid(7882eda0ffb5985458ee0bdc61a277d4) Importer(815301076,1909f56bfc062723c751e8b465ee728b)  -> (artifact id: '5f85ef0e3ccf2e7aa339ecaa18515153') in 0.010339 seconds 
========================================================================
Received Import Request.
  Time since last request: 0.000051 seconds.
  path: Assets/Models/vegetables/Ambient-Occlusion/ChilliLG_lod2.fbx
  artifactKey: Guid(c04b0b3f1402dff4d863a7a1f678a359) Importer(815301076,1909f56bfc062723c751e8b465ee728b)
Start importing Assets/Models/vegetables/Ambient-Occlusion/ChilliLG_lod2.fbx using Guid(c04b0b3f1402dff4d863a7a1f678a359) Importer(815301076,1909f56bfc062723c751e8b465ee728b)  -> (artifact id: '9e600189156d42c4183eed7c252ed59f') in 0.012401 seconds 
========================================================================
Received Import Request.
  Time since last request: 0.000045 seconds.
  path: Assets/Models/vegetables/Ambient-Occlusion/Leek_lod2.fbx
  artifactKey: Guid(c9e12863bf855b645acb2a923fec2110) Importer(815301076,1909f56bfc062723c751e8b465ee728b)
Start importing Assets/Models/vegetables/Ambient-Occlusion/Leek_lod2.fbx using Guid(c9e12863bf855b645acb2a923fec2110) Importer(815301076,1909f56bfc062723c751e8b465ee728b)  -> (artifact id: '13084f14ee2afb7c510f08bd9c979750') in 0.011069 seconds 
========================================================================
Received Import Request.
  Time since last request: 0.000061 seconds.
  path: Assets/Models/vegetables/Ambient-Occlusion/Carrots_lod1.fbx
  artifactKey: Guid(6d812201d87fef444b0ed8dfbc158cdc) Importer(815301076,1909f56bfc062723c751e8b465ee728b)
Start importing Assets/Models/vegetables/Ambient-Occlusion/Carrots_lod1.fbx using Guid(6d812201d87fef444b0ed8dfbc158cdc) Importer(815301076,1909f56bfc062723c751e8b465ee728b)  -> (artifact id: '5f8abaa22c45298312d8d1ad67e83d57') in 0.012833 seconds 
========================================================================
Received Import Request.
  Time since last request: 0.000048 seconds.
  path: Assets/Models/vegetables/Ambient-Occlusion/Corn_lod2.fbx
  artifactKey: Guid(5ea0f17a806dfa04c8f7218bbc491c6b) Importer(815301076,1909f56bfc062723c751e8b465ee728b)
Start importing Assets/Models/vegetables/Ambient-Occlusion/Corn_lod2.fbx using Guid(5ea0f17a806dfa04c8f7218bbc491c6b) Importer(815301076,1909f56bfc062723c751e8b465ee728b)  -> (artifact id: '70b77b80e6f456901eda98d18e1dfb16') in 0.015593 seconds 
========================================================================
Received Import Request.
  Time since last request: 0.000067 seconds.
  path: Assets/Models/vegetables/Ambient-Occlusion/Chillismall_lod0.fbx
  artifactKey: Guid(76692cfbce25a994884fdd01dbbef749) Importer(815301076,1909f56bfc062723c751e8b465ee728b)
Start importing Assets/Models/vegetables/Ambient-Occlusion/Chillismall_lod0.fbx using Guid(76692cfbce25a994884fdd01dbbef749) Importer(815301076,1909f56bfc062723c751e8b465ee728b)  -> (artifact id: '93a5858d81a24d5c699c24268159cdf2') in 0.012051 seconds 
========================================================================
Received Import Request.
  Time since last request: 0.000076 seconds.
  path: Assets/Models/vegetables/Ambient-Occlusion/Corn_lod1.fbx
  artifactKey: Guid(c9fd5afbf9ffbb945add453243ad8241) Importer(815301076,1909f56bfc062723c751e8b465ee728b)
Start importing Assets/Models/vegetables/Ambient-Occlusion/Corn_lod1.fbx using Guid(c9fd5afbf9ffbb945add453243ad8241) Importer(815301076,1909f56bfc062723c751e8b465ee728b)  -> (artifact id: 'bd8e76f3f0431584e6a5a48759397687') in 0.011387 seconds 
========================================================================
Received Import Request.
  Time since last request: 0.000051 seconds.
  path: Assets/Models/vegetables/Ambient-Occlusion/cucmber_lod0.fbx
  artifactKey: Guid(0382b20b210b6cf408aa8bcf217a1dbc) Importer(815301076,1909f56bfc062723c751e8b465ee728b)
Start importing Assets/Models/vegetables/Ambient-Occlusion/cucmber_lod0.fbx using Guid(0382b20b210b6cf408aa8bcf217a1dbc) Importer(815301076,1909f56bfc062723c751e8b465ee728b)  -> (artifact id: 'b0045abb4e36493c945b9c5adeff6586') in 0.017680 seconds 
========================================================================
Received Import Request.
  Time since last request: 0.000164 seconds.
  path: Assets/Models/vegetables/Ambient-Occlusion/ChiliLg_lod0.fbx
  artifactKey: Guid(6a595c103700fd44aa8741a17aa93960) Importer(815301076,1909f56bfc062723c751e8b465ee728b)
Start importing Assets/Models/vegetables/Ambient-Occlusion/ChiliLg_lod0.fbx using Guid(6a595c103700fd44aa8741a17aa93960) Importer(815301076,1909f56bfc062723c751e8b465ee728b)  -> (artifact id: '8fa1f43bd963c07478513e5daf19e373') in 0.018904 seconds 
========================================================================
Received Import Request.
  Time since last request: 0.000122 seconds.
  path: Assets/Models/vegetables/Ambient-Occlusion/Cucmber_lod2.fbx
  artifactKey: Guid(9caadf240ae5ab848aed987449392e4b) Importer(815301076,1909f56bfc062723c751e8b465ee728b)
Start importing Assets/Models/vegetables/Ambient-Occlusion/Cucmber_lod2.fbx using Guid(9caadf240ae5ab848aed987449392e4b) Importer(815301076,1909f56bfc062723c751e8b465ee728b)  -> (artifact id: '7a6b552752ea451c9a5efc0fc2eb22ad') in 0.017681 seconds 
========================================================================
Received Import Request.
  Time since last request: 0.000054 seconds.
  path: Assets/Models/vegetables/Ambient-Occlusion/Chilismall_lod2.fbx
  artifactKey: Guid(54c04ab1ad675644ea4bb184dd9cd8b8) Importer(815301076,1909f56bfc062723c751e8b465ee728b)
Start importing Assets/Models/vegetables/Ambient-Occlusion/Chilismall_lod2.fbx using Guid(54c04ab1ad675644ea4bb184dd9cd8b8) Importer(815301076,1909f56bfc062723c751e8b465ee728b)  -> (artifact id: '20183640f830705da4544a800bc9c8ac') in 0.021758 seconds 
========================================================================
Received Import Request.
  Time since last request: 0.000105 seconds.
  path: Assets/Models/vegetables/Ambient-Occlusion/Lettuce3_lod0.fbx
  artifactKey: Guid(7b12691ac3f362c44bebc1b8f0c25354) Importer(815301076,1909f56bfc062723c751e8b465ee728b)
Start importing Assets/Models/vegetables/Ambient-Occlusion/Lettuce3_lod0.fbx using Guid(7b12691ac3f362c44bebc1b8f0c25354) Importer(815301076,1909f56bfc062723c751e8b465ee728b)  -> (artifact id: 'c74ff2aff3cffa789d9cd629b3ea8840') in 0.017251 seconds 
========================================================================
Received Import Request.
  Time since last request: 0.000061 seconds.
  path: Assets/Models/vegetables/Ambient-Occlusion/corn_fruit_lod1.fbx
  artifactKey: Guid(755d9070cf399114d9922c81237e384e) Importer(815301076,1909f56bfc062723c751e8b465ee728b)
Start importing Assets/Models/vegetables/Ambient-Occlusion/corn_fruit_lod1.fbx using Guid(755d9070cf399114d9922c81237e384e) Importer(815301076,1909f56bfc062723c751e8b465ee728b)  -> (artifact id: 'f1fdf036879cd11e284134967fa5045d') in 0.014320 seconds 
========================================================================
Received Import Request.
  Time since last request: 0.000058 seconds.
  path: Assets/Models/vegetables/Ambient-Occlusion/Chillismall_lod0_High.fbx
  artifactKey: Guid(4fba103d04c7f5d418fccc9483e53b5f) Importer(815301076,1909f56bfc062723c751e8b465ee728b)
Start importing Assets/Models/vegetables/Ambient-Occlusion/Chillismall_lod0_High.fbx using Guid(4fba103d04c7f5d418fccc9483e53b5f) Importer(815301076,1909f56bfc062723c751e8b465ee728b)  -> (artifact id: '4b0a32c99b866982d6c8971c51668310') in 0.018399 seconds 
Editor requested this worker to shutdown with reason: Scaling down because of idle timeout
AssetImportWorker is now disconnected from the server
Process exiting
